1
1 45 72 95 
1 2 9 14 45 47 72 95 106 
1 2 3 4 5 6 7 9 10 11 12 13 14 15 16 17 19 20 22 23 24 26 28 30 31 32 34 36 37 38 40 41 44 45 46 47 48 50 52 53 54 55 57 58 61 64 65 66 67 68 69 70 71 72 73 74 76 78 80 81 82 84 85 86 87 88 89 90 91 93 94 95 96 98 99 101 102 104 106 108 110 111 112 113 114 115 
1 2 3 6 7 9 10 12 14 19 20 22 23 24 26 30 31 32 34 36 37 38 40 41 45 46 47 48 50 52 53 54 58 61 66 67 70 71 72 73 74 76 78 80 81 84 85 86 87 88 89 90 91 93 94 95 98 99 101 102 104 106 108 110 111 112 113 114 115 
1 45 
1 2 95 106 
1 2 6 9 14 20 34 38 45 47 48 53 70 72 89 94 95 106 112 113 
1 2 3 6 7 9 10 12 14 19 20 22 23 24 26 30 31 32 34 36 37 38 40 41 45 46 47 48 50 52 53 54 58 61 66 67 70 71 72 73 74 76 78 80 81 84 85 86 87 88 89 90 91 93 94 95 98 99 101 102 104 106 110 111 112 113 114 115 
45 47 72 
1 2 95 106 
1 2 3 4 5 6 7 9 10 11 12 13 14 15 16 17 19 20 21 22 23 24 26 28 30 31 32 33 34 36 37 38 40 41 44 45 46 47 48 49 50 52 53 54 55 56 57 58 61 63 64 65 66 67 68 69 70 71 72 73 74 76 78 79 80 81 82 84 85 86 87 88 89 90 91 93 94 95 96 98 99 101 102 103 104 106 108 110 111 112 113 114 115 
1 2 6 7 9 14 20 23 24 30 32 34 38 40 41 45 47 48 52 53 54 58 61 67 70 72 74 76 78 80 81 85 87 89 90 94 95 101 102 104 106 111 112 113 
1 2 6 7 9 14 20 23 24 30 32 34 38 40 41 45 46 47 48 53 54 61 67 70 72 74 76 78 80 81 85 87 89 90 91 93 94 95 101 102 104 106 111 112 113 
1 2 6 9 14 38 45 47 72 89 95 106 112 113 
1 9 14 38 45 47 53 72 89 95 106 112 113 
1 2 6 7 9 14 20 23 24 30 32 34 38 40 41 45 47 48 53 54 61 67 70 72 74 76 78 81 85 87 89 90 94 95 101 102 104 106 111 112 113 
2 6 9 
1 2 6 7 9 14 20 24 30 32 34 38 40 45 47 48 52 53 54 58 61 67 70 71 72 74 76 78 80 81 84 85 87 89 90 94 95 101 102 104 106 112 113 
1 2 6 7 9 12 14 20 23 24 26 30 31 32 34 38 40 41 45 46 47 48 53 54 61 67 70 72 76 78 86 87 89 90 91 93 94 95 101 102 104 106 111 112 113 
1 2 3 6 7 9 12 14 19 20 22 23 24 26 30 31 32 34 36 37 38 40 41 45 46 47 48 50 52 53 54 58 61 66 67 70 71 72 74 76 78 80 81 84 85 86 87 89 90 91 93 94 95 98 99 101 102 104 106 110 111 112 113 114 115 
1 2 6 7 9 14 20 24 30 32 34 38 45 47 48 50 52 53 54 58 61 67 70 71 72 74 76 78 80 81 84 85 86 87 89 94 95 101 102 104 106 112 113 
1 2 6 7 9 12 14 20 23 24 26 30 31 32 34 38 40 41 45 46 47 48 50 52 53 54 58 61 66 67 70 71 72 74 76 78 80 81 84 85 86 87 89 90 91 93 94 95 98 101 102 104 106 110 111 112 113 114 
1 2 3 4 5 6 7 9 10 11 12 13 14 15 16 17 19 20 22 23 24 26 28 30 31 32 34 36 37 38 40 41 44 45 46 47 48 50 52 53 54 55 57 58 61 64 65 66 67 69 70 71 72 73 74 76 78 80 81 82 84 85 86 87 88 89 90 91 93 94 95 96 98 99 101 102 104 106 108 110 111 112 113 114 115 
1 2 6 7 9 12 14 19 20 23 24 26 30 31 32 34 38 40 41 45 46 47 48 50 52 53 54 58 61 66 67 70 71 72 74 76 78 80 81 84 85 86 87 89 90 91 93 94 95 98 101 102 104 106 110 111 112 113 
1 2 3 6 7 9 10 12 14 15 19 20 22 23 24 26 30 31 32 34 36 37 38 40 41 45 46 47 48 50 52 53 54 57 58 61 66 67 70 71 72 74 76 78 80 81 84 85 86 87 89 90 91 93 94 95 98 99 101 102 104 106 108 110 111 112 113 114 115 
1 2 6 7 9 12 14 19 20 22 23 24 26 30 32 34 38 45 47 48 53 54 61 67 70 72 76 78 89 90 91 93 94 95 98 101 102 104 106 111 112 113 114 115 
1 2 3 6 7 9 10 12 14 15 19 20 22 23 24 30 31 32 34 37 38 40 41 45 46 47 48 50 52 53 54 58 61 66 67 70 71 72 73 74 76 78 80 81 84 85 86 87 88 89 90 91 93 94 95 96 98 99 101 102 104 106 108 110 111 112 113 114 115 
1 2 6 7 9 14 20 24 26 30 31 32 34 36 37 38 40 41 45 46 47 48 50 52 53 54 57 58 61 64 66 67 69 70 71 72 73 74 76 78 80 81 84 89 94 95 101 102 106 112 113 
1 2 3 6 7 9 10 12 13 14 15 19 20 22 23 24 26 30 31 32 34 36 37 38 40 45 47 48 53 54 61 67 70 72 76 78 85 86 87 88 89 90 91 93 94 95 96 98 99 101 102 104 106 108 110 111 112 113 114 115 
1 2 6 7 9 14 20 24 30 32 34 38 41 45 46 47 48 50 52 53 54 57 58 61 64 66 67 69 70 71 72 73 74 76 78 80 81 84 85 86 87 88 89 90 91 93 94 95 96 98 99 101 102 106 112 113 
1 2 6 7 9 14 20 32 34 38 45 47 48 53 54 67 70 72 76 89 94 95 101 106 112 113 
1 2 3 4 5 6 7 9 10 11 12 13 14 15 16 17 19 20 21 22 23 24 26 28 30 31 32 33 34 36 37 38 39 40 41 44 45 46 47 48 49 50 52 53 54 55 56 57 58 61 63 64 65 66 67 68 69 70 71 72 73 74 75 76 78 79 80 81 82 84 85 86 87 88 89 90 91 93 94 95 96 98 99 101 102 103 104 106 108 110 111 112 113 114 115 
14 34 38 45 47 53 72 
1 2 6 9 14 20 34 38 45 47 53 72 89 95 106 112 113 
1 2 3 4 5 6 7 9 10 11 12 13 14 15 16 17 19 20 21 22 23 24 26 28 30 31 32 34 36 37 38 40 41 44 45 46 47 48 49 50 52 53 54 55 57 58 61 64 65 66 67 68 69 70 71 72 73 74 76 78 80 81 82 84 85 86 87 88 89 90 91 93 94 95 96 98 99 101 102 104 106 108 110 111 112 113 114 115 
1 2 6 7 9 14 20 34 38 45 47 48 53 54 67 70 72 76 89 94 95 106 112 113 
1 2 3 6 7 9 10 12 13 14 15 19 20 22 23 24 26 28 30 31 32 34 36 37 38 40 41 44 45 46 47 48 50 52 53 54 57 58 61 64 65 67 70 72 76 78 89 94 95 101 102 104 106 108 110 111 112 113 114 115 
1 2 6 7 9 14 20 34 38 45 47 48 53 54 61 66 67 69 70 71 72 73 74 76 78 80 81 84 85 89 94 95 106 112 113 
1 2 6 7 9 14 20 34 38 45 47 48 53 72 89 95 106 112 113 
1 2 3 6 7 9 10 12 13 14 15 19 34 38 45 47 48 53 54 70 72 76 86 87 88 89 90 91 93 94 95 96 98 99 101 102 104 106 108 110 111 112 113 114 115 
1 2 3 4 5 6 7 9 10 11 12 13 14 15 16 19 20 22 23 24 26 28 30 31 32 34 36 37 38 40 41 44 45 46 47 48 50 52 53 54 57 58 61 64 65 66 67 69 70 71 72 73 74 76 78 80 81 82 84 85 86 87 88 89 90 91 93 94 95 96 98 99 101 102 104 106 108 110 111 112 113 114 115 
1 2 6 9 14 20 22 23 24 26 28 30 31 32 34 36 37 38 40 41 44 45 46 47 48 50 52 53 54 57 58 61 64 65 66 67 69 70 71 72 73 74 76 78 80 89 95 106 112 113 
1 2 3 6 7 9 10 12 13 14 15 19 20 22 23 24 26 28 30 31 32 34 36 37 38 40 41 44 45 46 47 48 50 52 53 54 81 84 85 86 87 88 89 90 91 93 94 95 96 98 99 101 102 104 106 108 110 111 112 113 114 115 
1 2 3 4 5 6 7 9 10 11 12 13 14 15 16 17 19 20 21 22 23 24 26 28 30 31 32 34 36 37 38 39 40 41 44 45 46 47 48 49 50 52 53 54 55 56 57 58 61 63 64 65 66 67 68 69 70 71 72 73 74 76 78 79 80 81 82 84 85 86 87 88 89 90 91 93 94 95 96 98 99 101 102 104 106 108 110 111 112 113 114 115 
57 58 61 64 65 66 67 69 70 71 72 73 74 76 78 80 81 84 85 86 87 88 89 90 91 93 94 95 96 98 99 101 102 104 106 108 
1 2 3 4 6 7 9 10 12 13 14 15 19 20 22 23 24 26 28 30 31 32 34 36 37 38 40 41 44 45 46 47 48 50 52 53 54 57 58 61 64 65 66 67 69 70 71 72 73 74 76 78 80 81 82 84 85 86 87 88 89 90 91 93 94 95 96 98 110 111 112 113 114 115 
1 2 3 4 6 7 9 10 11 12 13 14 15 19 20 21 22 23 24 26 28 30 31 32 34 36 37 38 40 41 44 45 46 47 48 50 52 53 54 55 57 58 61 63 64 65 66 67 68 69 70 71 72 73 74 75 76 78 79 80 81 82 84 85 86 87 88 89 90 91 93 94 95 96 98 99 101 102 103 104 105 106 108 110 111 112 113 114 115 
1 2 3 4 6 7 9 10 12 13 14 15 19 20 22 23 24 26 28 30 31 32 34 36 37 38 40 41 44 45 46 47 48 50 52 53 54 57 58 61 64 65 66 67 69 70 71 72 73 74 76 78 80 81 99 101 102 104 106 108 110 111 112 113 114 115 
1 2 3 4 5 6 7 8 9 10 11 12 13 14 15 16 17 19 20 21 22 23 24 26 28 30 31 32 33 34 36 37 38 39 40 41 43 44 45 46 47 48 49 50 52 53 54 55 56 82 84 85 86 87 88 89 90 91 93 94 95 96 98 99 101 102 104 106 108 110 111 112 113 114 115 
1 2 3 4 5 6 7 8 9 10 11 12 13 14 15 16 17 19 20 21 22 23 24 26 28 30 31 32 33 34 36 37 38 39 40 41 42 43 44 45 46 47 48 49 50 52 53 54 57 58 61 63 64 65 66 67 68 69 70 71 72 73 74 75 76 78 79 80 81 82 84 85 86 87 88 89 90 91 93 94 95 96 98 99 101 102 103 104 105 106 108 110 111 112 113 114 115 
1 2 3 4 5 6 7 8 9 10 11 12 55 56 57 58 59 60 61 63 64 65 66 67 68 69 70 71 72 73 74 75 76 77 78 79 80 81 82 84 85 86 87 88 89 90 91 92 93 94 95 96 98 99 101 102 103 104 105 106 108 109 110 111 112 113 114 115 
1 2 13 14 15 16 17 19 20 21 22 23 24 26 27 28 29 30 31 32 33 34 36 37 38 39 40 41 42 43 44 45 46 47 48 49 50 52 53 54 55 56 57 58 59 60 61 63 64 65 66 67 68 69 70 71 72 73 74 75 76 77 78 79 80 81 82 84 85 86 87 88 89 90 91 92 93 94 95 96 98 99 101 102 103 104 105 106 108 109 110 111 112 113 114 115 
3 4 5 6 7 8 9 10 11 12 13 14 15 16 17 19 20 21 22 23 24 26 27 28 29 30 31 32 33 34 36 37 38 39 40 41 42 43 44 45 
46 47 48 49 50 52 53 54 55 56 57 58 59 60 61 62 63 64 65 66 67 68 69 70 
71 72 73 74 75 76 77 78 79 80 81 82 84 
85 86 87 88 89 90 91 92 
1 2 3 93 94 95 96 98 99 100 101 102 103 104 105 106 108 109 110 111 112 113 114 115 
4 5 6 7 8 9 10 11 12 13 14 15 16 17 18 19 20 21 22 23 24 26 27 28 29 30 31 32 33 34 36 37 38 39 40 41 42 43 44 45 46 
47 48 49 50 52 53 54 55 56 57 58 59 60 61 62 
63 64 65 66 67 68 69 70 71 72 73 74 75 76 77 78 79 80 81 82 84 85 86 87 88 89 90 91 92 93 94 95 96 97 98 99 100 101 102 103 104 
1 2 3 4 5 6 7 8 9 10 11 12 13 14 15 16 17 18 19 20 21 22 23 24 25 26 27 28 29 30 31 32 33 34 35 36 37 38 39 40 41 42 43 44 45 46 47 48 49 50 51 52 53 54 55 56 57 58 59 60 61 62 63 64 65 66 67 105 106 108 109 110 111 112 113 114 115 
