Case #1:
1000000000000001 113 3 3 2339 3 3 41 3 3
1000000000000101 109 2 1039 2 3 2 13 2 13
1000000000000111 3 2 3 2 31 2 3 2 3
1000000000001001 113 2 7 2 4621 2 23 2 73
1000000000001101 109 5 3 2341 4621 3 5 23 3
1000000000010111 3 2 5 2 7 2 3 2 11
1000000000011001 113 2 3 2 3 2 5 2 3
1000000000011011 5 2 1049 2 11 2 101 2 5
1000000000101001 3 2 1033 2 3 2 3 2 7
1000000000101101 101 3 1031 2333 3 8291 5 3 11
1000000000110001 3 379 3 3 4621 3 3 5 3
1000000000110111 103 2 3 2 3 2 109 2 3
1000000000111001 3 2 17 2 5 2 3 2 5
1000000000111011 107 2 1039 2 7 2 61 2 17
1000000000111101 109 2 3 2 3 2 11 2 3
1000000001000101 109 5 7 2347 41 7 5 139 7
1000000001001001 3 2 3 2 41 2 3 2 3
1000000001001101 109 2 5 2 4637 2 83 2 5
1000000001001111 3 2 3 2 4639 2 3 2 3
1000000001010001 113 2 1049 2 3 2 5 2 107
1000000001010011 107 5 5 2351 4639 8317 5 5 7
1000000001010101 109 3 3 13 3 3 7 3 3
1000000001011111 3 2 1051 2 3 2 3 2 59
1000000001100111 3 17 3 3 4651 3 3 13 3
1000000001101011 5 5 7 5 5 5 5 11 5
1000000001101111 7 3 1061 23 3 31 17 3 7
1000000001110001 113 2 7 2 4657 2 17 2 131
1000000001110011 5 2 3 2 3 2 29 2 3
1000000001110101 3 2 1061 2 59 2 3 2 5
1000000001111001 11 2 3 2 3 2 13 2 3
1000000001111101 3 3 1063 3 3 17 3 3 7
1000000010000011 3 3 1069 3 3 8353 3 3 167
1000000010000111 103 3 7 13 3 13 29 3 13
1000000010001001 3 383 5 3 4649 5 3 5 5
1000000010001011 107 5 3 2357 4651 3 5 131 3
1000000010010001 3 2 3 2 3 2 3 2 3
1000000010010111 3 2 3 2 3 2 3 2 3
1000000010011001 3 5 1049 3 4657 5 3 7 7
1000000010011111 3 17 5 3 4663 7 3 5 19
1000000010100111 3 2 7 2 13 2 3 2 5
1000000010101001 113 2 3 2 7 2 31 2 3
1000000010101111 3 3 3 3 3 3 3 3 3
1000000010110011 5 397 1063 2377 5 5 19 17 47
1000000010110101 3 3 3 3 3 3 3 3 3
1000000010110111 3 2 1061 2 5 2 3 2 83
1000000010111111 7 2 1069 2 3 2 7 2 23
1000000011000001 113 397 3 2381 31 3 7 5 3
1000000011000011 5 3 11 2383 3 5 53 3 7
1000000011000111 7 13 3 7 43 3 73 7 3
1000000011001101 3 2 3 2 3 2 3 2 3
