Case #1:
10000000000000011000000000000001 3 2 5 2 7 2 3 2 7
10000000000001011000000000000101 13 11 3 4751 173 3 53 109 3
10000000000001111000000000000111 3 2 5 2 7 2 3 2 11
10000000000010011000000000001001 73 5 3 19 19 3 5 19 3
10000000000011011000000000001101 3 2 5 2 7 2 3 2 11
10000000000100111000000000010011 3 2 5 2 7 2 3 2 7
10000000000110011000000000011001 3 2 5 2 7 2 3 2 11
10000000000111111000000000011111 3 2 3 2 7 2 3 2 3
10000000001001011000000000100101 3 2 5 2 7 2 3 2 7
10000000001010111000000000101011 3 7 13 3 5 43 3 73 7
10000000001011111000000000101111 5 2 3 2 37 2 5 2 3
10000000001100011000000000110001 3 2 5 2 7 2 3 2 11
10000000001101111000000000110111 3 2 3 2 7 2 3 2 3
10000000001110111000000000111011 17 2 3 2 73 2 17 2 3
10000000001111011000000000111101 3 2 3 2 7 2 3 2 3
10000000010000111000000001000011 3 2 5 2 7 2 3 2 11
10000000010010011000000001001001 3 2 5 2 7 2 3 2 7
10000000010011111000000001001111 3 2 3 2 7 2 3 2 3
10000000010101011000000001010101 3 7 13 3 5 17 3 53 7
10000000010101111000000001010111 5 2 3 2 37 2 5 2 3
10000000010110011000000001011001 11 5 281 101 5 67 5 13 19
10000000010110111000000001011011 3 2 3 2 7 2 3 2 3
10000000010111011000000001011101 17 2 3 2 1297 2 11 2 3
10000000010111111000000001011111 59 113 7 157 19 1399 7 43 107
10000000011000011000000001100001 3 2 5 2 7 2 3 2 11
10000000011001111000000001100111 3 2 3 2 7 2 3 2 3
10000000011010111000000001101011 5 2 3 2 37 2 5 2 3
10000000011011011000000001101101 3 2 3 2 7 2 3 2 3
10000000011100111000000001110011 3 2 3 2 7 2 3 2 3
10000000011101011000000001110101 5 2 3 2 37 2 5 2 3
10000000011110011000000001111001 3 2 3 2 7 2 3 2 3
10000000011110111000000001111011 31 557 7 19 23 1129 7 5441 241
10000000011111111000000001111111 3 2 5 2 7 2 3 2 7
10000000100001011000000010000101 3 2 5 2 7 2 3 2 11
10000000100010011000000010001001 5 2 7 2 1933 2 29 2 157
10000000100100011000000010010001 3 2 5 2 7 2 3 2 7
10000000100101111000000010010111 3 2 3 2 7 2 3 2 3
10000000100110011000000010011001 7 1667 179 13 5 11 23 7 311
10000000100110111000000010011011 11 2 3 2 13 2 47 2 3
10000000100111011000000010011101 3 2 3 2 7 2 3 2 3
10000000101000111000000010100011 3 1259 421 3 5 8893 3 67 17
10000000101001111000000010100111 5 2 3 2 37 2 5 2 3
10000000101010011000000010101001 3 5 13 3 5 43 3 73 7
10000000101101011000000010110101 3 2 3 2 7 2 3 2 3
10000000101110011000000010111001 31 2 3 2 1373 2 11 2 3
10000000101110111000000010111011 3 7 13 3 31 5 3 73 7
10000000110000011000000011000001 3 2 5 2 7 2 3 2 11
10000000110001111000000011000111 3 2 3 2 7 2 3 2 3
10000000110011011000000011001101 3 2 3 2 7 2 3 2 3
10000000110100111000000011010011 3 2 3 2 7 2 3 2 3
10000000110110011000000011011001 3 2 3 2 7 2 3 2 3
10000000110111111000000011011111 3 2 5 2 7 2 3 2 11
10000000111000111000000011100011 5 2 3 2 37 2 5 2 3
10000000111001011000000011100101 3 2 3 2 7 2 3 2 3
10000000111010011000000011101001 61 2 3 2 8719 2 4339 2 3
10000000111100011000000011110001 3 2 3 2 7 2 3 2 3
10000000111101111000000011110111 3 2 5 2 7 2 3 2 11
10000000111110011000000011111001 137 5 7 113 83 467 5 2129 17
10000000111111011000000011111101 3 2 5 2 7 2 3 2 7
10000001000000111000000100000011 3 2 5 2 7 2 3 2 11
10000001000010011000000100001001 3 2 5 2 7 2 3 2 11
10000001000011111000000100001111 3 2 3 2 7 2 3 2 3
10000001000101111000000100010111 7 2 3 2 11 2 73 2 3
10000001000110111000000100011011 3 2 3 2 7 2 3 2 3
10000001000111111000000100011111 5 823 337 7 61 5 7 563 857
10000001001000011000000100100001 3 2 5 2 7 2 3 2 7
10000001001000111000000100100011 13 5 19 61 5 439 5 743 89
10000001001001111000000100100111 3 2 3 2 7 2 3 2 3
10000001001011011000000100101101 3 2 3 2 7 2 3 2 3
10000001001100111000000100110011 3 2 3 2 7 2 3 2 3
10000001001110011000000100111001 3 2 3 2 7 2 3 2 3
10000001001111111000000100111111 3 2 5 2 7 2 3 2 11
10000001010001011000000101000101 3 127 7 3 5 1783 3 641 59
10000001010001111000000101000111 5 2 3 2 37 2 5 2 3
10000001010010111000000101001011 3 2 3 2 7 2 3 2 3
10000001010100011000000101010001 3 7 13 3 5 5 3 73 7
10000001010101011000000101010101 113 2 3 2 17 2 347 2 3
10000001011000111000000101100011 3 2 3 2 7 2 3 2 3
10000001011001011000000101100101 5 2 3 2 11 2 5 2 3
10000001011010011000000101101001 3 2 3 2 7 2 3 2 3
10000001011011111000000101101111 3 2 5 2 7 2 3 2 11
10000001011101011000000101110101 3 7 13 3 31 43 3 73 7
10000001011110011000000101111001 5 2447 103 43 17 5 7 7 41
10000001011110111000000101111011 3 2 5 2 7 2 3 2 7
10000001100000011000000110000001 3 2 5 2 7 2 3 2 11
10000001100001111000000110000111 3 2 3 2 7 2 3 2 3
10000001100010111000000110001011 13 2 3 2 3491 2 881 2 3
10000001100011011000000110001101 3 2 3 2 7 2 3 2 3
10000001100100111000000110010011 3 2 3 2 7 2 3 2 3
10000001100101011000000110010101 7 2 3 2 43 2 73 2 3
10000001100110011000000110011001 3 2 3 2 7 2 3 2 3
10000001100111111000000110011111 3 2 5 2 7 2 3 2 11
10000001101000111000000110100011 7 2 3 2 43 2 73 2 3
10000001101001011000000110100101 3 2 3 2 7 2 3 2 3
10000001101100011000000110110001 3 2 3 2 7 2 3 2 3
10000001101101111000000110110111 3 2 5 2 7 2 3 2 11
10000001101111011000000110111101 3 2 5 2 7 2 3 2 11
10000001101111111000000110111111 5 13 3 19 19 3 11 7 3
10000001110000111000000111000011 3 2 3 2 7 2 3 2 3
10000001110010011000000111001001 3 2 3 2 7 2 3 2 3
10000001110011111000000111001111 3 2 5 2 7 2 3 2 11
10000001110110011000000111011001 13 127 7 13 11 103 7 19 499
10000001110110111000000111011011 3 2 5 2 7 2 3 2 11
10000001110111011000000111011101 5 2 53 2 19 2 5471 2 2441
10000001111000011000000111100001 3 2 3 2 7 2 3 2 3
10000001111001111000000111100111 3 2 5 2 7 2 3 2 11
10000001111011011000000111101101 3 2 5 2 7 2 3 2 11
10000001111100111000000111110011 3 2 5 2 7 2 3 2 11
10000001111101011000000111110101 17 2 19 2 13 2 11 2 17
10000001111101111000000111110111 7 13 3 23 43 3 71 7 3
10000001111110011000000111111001 3 2 5 2 7 2 3 2 7
10000001111111011000000111111101 107 5 3 83 4957 3 5 23 3
10000001111111111000000111111111 3 2 5 2 5 2 3 2 11
10000010000001011000001000000101 3 2 5 2 7 2 3 2 11
10000010000010111000001000001011 3 17 67 3 5 13 3 13 1301
10000010000011011000001000001101 13 7 5531 17 5 17 11 7001 7
10000010000011111000001000001111 5 2 3 2 37 2 5 2 3
10000010000100011000001000010001 3 2 5 2 7 2 3 2 11
10000010000100111000001000010011 7 5 163 37 5 23 5 7 17
10000010000101111000001000010111 3 2 3 2 7 2 3 2 3
10000010000111011000001000011101 3 2 3 2 7 2 3 2 3
10000010001000111000001000100011 3 7 13 3 5 5 3 19 7
10000010001001111000001000100111 11 2 3 2 23 2 167 2 3
10000010001011011000001000101101 5 2 3 2 11 2 5 2 3
10000010001101011000001000110101 3 2 3 2 7 2 3 2 3
10000010001101111000001000110111 5 17 953 7607 17 5 7 37 349
10000010001110011000001000111001 17 2 3 2 197 2 17 2 3
10000010010000011000001001000001 3 2 5 2 7 2 3 2 7
10000010010001111000001001000111 3 2 3 2 7 2 3 2 3
10000010010010111000001001001011 5 2 3 2 37 2 5 2 3
10000010010011011000001001001101 3 2 3 2 7 2 3 2 3
10000010010100111000001001010011 3 2 3 2 7 2 3 2 3
10000010010101011000001001010101 5 2 3 2 37 2 5 2 3
10000010010110011000001001011001 3 2 3 2 7 2 3 2 3
10000010010111011000001001011101 23 17 239 41 3001 11 7 23 23
10000010010111111000001001011111 3 2 5 2 7 2 3 2 11
10000010011001011000001001100101 3 2 3 2 7 2 3 2 3
10000010011001111000001001100111 7 5 1609 59 5101 2161 5 7 23
10000010011010011000001001101001 5 2 3 2 37 2 5 2 3
10000010011010111000001001101011 3 7 13 3 31 43 3 47 7
10000010011100011000001001110001 3 2 3 2 7 2 3 2 3
10000010011101111000001001110111 3 2 5 2 7 2 3 2 7
10000010011110011000001001111001 127 1093 11 37 11 29 7 547 239
10000010011111011000001001111101 3 2 5 2 7 2 3 2 11
10000010100001111000001010000111 5 2 3 2 37 2 5 2 3
10000010100101011000001010010101 3 2 3 2 7 2 3 2 3
10000010101000011000001010100001 3 7 11 3 5 43 3 73 7
10000010101000111000001010100011 53 2 3 2 211 2 157 2 3
10000010101001011000001010100101 5 2 3 2 37 2 5 2 3
10000010101010111000001010101011 11 61 5 521 11 11 7 5 29
10000010101011111000001010101111 5 2 17 2 19 2 5 2 101
10000010101100111000001010110011 3 5 13 3 29 37 3 73 7
10000010101101111000001010110111 109 2 733 2 1229 2 17 2 41
10000010101110111000001010111011 7 2 9007 2 251 2 1693 2 109
10000010110000111000001011000011 5 2 3 2 13 2 5 2 3
10000010110001011000001011000101 3 2 3 2 7 2 3 2 3
10000010110011011000001011001101 5 19 647 79 17 5 7 29 929
10000010110100011000001011010001 3 2 3 2 7 2 3 2 3
10000010110101111000001011010111 3 2 5 2 7 2 3 2 11
10000010110110111000001011011011 139 2 29 2 3137 2 3947 2 79
10000010110111011000001011011101 3 2 5 2 7 2 3 2 11
10000010111000011000001011100001 5 2 3 2 19 2 5 2 3
10000010111010011000001011101001 3 7 13 3 31 17 3 73 7
10000010111010111000001011101011 5 2 17 2 37 2 5 2 101
10000010111101011000001011110101 3 2 5 2 7 2 3 2 7
10000010111110111000001011111011 3 7 3 3 31 3 3 43 3
10000010111111111000001011111111 5 2 7 2 5 2 5 2 101
10000011000000011000001100000001 3 2 5 2 7 2 3 2 11
10000011000001111000001100000111 3 2 3 2 7 2 3 2 3
10000011000011011000001100001101 3 2 3 2 7 2 3 2 3
10000011000100011000001100010001 13 73 61 109 5 13 37 6481 23
10000011000100111000001100010011 3 2 3 2 7 2 3 2 3
10000011000110011000001100011001 3 2 3 2 7 2 3 2 3
10000011000111111000001100011111 3 2 5 2 7 2 3 2 11
10000011001000111000001100100011 59 2 3 2 11 2 31 2 3
10000011001001011000001100100101 3 2 3 2 7 2 3 2 3
10000011001001111000001100100111 5 701 2591 2267 19 5 7 277 67
10000011001100011000001100110001 3 2 3 2 7 2 3 2 3
10000011001101111000001100110111 3 2 5 2 7 2 3 2 11
10000011001110011000001100111001 7 29 109 7 283 109 7 7 103
10000011001111011000001100111101 3 2 5 2 7 2 3 2 11
10000011010000111000001101000011 3 2 3 2 7 2 3 2 3
10000011010001011000001101000101 5 2 3 2 13 2 5 2 3
10000011010010011000001101001001 3 2 3 2 7 2 3 2 3
10000011010011111000001101001111 3 2 5 2 7 2 3 2 11
10000011010110111000001101011011 3 2 5 2 7 2 3 2 11
10000011011000011000001101100001 3 2 3 2 7 2 3 2 3
10000011011001111000001101100111 3 2 5 2 7 2 3 2 11
10000011011011011000001101101101 3 2 5 2 7 2 3 2 11
10000011011100111000001101110011 3 2 5 2 7 2 3 2 7
10000011011101111000001101110111 5 19 3 19 103 3 137 179 3
10000011011110011000001101111001 3 2 5 2 7 2 3 2 11
10000011011111111000001101111111 3 2 5 2 5 2 3 2 11
10000011100000111000001110000011 131 2 3 2 17 2 11 2 3
10000011100001011000001110000101 3 2 3 2 7 2 3 2 3
10000011100100011000001110010001 3 2 3 2 7 2 3 2 3
10000011100100111000001110010011 13 37 241 149 13 11 7 6481 53
10000011100101111000001110010111 3 2 5 2 7 2 3 2 11
10000011100110011000001110011001 59 7 7 19 173 17 7 11 7
10000011100111011000001110011101 3 2 5 2 7 2 3 2 11
10000011101000011000001110100001 31 2 3 2 13 2 647 2 3
10000011101011111000001110101111 3 1531 3 3 167 3 3 7703 3
10000011101101011000001110110101 3 2 5 2 7 2 3 2 11
10000011101101111000001110110111 7 5 3 31 43 3 5 7 3
10000011101111111000001110111111 29 2 7541 2 5 2 227 2 19
10000011110000011000001111000001 3 2 3 2 7 2 3 2 3
10000011110001011000001111000101 7 7 137 181 11 17 7 7 7
10000011110001111000001111000111 3 2 5 2 7 2 3 2 11
10000011110011011000001111001101 3 2 5 2 7 2 3 2 11
10000011110100011000001111010001 5 397 7 191 577 5 7 29 19
10000011110100111000001111010011 3 2 5 2 7 2 3 2 11
10000011110110011000001111011001 3 2 5 2 7 2 3 2 11
10000011110111111000001111011111 3 2 5 2 5 2 3 2 11
10000011111001011000001111100101 3 2 5 2 7 2 3 2 11
10000011111010111000001111101011 3 983 3 3 13 3 3 17 3
10000011111011111000001111101111 5 2 17 2 5 2 5 2 7
10000011111100011000001111110001 3 2 5 2 7 2 3 2 7
10000011111100111000001111110011 17 5 3 173 11 3 5 19 3
10000011111101111000001111110111 3 2 5 2 5 2 3 2 11
10000011111111011000001111111101 3 2 5 2 5 2 3 2 11
10000100000000111000010000000011 3 2 5 2 7 2 3 2 7
10000100000010011000010000001001 3 2 5 2 7 2 3 2 11
10000100000011111000010000001111 3 2 3 2 7 2 3 2 3
10000100000101111000010000010111 5 2 3 2 37 2 5 2 3
10000100000110111000010000011011 3 2 3 2 7 2 3 2 3
10000100000111011000010000011101 31 2 3 2 61 2 29 2 3
10000100001000011000010000100001 3 2 5 2 7 2 3 2 11
10000100001001111000010000100111 3 2 3 2 7 2 3 2 3
10000100001010111000010000101011 5 2 3 2 37 2 5 2 3
10000100001011011000010000101101 3 2 3 2 7 2 3 2 3
10000100001100011000010000110001 43 23 71 7 5 2137 8059 137 29
10000100001100111000010000110011 3 2 3 2 7 2 3 2 3
10000100001101011000010000110101 5 2 3 2 37 2 5 2 3
10000100001110011000010000111001 3 2 3 2 7 2 3 2 3
10000100001111011000010000111101 97 7 79 593 97 239 7 17 7
10000100001111111000010000111111 3 2 5 2 7 2 3 2 11
10000100010001011000010001000101 3 5 13 3 5 43 3 37 7
10000100010010011000010001001001 5 11 5581 29 5 5 29 13 43
10000100010010111000010001001011 3 2 3 2 7 2 3 2 3
10000100010100111000010001010011 5 2 3 2 37 2 5 2 3
10000100010101011000010001010101 19 2 3 2 23 2 41 2 3
10000100010101111000010001010111 3 7 13 3 31 41 3 73 7
10000100010110011000010001011001 17 2 3 2 11 2 17 2 3
10000100010111011000010001011101 3 59 7 3 13 5 3 71 811
10000100010111111000010001011111 7 2 827 2 17 2 79 2 113
10000100011000111000010001100011 3 2 3 2 7 2 3 2 3
10000100011010011000010001101001 3 2 3 2 7 2 3 2 3
10000100011011111000010001101111 3 2 5 2 7 2 3 2 7
10000100011100011000010001110001 5 2 3 2 19 2 5 2 3
10000100011110111000010001111011 3 2 5 2 7 2 3 2 11
10000100100000011000010010000001 3 2 5 2 7 2 3 2 7
10000100100001011000010010000101 5 47 19 773 5 5 181 11 19
10000100100001111000010010000111 3 2 3 2 7 2 3 2 3
10000100100011011000010010001101 3 2 3 2 7 2 3 2 3
10000100100100111000010010010011 3 2 3 2 7 2 3 2 3
10000100100110011000010010011001 3 2 3 2 7 2 3 2 3
10000100100111111000010010011111 3 2 5 2 7 2 3 2 11
10000100101000111000010010100011 5 2 3 2 19 2 5 2 3
10000100101001011000010010100101 3 2 3 2 7 2 3 2 3
10000100101010111000010010101011 3 7 11 3 31 13 3 19 7
10000100101100011000010010110001 3 2 3 2 7 2 3 2 3
10000100101101111000010010110111 3 2 5 2 7 2 3 2 7
10000100101110111000010010111011 11 2 7 2 4241 2 67 2 331
10000100101111011000010010111101 3 2 5 2 7 2 3 2 11
10000100110000111000010011000011 3 2 3 2 7 2 3 2 3
10000100110010011000010011001001 3 2 3 2 7 2 3 2 3
10000100110011111000010011001111 3 2 5 2 7 2 3 2 11
10000100110100011000010011010001 11 2 3 2 6301 2 677 2 3
10000100110101011000010011010101 3 7 13 3 31 5 3 17 7
10000100110101111000010011010111 31 2 7 2 1667 2 17 2 43
10000100110110111000010011011011 3 2 5 2 7 2 3 2 7
10000100110111011000010011011101 7 2 983 2 11 2 5 2 29
10000100111000011000010011100001 3 2 3 2 7 2 3 2 3
10000100111001111000010011100111 3 2 5 2 7 2 3 2 11
10000100111011011000010011101101 3 2 5 2 7 2 3 2 7
10000100111100111000010011110011 3 2 5 2 7 2 3 2 11
10000100111110011000010011111001 3 2 5 2 7 2 3 2 11
10000100111111111000010011111111 3 2 5 2 5 2 3 2 7
10000101000000011000010100000001 79 2 89 2 349 2 107 2 359
10000101000001111000010100000111 5 2 3 2 19 2 5 2 3
10000101000010111000010100001011 3 2 3 2 7 2 3 2 3
10000101000100111000010100010011 11 2 3 2 3359 2 31 2 3
10000101000101011000010100010101 7 2 3 2 43 2 73 2 3
10000101000111111000010100011111 53 2 11 2 211 2 11 2 7
10000101001000011000010100100001 173 43 19 2819 5 4507 53 23 19
10000101001000111000010100100011 3 2 3 2 7 2 3 2 3
10000101001001011000010100100101 5 2 3 2 23 2 5 2 3
10000101001010011000010100101001 3 2 3 2 7 2 3 2 3
10000101001011111000010100101111 3 2 5 2 7 2 3 2 11
10000101001100011000010100110001 7 2 3 2 43 2 73 2 3
10000101001110111000010100111011 3 2 5 2 7 2 3 2 11
10000101001111111000010100111111 7 13 3 31 23 3 43 7 3
10000101010000011000010101000001 3 7 13 3 5 43 3 73 7
10000101010000111000010101000011 5 2 3 2 37 2 5 2 3
10000101010001011000010101000101 109 2 3 2 67 2 59 2 3
10000101010010011000010101001001 149 2 3 2 307 2 569 2 3
10000101010100111000010101010011 3 7 13 3 31 31 3 29 7
10000101010101011000010101010101 11 17 5 521 11 11 7 5 19
10000101010101111000010101010111 5 2 17 2 37 2 5 2 101
10000101010111111000010101011111 3 79 3 3 29 3 3 19 3
10000101011000011000010101100001 5 2 3 2 37 2 5 2 3
10000101011001011000010101100101 3 7 11 3 31 43 3 73 7
10000101011010111000010101101011 3 2 5 2 7 2 3 2 7
10000101011101011000010101110101 5 2 17 2 37 2 5 2 101
10000101011101111000010101110111 3 7 3 3 31 3 3 7 3
10000101011110011000010101111001 47 2 47 2 53 2 9461 2 89
10000101011111011000010101111101 3 37 3 3 17 3 3 61 3
10000101011111111000010101111111 5 2 17 2 5 2 5 2 101
10000101100000111000010110000011 3 2 3 2 7 2 3 2 3
10000101100001011000010110000101 7 2 3 2 17 2 73 2 3
10000101100010011000010110001001 3 2 3 2 7 2 3 2 3
10000101100010111000010110001011 17 5 19 1627 2539 79 5 11 461
10000101100011111000010110001111 3 2 5 2 7 2 3 2 11
10000101100100011000010110010001 31 2 3 2 11 2 2069 2 3
10000101100110111000010110011011 3 2 5 2 7 2 3 2 11
10000101100111111000010110011111 79 5 3 7 103 3 5 1723 3
10000101101000011000010110100001 3 2 3 2 7 2 3 2 3
10000101101001111000010110100111 3 2 5 2 7 2 3 2 11
10000101101010111000010110101011 19 2 911 2 13 2 7039 2 47
10000101101011011000010110101101 3 2 5 2 7 2 3 2 11
10000101101011111000010110101111 7 13 3 31 43 3 73 7 3
10000101101100111000010110110011 3 2 5 2 7 2 3 2 7
10000101101110011000010110111001 3 2 5 2 7 2 3 2 11
10000101101111011000010110111101 7 5 3 19 13 3 5 7 3
10000101101111111000010110111111 3 2 5 2 5 2 3 2 11
10000101110000011000010111000001 97 2 3 2 23 2 11 2 3
10000101110010111000010111001011 3 2 5 2 7 2 3 2 11
10000101110100011000010111010001 3 5 13 3 31 43 3 73 7
10000101111000111000010111100011 3 2 5 2 7 2 3 2 11
10000101111001111000010111100111 7 11 3 31 43 3 73 7 3
10000101111010011000010111101001 3 2 5 2 7 2 3 2 7
10000101111011011000010111101101 5 19 3 2179 1693 3 1033 53 3
10000101111011111000010111101111 3 2 5 2 5 2 3 2 11
10000101111100011000010111110001 17 2 233 2 17 2 163 2 179
10000101111101011000010111110101 3 7 3 3 23 3 3 7 3
10000101111101111000010111110111 5 2 17 2 5 2 5 2 29
10000101111110111000010111111011 3 2 5 2 5 2 3 2 7
10000110000000011000011000000001 3 2 5 2 7 2 3 2 11
10000110000001111000011000000111 3 2 3 2 7 2 3 2 3
10000110000010111000011000001011 5 2 3 2 37 2 5 2 3
10000110000011011000011000001101 3 2 3 2 7 2 3 2 3
10000110000100111000011000010011 3 2 3 2 7 2 3 2 3
10000110000101011000011000010101 5 2 3 2 37 2 5 2 3
10000110000110011000011000011001 3 2 3 2 7 2 3 2 3
10000110000111111000011000011111 3 2 5 2 7 2 3 2 11
10000110001001011000011000100101 3 2 3 2 7 2 3 2 3
10000110001001111000011000100111 61 5 4493 6691 11 17 5 11 71
10000110001010011000011000101001 5 2 3 2 37 2 5 2 3
10000110001010111000011000101011 3 347 7 3 23 109 3 467 311
10000110001100011000011000110001 3 2 3 2 7 2 3 2 3
10000110001101111000011000110111 3 2 5 2 7 2 3 2 11
10000110001111011000011000111101 3 2 5 2 7 2 3 2 11
10000110010000111000011001000011 3 2 3 2 7 2 3 2 3
10000110010001011000011001000101 37 2 3 2 11 2 23 2 3
10000110010010011000011001001001 3 2 3 2 7 2 3 2 3
10000110010011111000011001001111 3 2 5 2 7 2 3 2 11
10000110010100011000011001010001 5 2 3 2 13 2 5 2 3
10000110010110111000011001011011 3 2 5 2 7 2 3 2 11
10000110011000011000011001100001 3 2 3 2 7 2 3 2 3
10000110011001111000011001100111 3 2 5 2 7 2 3 2 7
10000110011011011000011001101101 3 2 5 2 7 2 3 2 11
10000110011011111000011001101111 5 67 3 293 1097 3 11 71 3
10000110011100011000011001110001 127 43 7 7 71 29 7 547 239
10000110011100111000011001110011 3 2 5 2 7 2 3 2 11
10000110011110011000011001111001 3 2 5 2 7 2 3 2 11
10000110011111111000011001111111 3 2 5 2 5 2 3 2 11
10000110100000111000011010000011 5 2 3 2 37 2 5 2 3
10000110100001011000011010000101 3 2 3 2 7 2 3 2 3
10000110100010011000011010001001 11 2 3 2 2671 2 733 2 3
10000110100011011000011010001101 5 7 7 11 61 5 7 19 7
10000110100100011000011010010001 3 2 3 2 7 2 3 2 3
10000110100101111000011010010111 3 2 5 2 7 2 3 2 11
10000110100111011000011010011101 3 2 5 2 7 2 3 2 11
10000110100111111000011010011111 11 7 3 277 17 3 4549 11 3
10000110101000011000011010100001 5 2 3 2 17 2 5 2 3
10000110101000111000011010100011 3 7 13 3 31 43 3 11 7
10000110101010111000011010101011 5 2 17 2 37 2 5 2 19
10000110101101011000011010110101 3 2 5 2 7 2 3 2 11
10000110101111111000011010111111 5 2 11 2 5 2 5 2 71
10000110110000011000011011000001 3 2 3 2 7 2 3 2 3
10000110110001111000011011000111 3 2 5 2 7 2 3 2 11
10000110110011011000011011001101 3 2 5 2 7 2 3 2 11
10000110110100111000011011010011 3 2 5 2 7 2 3 2 7
10000110110101011000011011010101 7 2 29 2 739 2 17 2 41
10000110110110011000011011011001 3 2 5 2 7 2 3 2 11
10000110110111111000011011011111 3 2 5 2 5 2 3 2 11
10000110111000111000011011100011 7 2 379 2 467 2 8011 2 313
10000110111001011000011011100101 3 2 5 2 7 2 3 2 7
10000110111010111000011011101011 3 7 3 3 19 3 3 73 3
10000110111100011000011011110001 3 2 5 2 7 2 3 2 11
10000110111101111000011011110111 3 2 5 2 5 2 3 2 7
10000110111110111000011011111011 5 2 17 2 5 2 5 2 101
10000110111111011000011011111101 3 2 5 2 5 2 3 2 11
10000111000000111000011100000011 3 2 3 2 7 2 3 2 3
10000111000001011000011100000101 5 2 3 2 37 2 5 2 3
10000111000010011000011100001001 3 2 3 2 7 2 3 2 3
10000111000011111000011100001111 3 2 5 2 7 2 3 2 11
10000111000110111000011100011011 3 2 5 2 7 2 3 2 11
10000111001000011000011100100001 3 2 3 2 7 2 3 2 3
10000111001001111000011100100111 3 2 5 2 7 2 3 2 11
10000111001011011000011100101101 3 2 5 2 7 2 3 2 11
10000111001100111000011100110011 3 2 5 2 7 2 3 2 11
10000111001101111000011100110111 5 13 3 17 43 3 11 7 3
10000111001110011000011100111001 3 2 5 2 7 2 3 2 11
10000111001111111000011100111111 3 2 5 2 5 2 3 2 11
10000111010000011000011101000001 5 2 3 2 37 2 5 2 3
10000111010010111000011101001011 3 2 5 2 7 2 3 2 11
10000111010011011000011101001101 19 2 11 2 11 2 179 2 7
10000111010011111000011101001111 11 47 3 7 19 3 1831 107 3
10000111010101011000011101010101 5 2 17 2 13 2 5 2 101
10000111010101111000011101010111 3 17 3 3 83 3 3 17 3
10000111010111011000011101011101 3 11 3 3 587 3 3 769 3
10000111010111111000011101011111 5 2 7 2 5 2 5 2 7
10000111011000111000011101100011 3 2 5 2 7 2 3 2 7
10000111011010011000011101101001 3 2 5 2 7 2 3 2 11
10000111011011111000011101101111 3 2 5 2 5 2 3 2 11
10000111011101011000011101110101 3 107 3 3 1277 3 3 23 3
10000111011110111000011101111011 3 2 5 2 5 2 3 2 11
10000111011111011000011101111101 5 2 17 2 5 2 5 2 71
10000111100000011000011110000001 3 2 3 2 7 2 3 2 3
10000111100001111000011110000111 3 2 5 2 7 2 3 2 11
10000111100011011000011110001101 3 2 5 2 7 2 3 2 11
10000111100100111000011110010011 3 2 5 2 7 2 3 2 11
10000111100101011000011110010101 61 2 347 2 1129 2 31 2 7
10000111100110011000011110011001 3 2 5 2 7 2 3 2 11
10000111100110111000011110011011 5 7 3 23 271 3 11 17 3
10000111100111111000011110011111 3 2 5 2 5 2 3 2 11
10000111101001011000011110100101 3 2 5 2 7 2 3 2 11
10000111101001111000011110100111 7 13 3 31 43 3 73 7 3
10000111101010111000011110101011 3 47 3 3 17 3 3 53 3
10000111101011111000011110101111 5 2 17 2 5 2 5 2 67
10000111101100011000011110110001 3 2 5 2 7 2 3 2 11
10000111101101011000011110110101 7 13 3 29 43 3 73 7 3
10000111101101111000011110110111 3 2 5 2 5 2 3 2 11
10000111101111011000011110111101 3 2 5 2 5 2 3 2 11
10000111110000011000011111000001 23 131 7 37 17 13 7 3373 157
10000111110000111000011111000011 3 2 5 2 7 2 3 2 11
10000111110010011000011111001001 3 2 5 2 7 2 3 2 11
10000111110011111000011111001111 3 2 5 2 5 2 3 2 11
10000111110101011000011111010101 3 19 3 3 19 3 3 11 3
10000111110101111000011111010111 5 2 17 2 5 2 5 2 101
10000111110110011000011111011001 83 5 3 131 151 3 5 23 3
10000111110110111000011111011011 3 2 5 2 5 2 3 2 11
10000111110111111000011111011111 7 569 347 7 229 41 47 7 173
10000111111000011000011111100001 3 2 5 2 7 2 3 2 7
10000111111000111000011111100011 43 37 3 127 59 3 491 211 3
10000111111001111000011111100111 3 2 5 2 5 2 3 2 11
10000111111010111000011111101011 5 2 7 2 5 2 5 2 101
10000111111011011000011111101101 3 2 5 2 5 2 3 2 11
10000111111100111000011111110011 3 2 5 2 5 2 3 2 7
10000111111101011000011111110101 5 2 11 2 5 2 5 2 101
10000111111110011000011111111001 3 2 5 2 5 2 3 2 11
10000111111111111000011111111111 3 2 3 2 7 2 3 2 3
10001000000000011000100000000001 37 5 3 43 107 3 5 11 3
10001000000001011000100000000101 3 2 5 2 7 2 3 2 7
10001000000010011000100000001001 5 2 23 2 29 2 4951 2 43
10001000000010111000100000001011 3 5 13 3 5 31 3 73 7
10001000000011111000100000001111 61 2 3 2 11 2 29 2 3
10001000000100011000100000010001 3 2 5 2 7 2 3 2 11
10001000000101111000100000010111 3 2 3 2 7 2 3 2 3
10001000000111011000100000011101 3 2 3 2 7 2 3 2 3
10001000001001011000100000100101 7 2819 37 11 5 11 29 7 467
10001000001001111000100000100111 5 2 3 2 19 2 5 2 3
10001000001010011000100000101001 3 5 7 3 5 17 3 199 19
10001000001010111000100000101011 11 2 3 2 17 2 1741 2 3
10001000001011111000100000101111 3 7 13 3 31 43 3 73 7
10001000001100111000100000110011 7 2 3 2 43 2 17 2 3
10001000001101011000100000110101 3 2 3 2 7 2 3 2 3
10001000001110011000100000111001 43 2 3 2 13 2 31 2 3
10001000010000011000100001000001 3 2 5 2 7 2 3 2 11
10001000010001111000100001000111 3 2 3 2 7 2 3 2 3
10001000010011011000100001001101 3 2 3 2 7 2 3 2 3
10001000010100111000100001010011 3 2 3 2 7 2 3 2 3
10001000010101011000100001010101 17 2 3 2 1297 2 17 2 3
10001000010110011000100001011001 3 2 3 2 7 2 3 2 3
10001000010111011000100001011101 7 47 59 4273 997 17 7 7 19
10001000010111111000100001011111 3 2 5 2 7 2 3 2 7
10001000011000111000100001100011 5 2 3 2 37 2 5 2 3
10001000011001011000100001100101 3 2 3 2 7 2 3 2 3
10001000011010011000100001101001 47 2 3 2 257 2 83 2 3
10001000011011011000100001101101 5 1093 43 127 13 5 7 13 47
10001000011100011000100001110001 3 2 3 2 7 2 3 2 3
10001000011101111000100001110111 3 2 5 2 7 2 3 2 11
10001000011111011000100001111101 3 2 5 2 7 2 3 2 11
10001000100001111000100010000111 7 2 3 2 43 2 73 2 3
10001000100010011000100010001001 3 7 13 3 5 43 3 43 7
10001000100011011000100010001101 13 2 3 2 449 2 179 2 3
10001000100101011000100010010101 3 2 3 2 7 2 3 2 3
10001000100110011000100010011001 11 2 3 2 1297 2 5 2 3
10001000100110111000100010011011 3 7 13 3 31 43 3 73 7
10001000101000111000100010100011 7 2 3 2 43 2 73 2 3
10001000101011011000100010101101 3 7 13 3 31 43 3 73 7
10001000101100011000100010110001 7 2 3 2 11 2 73 2 3
10001000101110111000100010111011 17 2 257 2 13 2 17 2 73
10001000101111111000100010111111 3 5 3 3 31 3 3 7 3
10001000110000011000100011000001 13 29 47 601 5 13 37 103 61
10001000110001011000100011000101 3 2 3 2 7 2 3 2 3
10001000110001111000100011000111 5 7 2251 41 2659 5 7 31 7
10001000110010011000100011001001 19 2 3 2 53 2 47 2 3
10001000110100011000100011010001 3 2 3 2 7 2 3 2 3
