Case #1: 6 
Case #2: 1 
Case #3: IMPOSSIBLE
Case #4: 2 1 
Case #5: 6 2 
Case #6: 7 13 
Case #7: 850415971613 6741957548142 12633499124671 18525040701200 24416582277729 30308123854258 36199665430787 42091207007316 47982748583845 53874290160374 59765831736903 65657373313432 71548914889961 77440456456984 
Case #8: 1 
Case #9: 137144161 940417099 1743690037 2546962975 3350235913 4153508851 4956781747 
Case #10: 2 3 4 5 6 7 8 9 10 11 12 13 14 15 16 17 18 19 20 21 22 23 24 25 26 27 28 29 30 31 32 33 34 35 36 37 38 39 40 41 42 43 44 45 46 47 48 49 50 51 52 53 54 55 56 57 58 59 60 61 62 63 64 65 66 67 68 69 70 71 72 73 74 75 76 77 78 79 80 81 82 83 84 85 86 87 88 89 90 91 92 93 94 95 96 97 98 99 100 1 
Case #11: IMPOSSIBLE
Case #12: 1 
Case #13: 8732480 65493583 
Case #14: IMPOSSIBLE
Case #15: IMPOSSIBLE
Case #16: 47 
Case #17: 1 
Case #18: 1 
Case #19: IMPOSSIBLE
Case #20: 122074041664254386 
Case #21: 1 
Case #22: 28 80 132 184 236 288 340 392 444 496 548 600 2 
Case #23: 6 
Case #24: 3 
Case #25: IMPOSSIBLE
Case #26: 8767174966 60827925274 112888675582 164949425890 217010176198 269070926506 321131676814 373192427122 425253177430 477313927738 529374678046 581435428354 633496178662 685556928970 737617679278 789678429586 90383248 
Case #27: IMPOSSIBLE
Case #28: 11728124029611 
Case #29: 172595 850419 1528243 2206067 2883891 3561715 4239539 4917363 5595187 6273011 6950835 7628659 8306483 8981227 
Case #30: 3724 14707 25690 36673 47656 58639 69622 80605 91588 102571 113554 124537 135520 146503 157486 168469 179452 190435 201418 212341 
Case #31: 8919220058296225 112127337875723965 215324485442533357 
Case #32: 6 2 
Case #33: 11 
Case #34: 39594448479741 
Case #35: 2538847855508506 25116459141994855 47694070428481204 70271681714967553 92849293001453902 115426904287940251 138004515574426600 160582126860912949 183159738147399298 205707484868691883 
Case #36: 6564 26007 45450 64893 84336 103779 123222 142665 162108 181551 200994 220437 239880 259323 278766 298209 317652 337095 356538 375981 395424 414867 434310 453753 473196 492639 505602 
Case #37: 1 
Case #38: 1 
Case #39: 73222438 435355143 797487848 1159620553 1521753258 1883885963 2246018668 2608151373 2970284078 3332416783 3694549488 4056682193 4418814898 4780947603 5143080308 5505213013 5867345718 6229478423 6519184588 
Case #40: 10204 40507 70810 101113 131416 161719 192022 222325 252628 282931 313234 343537 373840 404143 434446 464749 495052 525355 555658 585961 616264 646567 676870 707173 737476 767779 798082 828385 858688 888991 919294 949597 979900 103 
Case #41: 384307168202282326 
Case #42: 1 
Case #43: 1 
Case #44: 1 
Case #45: IMPOSSIBLE
Case #46: 1020305 5060709 9101113 13141517 17181921 21222325 25262729 29303133 33343537 37383941 41424345 45464749 49505153 53545557 57585961 61626365 65666769 69707173 73747577 77787981 81828385 85868789 89909193 93949597 97989901 
Case #47: 2 3 4 1 
Case #48: IMPOSSIBLE
Case #49: 1 
Case #50: 123456789012345679 
Case #51: IMPOSSIBLE
Case #52: IMPOSSIBLE
Case #53: IMPOSSIBLE
Case #54: IMPOSSIBLE
Case #55: 1899635227977646 18785281698890047 35670928169802448 52556574640714849 69442221111627250 86327867582539651 103213514053452052 120099160524364453 136984806995276773 
Case #56: 12346 67891 
Case #57: IMPOSSIBLE
Case #58: IMPOSSIBLE
Case #59: 103 305 507 709 911 1113 1315 1517 1719 1921 2123 2325 2527 2729 2931 3133 3335 3537 3739 3941 4143 4345 4547 4749 4951 5153 5355 5557 5759 5961 6163 6365 6567 6769 6971 7173 7375 7577 7779 7981 8183 8385 8587 8789 8991 9193 9395 9597 9799 9901 
Case #60: 12887297856859974 
Case #61: IMPOSSIBLE
Case #62: 10203040506070810 101112131415161719 192021222324252628 282930313233343537 373839404142434446 464748495051525355 555657585960616264 646566676869707173 737475767778798082 828384858687888991 919293949596979900 102030405060709 
Case #63: 451294366333507 5244351774289368 10037409161001540 
Case #64: IMPOSSIBLE
Case #65: 3721389797 32198111717 60674833085 
Case #66: 2691224143 
Case #67: IMPOSSIBLE
Case #68: IMPOSSIBLE
Case #69: 1 
Case #70: 2 3 4 5 6 7 8 9 10 11 12 13 14 15 16 17 18 19 20 21 22 23 24 25 26 27 28 29 30 31 32 33 34 35 36 37 38 39 40 41 42 43 44 45 46 47 48 49 50 51 52 53 54 55 56 57 58 59 60 61 62 63 64 65 66 67 68 69 70 71 72 73 74 75 76 77 78 79 80 81 1 
Case #71: 259779176475575402 
Case #72: 1199710202504524 13984122047943351 26768533893381122 
Case #73: 28895 140619 252343 364067 475791 587515 699239 783033 
Case #74: 1 
Case #75: 2984619134746 29100036563767 55215453992788 81330871421773 
Case #76: 2 3 4 5 6 7 8 9 10 11 12 13 14 15 16 17 18 19 20 21 22 23 24 25 26 27 28 1 
Case #77: IMPOSSIBLE
Case #78: 16 
Case #79: 100279120213 880830109973 1661381099733 2441932089493 3222481153033 
Case #80: 109 
Case #81: 2131056814 14742242338 27353427862 39964613386 52575798910 65186984434 77798169958 90409355482 103020541006 115631726530 128242912054 140854097578 29192560 
Case #82: IMPOSSIBLE
Case #83: IMPOSSIBLE
Case #84: 2 3 1 
Case #85: IMPOSSIBLE
Case #86: IMPOSSIBLE
Case #87: 123456789013 
Case #88: 1220326772117 10798740681557 20377154590997 29955568500437 39533982409877 49112396319317 58690802186537 
Case #89: 21505804838969 191401663066817 361297521294665 531193379522513 701089237750361 870985095978209 1040880954206057 1210776812433905 1380672670661753 1550568528889521 
Case #90: 28 7 
Case #91: IMPOSSIBLE
Case #92: 45954944846777 
Case #93: 160126 
Case #94: 1 
Case #95: 1196832982 8267353978 15337874974 22408395970 29478916966 36549437962 43619958958 50690479954 57761000950 64831521946 71902038652 
Case #96: 23404280619 204397384067 385390487515 566383563033 
Case #97: 2307561152172198 22825394047390047 43343226942607896 63861059837825745 84378892733043594 104896725628261443 125414558523479292 145932391418697141 166450224313914990 184688297998553079 
Case #98: 28864352941730601 
Case #99: IMPOSSIBLE
Case #100: IMPOSSIBLE
