Case #1: 6 
Case #2: 1 
Case #3: 2 2 
Case #4: 6 9 
Case #5: 72 144 216 288 360 432 504 576 648 720 
Case #6: 42 
Case #7: 2 4 6 8 10 12 14 16 18 20 22 24 26 28 30 32 34 36 38 40 42 44 46 48 50 52 54 56 58 60 62 64 66 68 70 72 74 76 78 80 81 81 81 81 81 81 81 81 81 81 81 81 81 81 81 81 81 81 81 81 81 81 81 81 81 81 81 81 81 81 81 81 81 81 81 81 81 81 81 81 81 
Case #8: 182 364 
Case #9: 1 
Case #10: 6 12 
Case #11: 156 
Case #12: 110 220 
Case #13: 12 24 36 48 60 72 84 96 108 120 132 144 156 168 180 192 204 216 228 240 252 
Case #14: 90 180 270 360 450 540 630 720 810 
Case #15: 42 84 126 168 210 252 294 336 378 420 462 504 546 588 630 672 
Case #16: 12 24 36 48 60 72 84 96 108 120 132 144 156 168 180 192 204 
Case #17: 132 
Case #18: 2 4 4 4 
Case #19: 12 24 36 48 60 72 84 96 108 120 132 144 156 168 180 192 204 216 228 240 252 264 276 288 300 312 324 336 348 360 372 384 
Case #20: 30 60 90 120 150 180 210 240 270 300 
Case #21: 42 84 126 168 210 252 294 336 378 420 462 
Case #22: 2 4 6 8 10 12 14 16 18 20 22 24 26 28 30 32 34 36 37 37 37 37 37 37 37 37 37 37 37 37 37 37 37 37 37 37 37 
Case #23: 2 4 6 8 10 12 14 16 18 20 22 24 26 28 30 32 34 36 38 40 42 44 46 48 50 52 54 56 56 56 56 56 56 56 56 56 56 56 56 56 56 56 56 56 56 56 56 56 56 56 56 56 56 56 56 56 
Case #24: 42 
Case #25: 20 40 60 80 100 120 140 160 180 200 220 240 260 280 300 320 340 360 380 400 420 440 460 480 500 
Case #26: 30 60 90 120 150 180 210 240 270 300 
Case #27: 72 144 216 288 360 432 504 576 648 720 792 864 
Case #28: 1 
Case #29: 12 24 
Case #30: 72 144 216 288 
Case #31: 90 180 270 
Case #32: 1 
Case #33: 110 220 
Case #34: 12 
Case #35: 6 
Case #36: 42 84 126 168 210 252 294 336 378 420 462 504 546 588 
Case #37: 30 60 90 120 150 180 210 240 270 300 330 360 390 420 
Case #38: 20 
Case #39: 2 4 6 8 8 8 8 8 
Case #40: 90 180 270 360 450 540 630 720 
Case #41: 30 60 
Case #42: 20 40 60 80 100 120 140 160 180 200 220 240 
Case #43: 1 
Case #44: 1 
Case #45: 30 60 90 120 150 180 210 240 270 300 330 360 390 420 450 480 510 540 
Case #46: 90 180 270 360 450 540 630 720 810 900 990 1080 
Case #47: 56 112 
Case #48: 4 
Case #49: 6 12 18 24 30 36 42 48 54 60 66 72 78 84 90 
Case #50: 30 
Case #51: 12 
Case #52: 56 112 168 224 280 336 392 448 
Case #53: 2 4 6 8 10 12 14 16 18 20 22 24 26 28 30 32 34 36 38 40 42 44 46 48 50 52 54 56 58 60 62 64 66 68 68 68 68 68 68 68 68 68 68 68 68 68 68 68 68 68 68 68 68 68 68 68 68 68 68 68 68 68 68 68 68 68 68 68 
Case #54: 20 40 60 80 100 120 140 160 180 200 220 240 260 280 300 320 340 360 380 400 420 440 
Case #55: 110 220 330 
Case #56: 2 3 3 
Case #57: 6 12 18 24 30 36 42 48 54 60 66 72 78 84 90 96 102 108 114 120 126 132 138 144 150 156 162 168 174 180 186 192 198 204 210 216 222 228 234 240 246 252 258 264 270 276 282 288 294 300 
Case #58: 6 
Case #59: 20 40 60 80 100 120 140 160 180 200 220 
Case #60: 90 180 270 360 450 540 
Case #61: 6 12 18 24 30 
Case #62: 132 264 
Case #63: 12 
Case #64: 1 
Case #65: 90 180 270 360 450 540 630 720 810 900 990 
Case #66: 1 
Case #67: 156 312 
Case #68: 110 220 
Case #69: 20 
Case #70: 1 
Case #71: 2 4 6 8 10 12 14 16 18 20 22 24 26 28 30 32 33 33 33 33 33 33 33 33 33 33 33 33 33 33 33 33 33 
Case #72: 2 4 6 8 10 12 14 16 18 20 22 24 26 28 30 32 34 36 38 40 42 44 46 48 50 52 54 56 58 60 62 64 66 68 70 72 74 76 78 80 82 84 86 88 90 92 94 96 98 100 100 100 100 100 100 100 100 100 100 100 100 100 100 100 100 100 100 100 100 100 100 100 100 100 100 100 100 100 100 100 100 100 100 100 100 100 100 100 100 100 100 100 100 100 100 100 100 100 100 100 
Case #73: 110 
Case #74: 56 112 168 224 280 336 
Case #75: 6 12 18 24 30 36 42 48 54 60 66 72 78 84 90 96 102 108 114 120 126 132 138 144 150 156 162 168 174 180 186 192 198 204 210 216 222 228 234 240 246 252 258 264 270 276 
Case #76: 156 312 468 
Case #77: 6 12 18 24 30 36 42 48 54 60 66 72 78 84 90 96 102 108 114 120 126 132 138 144 150 156 162 168 174 180 186 192 198 
Case #78: 20 40 60 80 100 120 140 160 180 200 
Case #79: 1 
Case #80: 12 
Case #81: 156 312 468 
Case #82: 12 24 36 48 60 72 84 96 108 120 132 144 156 168 180 192 204 216 228 240 252 264 276 288 300 312 
Case #83: 90 180 270 360 450 540 
Case #84: 56 112 168 224 280 336 392 448 
Case #85: 56 112 168 224 280 336 392 
Case #86: 72 144 216 288 360 432 504 
Case #87: 30 60 90 120 150 180 
Case #88: 132 264 
Case #89: 6 12 18 24 30 36 42 48 54 60 66 72 78 84 90 96 102 108 114 120 126 132 138 
Case #90: 2 4 6 8 10 12 14 16 18 20 22 24 26 26 26 26 26 26 26 26 26 26 26 26 26 26 
Case #91: 30 60 90 120 150 180 210 240 270 300 330 360 390 420 450 480 510 540 570 
Case #92: 2 4 6 8 10 12 14 16 18 20 22 24 26 28 30 32 34 36 38 40 42 44 46 48 50 52 54 56 58 60 62 64 66 68 70 72 74 76 78 80 82 84 86 87 87 87 87 87 87 87 87 87 87 87 87 87 87 87 87 87 87 87 87 87 87 87 87 87 87 87 87 87 87 87 87 87 87 87 87 87 87 87 87 87 87 87 87 
Case #93: 12 24 36 48 60 72 84 96 108 120 132 144 156 168 180 192 204 216 228 240 252 264 276 288 300 312 324 336 348 360 372 384 396 408 
Case #94: 156 
Case #95: 2 4 6 8 10 12 14 16 18 20 20 20 20 20 20 20 20 20 20 20 
Case #96: 1 
Case #97: 110 220 330 440 550 660 
Case #98: 6 
Case #99: 56 112 168 224 280 336 392 448 504 560 616 
Case #100: 12 
