647
1 35 65 104 152 172 189 211 230 254 275 301 324 352 377 407 434 466 495 529 560 596 629 
2 34 66 103 153 171 190 210 231 253 276 300 325 351 378 406 435 465 496 528 561 595 630 
3 33 67 102 123 166 195 246 283 342 387 397 444 456 505 519 570 586 639 
4 45 76 120 169 192 208 233 251 278 298 327 349 380 404 437 463 498 526 563 593 632 
5 44 77 119 170 191 209 232 252 277 299 326 350 379 405 436 464 497 527 562 594 631 
6 43 78 118 138 186 214 270 306 319 357 372 412 429 471 490 534 555 601 624 
7 42 79 117 139 185 215 269 307 318 358 371 413 428 472 489 535 554 602 623 
8 41 80 116 140 184 216 268 308 368 416 425 475 486 538 551 605 620 
9 40 81 115 141 183 217 267 309 367 417 424 476 485 539 550 606 619 
10 39 82 114 142 182 218 266 310 366 418 482 542 547 609 616 
11 53 91 134 155 206 235 249 280 296 329 347 382 402 439 461 500 524 565 591 634 
12 52 92 133 156 205 236 293 332 344 385 399 442 458 503 521 568 588 637 
13 51 93 132 157 204 237 292 333 343 386 398 443 457 504 520 569 587 638 
14 50 94 131 158 203 238 291 334 395 446 454 507 517 572 584 641 
15 49 95 130 159 202 239 290 335 394 447 453 508 516 573 583 642 
16 48 73 96 129 160 201 240 289 336 393 448 513 576 580 645 
17 47 74 122 167 194 247 282 294 331 345 384 400 441 459 502 522 567 589 636 
18 46 75 121 168 193 248 281 295 330 346 383 401 440 460 501 523 566 590 635 
19 62 107 149 175 225 259 317 359 370 414 427 473 488 536 553 603 622 
20 61 108 148 176 224 260 316 360 369 415 426 474 487 537 552 604 621 
21 60 84 112 144 180 220 264 312 364 420 480 544 612 613 
22 59 85 111 145 179 221 263 313 363 421 479 545 611 614 
23 58 86 110 146 178 222 262 314 362 422 478 483 541 548 608 617 
24 57 87 109 147 177 223 261 315 361 423 477 484 540 549 607 618 
25 56 88 137 187 213 228 256 273 303 322 354 375 409 432 468 493 531 558 598 627 
26 55 89 136 188 212 229 255 274 302 323 353 376 408 433 467 494 530 559 597 628 
27 54 90 135 154 207 234 250 279 297 328 348 381 403 438 462 499 525 564 592 633 
28 72 97 128 161 200 241 288 337 392 449 512 577 579 646 
29 71 98 127 162 199 242 287 338 391 450 511 578 647 
30 70 99 126 163 198 243 286 339 390 451 510 514 575 581 644 
31 69 100 125 164 197 244 285 340 389 452 509 515 574 582 643 
32 68 101 124 165 196 245 284 341 388 396 445 455 506 518 571 585 640 
36 64 105 151 173 227 257 272 304 321 355 374 410 431 469 492 532 557 599 626 
37 63 106 150 174 226 258 271 305 320 356 373 411 430 470 491 533 556 600 625 
38 83 113 143 181 219 265 311 365 419 481 543 546 610 615 
