~ 1 2 1
~ 3 3 2
~ 6 2 1
~ 8 1 0
~ 9 3 2
~ 12 1 0
~ 13 2 1
~ 15 1 0
~ 16 1 0
~ 17 3 2
~ 20 1 0
~ 21 3 2
~ 24 1 0
~ 25 1 0
~ 26 1 0
~ 27 1 0
~ 28 2 1
~ 30 1 0
~ 31 1 0
236
~ 1 8 3
~ 9 4 2
~ 13 5 3
~ 18 4 2
~ 22 1 0
~ 23 5 3
~ 28 5 3
~ 33 5 3
~ 38 3 2
~ 41 1 0
~ 42 1 0
~ 43 2 1
~ 45 1 0
~ 46 2 1
~ 48 2 1
~ 50 1 0
~ 51 1 0
~ 52 2 1
~ 54 2 1
~ 56 1 0
~ 57 1 0
~ 58 2 1
~ 60 2 1
~ 62 2 1
~ 64 2 1
~ 66 1 0
~ 67 1 0
~ 68 1 0
~ 69 3 2
~ 72 1 0
~ 73 1 0
~ 74 4 2
~ 78 1 0
~ 79 2 1
~ 81 1 0
~ 82 1 0
~ 83 1 0
~ 84 1 0
~ 85 1 0
~ 86 1 0
~ 87 2 1
~ 89 1 0
~ 90 1 0
~ 91 1 0
~ 92 1 0
~ 93 1 0
~ 94 1 0
~ 95 1 0
~ 96 1 0
~ 97 1 0
~ 98 1 0
~ 99 1 0
~ 100 1 0
2273
~ 1 10 4
~ 11 3 2
~ 14 2 1
~ 16 2 1
~ 18 4 2
~ 22 2 1
~ 24 1 0
~ 25 3 2
~ 28 4 2
~ 32 1 0
~ 33 2 1
~ 35 1 0
~ 36 1 0
~ 37 1 0
~ 38 1 0
~ 39 1 0
~ 40 3 2
~ 43 1 0
~ 44 1 0
~ 45 1 0
~ 46 1 0
513
~ 1 18 5
~ 19 1 0
~ 20 3 2
~ 23 1 0
~ 24 1 0
~ 25 2 1
~ 27 1 0
~ 28 3 2
~ 31 1 0
~ 32 1 0
~ 33 3 2
~ 36 1 0
~ 37 2 1
~ 39 1 0
~ 40 1 0
~ 41 1 0
317
~ 1 2 1
~ 3 1 0
~ 4 1 0
~ 5 3 2
~ 8 1 0
~ 9 1 0
~ 10 1 0
~ 11 1 0
~ 12 1 0
~ 13 2 1
~ 15 1 0
~ 16 1 0
~ 17 1 0
~ 18 2 1
~ 20 1 0
~ 21 2 1
~ 23 1 0
~ 24 1 0
~ 25 2 1
~ 27 2 1
~ 29 1 0
~ 30 1 0
~ 31 1 0
~ 32 1 0
~ 33 1 0
~ 34 2 1
~ 36 1 0
~ 37 2 1
~ 39 1 0
~ 40 1 0
~ 41 1 0
~ 42 1 0
~ 43 1 0
~ 44 1 0
~ 45 1 0
~ 46 1 0
~ 47 1 0
~ 48 1 0
~ 49 1 0
~ 50 1 0
~ 51 1 0
~ 52 1 0
~ 53 1 0
~ 54 1 0
~ 55 1 0
~ 56 2 1
~ 58 1 0
~ 59 1 0
~ 60 1 0
~ 61 1 0
~ 62 1 0
~ 63 2 1
~ 65 1 0
~ 66 1 0
~ 67 1 0
~ 68 1 0
523
~ 1 2 1
~ 3 1 0
~ 4 1 0
~ 5 1 0
~ 6 1 0
~ 7 1 0
~ 8 1 0
~ 9 1 0
~ 10 1 0
~ 11 1 0
~ 12 1 0
~ 13 1 0
~ 14 1 0
~ 15 1 0
~ 16 1 0
~ 17 1 0
~ 18 1 0
~ 19 1 0
~ 20 1 0
~ 21 1 0
~ 22 1 0
~ 23 1 0
~ 24 1 0
~ 25 1 0
~ 26 1 0
~ 27 1 0
~ 28 1 0
~ 29 1 0
~ 30 1 0
~ 31 1 0
~ 32 1 0
~ 33 1 0
~ 34 1 0
~ 35 1 0
~ 36 1 0
~ 37 1 0
~ 38 1 0
~ 39 1 0
~ 40 1 0
~ 41 1 0
~ 42 1 0
~ 43 1 0
~ 44 1 0
~ 45 1 0
~ 46 1 0
~ 47 1 0
~ 48 1 0
~ 49 1 0
~ 50 1 0
~ 51 1 0
~ 52 1 0
~ 53 1 0
~ 54 1 0
~ 55 1 0
~ 56 1 0
~ 57 1 0
~ 58 1 0
~ 59 1 0
~ 60 1 0
60
~ 1 2 1
~ 3 3 2
~ 6 1 0
~ 7 2 1
~ 9 2 1
~ 11 1 0
~ 12 2 1
~ 14 2 1
~ 16 2 1
~ 18 1 0
~ 19 1 0
~ 20 1 0
~ 21 1 0
~ 22 1 0
119
~ 1 8 3
~ 9 2 1
~ 11 3 2
~ 14 3 2
~ 17 2 1
~ 19 5 3
~ 24 6 3
~ 30 1 0
~ 31 6 3
~ 37 3 2
~ 40 3 2
~ 43 3 2
~ 46 1 0
~ 47 1 0
~ 48 1 0
~ 49 3 2
~ 52 2 1
~ 54 1 0
~ 55 1 0
~ 56 1 0
~ 57 1 0
~ 58 2 1
~ 60 2 1
~ 62 1 0
~ 63 2 1
~ 65 5 3
~ 70 1 0
~ 71 1 0
~ 72 1 0
~ 73 2 1
~ 75 2 1
~ 77 1 0
~ 78 1 0
~ 79 1 0
~ 80 1 0
~ 81 2 1
~ 83 2 1
~ 85 3 2
~ 88 1 0
~ 89 1 0
~ 90 1 0
2000
~ 1 9 4
~ 10 4 2
~ 14 2 1
~ 16 1 0
~ 17 1 0
~ 18 3 2
~ 21 3 2
~ 24 5 3
~ 29 3 2
~ 32 2 1
~ 34 3 2
~ 37 1 0
~ 38 1 0
~ 39 1 0
~ 40 1 0
~ 41 1 0
~ 42 1 0
~ 43 1 0
~ 44 1 0
509
~ 1 17 5
~ 18 2 1
~ 20 2 1
~ 22 2 1
~ 24 1 0
~ 25 1 0
~ 26 4 2
~ 30 2 1
~ 32 2 1
~ 34 2 1
~ 36 3 2
~ 39 4 2
~ 43 2 1
~ 45 1 0
~ 46 2 1
~ 48 1 0
~ 49 1 0
~ 50 2 1
~ 52 1 0
~ 53 1 0
~ 54 1 0
598
~ 1 2 1
~ 3 3 2
~ 6 2 1
~ 8 3 2
~ 11 1 0
~ 12 1 0
~ 13 1 0
~ 14 1 0
~ 15 3 2
~ 18 1 0
~ 19 1 0
~ 20 2 1
~ 22 1 0
~ 23 1 0
~ 24 1 0
~ 25 3 2
~ 28 1 0
~ 29 1 0
~ 30 1 0
~ 31 1 0
~ 32 1 0
~ 33 1 0
~ 34 1 0
~ 35 1 0
~ 36 1 0
~ 37 3 2
~ 40 1 0
~ 41 1 0
~ 42 1 0
~ 43 1 0
~ 44 1 0
~ 45 2 1
~ 47 1 0
~ 48 1 0
~ 49 1 0
~ 50 1 0
~ 51 1 0
~ 52 2 1
~ 54 3 2
~ 57 1 0
~ 58 1 0
~ 59 1 0
~ 60 1 0
~ 61 1 0
~ 62 1 0
~ 63 1 0
~ 64 1 0
~ 65 1 0
~ 66 1 0
~ 67 1 0
~ 68 1 0
~ 69 1 0
~ 70 2 1
~ 72 2 1
~ 74 1 0
~ 75 1 0
~ 76 1 0
~ 77 1 0
~ 78 1 0
~ 79 1 0
~ 80 2 1
~ 82 1 0
~ 83 1 0
~ 84 1 0
~ 85 1 0
~ 86 1 0
~ 87 1 0
~ 88 1 0
~ 89 1 0
~ 90 1 0
~ 91 2 1
~ 93 1 0
~ 94 1 0
~ 95 1 0
~ 96 2 1
~ 98 1 0
~ 99 1 0
~ 100 1 0
~ 101 1 0
~ 102 1 0
~ 103 1 0
~ 104 1 0
~ 105 2 1
~ 107 1 0
~ 108 1 0
~ 109 1 0
~ 110 1 0
~ 111 1 0
~ 112 1 0
~ 113 3 2
~ 116 1 0
~ 117 3 2
~ 120 1 0
~ 121 1 0
~ 122 1 0
~ 123 1 0
~ 124 1 0
~ 125 1 0
~ 126 1 0
~ 127 1 0
~ 128 1 0
~ 129 1 0
~ 130 1 0
~ 131 1 0
~ 132 1 0
~ 133 1 0
~ 134 1 0
~ 135 1 0
~ 136 2 1
~ 138 1 0
~ 139 1 0
~ 140 1 0
~ 141 1 0
~ 142 2 1
~ 144 1 0
~ 145 1 0
~ 146 1 0
2603
~ 1 1 0
~ 2 1 0
~ 3 1 0
~ 4 1 0
~ 5 1 0
~ 6 1 0
~ 7 1 0
~ 8 1 0
~ 9 1 0
~ 10 2 1
~ 12 2 1
~ 14 1 0
~ 15 2 1
~ 17 1 0
~ 18 1 0
~ 19 1 0
~ 20 1 0
~ 21 1 0
~ 22 1 0
~ 23 1 0
~ 24 1 0
~ 25 1 0
~ 26 1 0
~ 27 1 0
~ 28 1 0
~ 29 1 0
~ 30 1 0
~ 31 1 0
~ 32 1 0
~ 33 1 0
~ 34 1 0
~ 35 1 0
~ 36 1 0
~ 37 1 0
~ 38 1 0
~ 39 1 0
~ 40 1 0
~ 41 1 0
~ 42 1 0
~ 43 1 0
~ 44 1 0
~ 45 1 0
~ 46 1 0
~ 47 1 0
~ 48 1 0
~ 49 1 0
~ 50 1 0
~ 51 1 0
~ 52 1 0
~ 53 1 0
~ 54 1 0
~ 55 1 0
~ 56 1 0
~ 57 1 0
~ 58 1 0
~ 59 1 0
~ 60 1 0
~ 61 1 0
~ 62 1 0
~ 63 1 0
~ 64 1 0
~ 65 1 0
~ 66 1 0
~ 67 1 0
~ 68 1 0
~ 69 1 0
~ 70 1 0
~ 71 1 0
~ 72 1 0
~ 73 1 0
~ 74 1 0
~ 75 1 0
~ 76 1 0
~ 77 1 0
~ 78 1 0
~ 79 1 0
~ 80 1 0
~ 81 1 0
~ 82 1 0
~ 83 1 0
~ 84 1 0
~ 85 1 0
~ 86 1 0
~ 87 1 0
~ 88 1 0
~ 89 1 0
~ 90 1 0
236
~ 1 3 2
~ 4 3 2
~ 7 2 1
~ 9 1 0
~ 10 2 1
~ 12 2 1
~ 14 1 0
~ 15 1 0
~ 16 1 0
~ 17 3 2
~ 20 1 0
~ 21 1 0
~ 22 1 0
~ 23 1 0
~ 24 2 1
~ 26 1 0
173
~ 1 8 3
~ 9 5 3
~ 14 2 1
~ 16 6 3
~ 22 3 2
~ 25 4 2
~ 29 3 2
~ 32 2 1
~ 34 1 0
~ 35 1 0
~ 36 4 2
~ 40 1 0
~ 41 1 0
~ 42 1 0
~ 43 2 1
~ 45 1 0
~ 46 3 2
~ 49 3 2
~ 52 1 0
~ 53 3 2
~ 56 2 1
~ 58 2 1
~ 60 3 2
~ 63 1 0
~ 64 1 0
~ 65 2 1
~ 67 1 0
~ 68 2 1
~ 70 3 2
~ 73 1 0
~ 74 1 0
~ 75 2 1
~ 77 1 0
~ 78 1 0
~ 79 1 0
~ 80 2 1
~ 82 1 0
~ 83 1 0
~ 84 2 1
~ 86 1 0
~ 87 2 1
~ 89 1 0
~ 90 3 2
~ 93 2 1
~ 95 1 0
~ 96 1 0
~ 97 1 0
~ 98 1 0
~ 99 2 1
~ 101 1 0
~ 102 1 0
~ 103 1 0
~ 104 1 0
~ 105 1 0
2560
~ 1 14 4
~ 15 3 2
~ 18 2 1
~ 20 3 2
~ 23 2 1
~ 25 3 2
~ 28 4 2
~ 32 5 3
~ 37 1 0
~ 38 1 0
~ 39 2 1
~ 41 2 1
~ 43 3 2
~ 46 1 0
~ 47 3 2
~ 50 1 0
~ 51 1 0
~ 52 2 1
~ 54 1 0
~ 55 1 0
~ 56 1 0
~ 57 1 0
~ 58 1 0
~ 59 1 0
~ 60 1 0
835
~ 1 15 4
~ 16 3 2
~ 19 1 0
~ 20 1 0
~ 21 1 0
~ 22 2 1
~ 24 3 2
~ 27 3 2
~ 30 3 2
~ 33 1 0
~ 34 1 0
~ 35 1 0
~ 36 1 0
~ 37 1 0
~ 38 1 0
287
~ 1 2 1
~ 3 2 1
~ 5 1 0
~ 6 2 1
~ 8 1 0
~ 9 2 1
~ 11 2 1
~ 13 1 0
~ 14 1 0
~ 15 1 0
~ 16 1 0
~ 17 2 1
~ 19 1 0
~ 20 1 0
~ 21 1 0
~ 22 1 0
~ 23 1 0
~ 24 2 1
~ 26 1 0
~ 27 1 0
~ 28 1 0
~ 29 2 1
~ 31 1 0
~ 32 1 0
~ 33 2 1
~ 35 1 0
~ 36 1 0
~ 37 1 0
~ 38 1 0
~ 39 1 0
~ 40 1 0
~ 41 1 0
~ 42 1 0
~ 43 3 2
~ 46 1 0
~ 47 1 0
~ 48 1 0
~ 49 1 0
~ 50 1 0
~ 51 1 0
~ 52 1 0
~ 53 1 0
~ 54 1 0
~ 55 4 2
~ 59 1 0
~ 60 1 0
~ 61 1 0
~ 62 1 0
~ 63 1 0
~ 64 1 0
~ 65 1 0
~ 66 1 0
~ 67 1 0
~ 68 1 0
~ 69 1 0
~ 70 1 0
~ 71 1 0
~ 72 1 0
~ 73 1 0
~ 74 1 0
~ 75 1 0
~ 76 1 0
~ 77 1 0
~ 78 2 1
~ 80 1 0
~ 81 1 0
~ 82 1 0
~ 83 1 0
~ 84 1 0
~ 85 1 0
797
~ 1 1 0
~ 2 1 0
~ 3 2 1
~ 5 1 0
~ 6 1 0
~ 7 1 0
~ 8 1 0
~ 9 1 0
~ 10 1 0
~ 11 2 1
~ 13 1 0
~ 14 1 0
~ 15 1 0
~ 16 1 0
~ 17 1 0
~ 18 1 0
~ 19 1 0
~ 20 1 0
~ 21 1 0
~ 22 1 0
~ 23 1 0
~ 24 1 0
~ 25 1 0
~ 26 2 1
~ 28 1 0
~ 29 1 0
~ 30 1 0
~ 31 1 0
~ 32 1 0
~ 33 1 0
~ 34 1 0
~ 35 1 0
~ 36 1 0
~ 37 1 0
~ 38 1 0
~ 39 1 0
~ 40 1 0
~ 41 1 0
~ 42 1 0
~ 43 1 0
~ 44 1 0
~ 45 1 0
~ 46 1 0
~ 47 1 0
~ 48 1 0
~ 49 1 0
~ 50 1 0
~ 51 1 0
~ 52 1 0
~ 53 1 0
~ 54 1 0
~ 55 1 0
~ 56 1 0
~ 57 1 0
~ 58 1 0
~ 59 1 0
~ 60 1 0
~ 61 1 0
~ 62 1 0
~ 63 1 0
~ 64 1 0
~ 65 1 0
~ 66 1 0
~ 67 1 0
~ 68 1 0
~ 69 1 0
~ 70 1 0
~ 71 1 0
~ 72 1 0
~ 73 1 0
~ 74 1 0
~ 75 1 0
~ 76 1 0
~ 77 1 0
~ 78 1 0
~ 79 1 0
~ 80 1 0
~ 81 1 0
~ 82 1 0
~ 83 1 0
~ 84 1 0
~ 85 1 0
~ 86 1 0
~ 87 1 0
~ 88 1 0
~ 89 1 0
~ 90 1 0
~ 91 1 0
~ 92 1 0
~ 93 1 0
~ 94 1 0
~ 95 1 0
~ 96 1 0
~ 97 1 0
~ 98 1 0
~ 99 1 0
~ 100 1 0
~ 101 1 0
266
~ 1 3 2
~ 4 1 0
~ 5 1 0
~ 6 2 1
~ 8 1 0
~ 9 1 0
~ 10 2 1
~ 12 1 0
~ 13 2 1
~ 15 1 0
~ 16 1 0
54
~ 1 8 3
~ 9 2 1
~ 11 6 3
~ 17 2 1
~ 19 3 2
~ 22 2 1
~ 24 3 2
~ 27 4 2
~ 31 2 1
~ 33 1 0
~ 34 2 1
~ 36 1 0
~ 37 2 1
~ 39 1 0
~ 40 1 0
~ 41 2 1
~ 43 1 0
~ 44 2 1
~ 46 2 1
~ 48 3 2
~ 51 2 1
~ 53 2 1
~ 55 1 0
~ 56 1 0
~ 57 1 0
~ 58 1 0
~ 59 1 0
~ 60 1 0
~ 61 1 0
893
~ 1 12 4
~ 13 2 1
~ 15 2 1
~ 17 1 0
~ 18 1 0
~ 19 2 1
~ 21 3 2
~ 24 2 1
~ 26 3 2
~ 29 2 1
~ 31 3 2
~ 34 7 3
~ 41 1 0
~ 42 1 0
~ 43 1 0
~ 44 1 0
~ 45 1 0
~ 46 1 0
~ 47 1 0
~ 48 1 0
~ 49 1 0
~ 50 1 0
~ 51 1 0
~ 52 1 0
~ 53 1 0
610
~ 1 14 4
~ 15 3 2
~ 18 1 0
~ 19 3 2
~ 22 3 2
~ 25 1 0
~ 26 2 1
~ 28 4 2
~ 32 2 1
~ 34 1 0
~ 35 1 0
~ 36 2 1
~ 38 1 0
~ 39 2 1
~ 41 1 0
367
~ 1 3 2
~ 4 2 1
~ 6 2 1
~ 8 1 0
~ 9 2 1
~ 11 1 0
~ 12 2 1
~ 14 1 0
~ 15 1 0
~ 16 2 1
~ 18 1 0
~ 19 2 1
~ 21 1 0
~ 22 1 0
~ 23 1 0
~ 24 1 0
~ 25 3 2
~ 28 1 0
~ 29 1 0
~ 30 1 0
~ 31 1 0
~ 32 1 0
~ 33 1 0
~ 34 1 0
~ 35 1 0
~ 36 1 0
~ 37 1 0
~ 38 1 0
~ 39 1 0
~ 40 1 0
~ 41 1 0
~ 42 1 0
~ 43 1 0
~ 44 1 0
~ 45 1 0
~ 46 2 1
~ 48 1 0
~ 49 2 1
~ 51 1 0
~ 52 1 0
~ 53 1 0
~ 54 1 0
~ 55 1 0
~ 56 1 0
~ 57 1 0
~ 58 1 0
~ 59 1 0
~ 60 1 0
~ 61 4 2
~ 65 1 0
~ 66 1 0
~ 67 1 0
~ 68 1 0
~ 69 1 0
~ 70 1 0
~ 71 1 0
~ 72 1 0
~ 73 1 0
~ 74 1 0
~ 75 1 0
~ 76 1 0
~ 77 2 1
~ 79 1 0
~ 80 2 1
~ 82 1 0
~ 83 1 0
~ 84 1 0
~ 85 1 0
~ 86 1 0
~ 87 1 0
~ 88 1 0
~ 89 1 0
~ 90 1 0
~ 91 1 0
~ 92 1 0
~ 93 1 0
~ 94 1 0
~ 95 1 0
~ 96 1 0
~ 97 1 0
~ 98 1 0
~ 99 1 0
~ 100 1 0
~ 101 1 0
~ 102 1 0
~ 103 1 0
~ 104 1 0
~ 105 1 0
~ 106 1 0
~ 107 1 0
~ 108 1 0
~ 109 1 0
~ 110 1 0
~ 111 1 0
~ 112 1 0
1316
~ 1 1 0
~ 2 1 0
~ 3 2 1
~ 5 1 0
~ 6 1 0
~ 7 1 0
~ 8 1 0
~ 9 1 0
~ 10 1 0
~ 11 1 0
~ 12 1 0
~ 13 1 0
~ 14 1 0
~ 15 1 0
~ 16 1 0
~ 17 2 1
~ 19 1 0
~ 20 1 0
~ 21 1 0
~ 22 1 0
~ 23 1 0
~ 24 1 0
~ 25 1 0
~ 26 1 0
~ 27 1 0
~ 28 1 0
~ 29 1 0
~ 30 1 0
~ 31 1 0
~ 32 1 0
~ 33 1 0
~ 34 2 1
~ 36 1 0
~ 37 1 0
~ 38 1 0
~ 39 1 0
~ 40 1 0
~ 41 1 0
~ 42 1 0
~ 43 1 0
~ 44 1 0
~ 45 1 0
~ 46 1 0
~ 47 1 0
~ 48 1 0
~ 49 1 0
~ 50 1 0
~ 51 1 0
~ 52 1 0
~ 53 1 0
~ 54 1 0
~ 55 1 0
~ 56 1 0
~ 57 1 0
~ 58 1 0
~ 59 1 0
~ 60 2 1
~ 62 1 0
~ 63 1 0
~ 64 1 0
~ 65 1 0
~ 66 1 0
~ 67 1 0
~ 68 1 0
~ 69 1 0
~ 70 2 1
~ 72 1 0
~ 73 1 0
~ 74 1 0
~ 75 1 0
~ 76 1 0
~ 77 1 0
~ 78 1 0
~ 79 1 0
~ 80 1 0
~ 81 1 0
~ 82 1 0
~ 83 1 0
~ 84 1 0
~ 85 1 0
~ 86 1 0
~ 87 1 0
~ 88 1 0
~ 89 1 0
~ 90 1 0
~ 91 1 0
~ 92 1 0
~ 93 1 0
~ 94 1 0
~ 95 1 0
~ 96 1 0
~ 97 1 0
~ 98 1 0
~ 99 1 0
~ 100 1 0
~ 101 1 0
~ 102 1 0
~ 103 1 0
~ 104 1 0
~ 105 1 0
~ 106 2 1
~ 108 1 0
~ 109 1 0
~ 110 1 0
~ 111 1 0
~ 112 1 0
388
~ 1 2 1
~ 3 2 1
~ 5 3 2
~ 8 1 0
~ 9 2 1
~ 11 1 0
~ 12 1 0
~ 13 1 0
~ 14 1 0
~ 15 1 0
~ 16 1 0
~ 17 1 0
~ 18 1 0
~ 19 1 0
~ 20 1 0
82
~ 1 8 3
~ 9 1 0
~ 10 4 2
~ 14 3 2
~ 17 2 1
~ 19 1 0
~ 20 2 1
~ 22 3 2
~ 25 1 0
~ 26 2 1
~ 28 1 0
~ 29 2 1
~ 31 1 0
~ 32 1 0
~ 33 2 1
~ 35 1 0
~ 36 2 1
~ 38 2 1
~ 40 1 0
~ 41 1 0
~ 42 1 0
~ 43 1 0
~ 44 1 0
~ 45 1 0
~ 46 1 0
458
~ 1 13 4
~ 14 5 3
~ 19 2 1
~ 21 2 1
~ 23 2 1
~ 25 3 2
~ 28 5 3
~ 33 5 3
~ 38 2 1
~ 40 3 2
~ 43 2 1
~ 45 1 0
~ 46 2 1
~ 48 1 0
~ 49 1 0
~ 50 1 0
~ 51 1 0
~ 52 1 0
~ 53 2 1
~ 55 2 1
~ 57 1 0
~ 58 1 0
~ 59 1 0
~ 60 1 0
~ 61 1 0
~ 62 1 0
~ 63 1 0
~ 64 1 0
~ 65 1 0
~ 66 1 0
~ 67 1 0
~ 68 1 0
1068
~ 1 15 4
~ 16 1 0
~ 17 3 2
~ 20 4 2
~ 24 2 1
~ 26 3 2
~ 29 2 1
~ 31 2 1
~ 33 3 2
~ 36 2 1
~ 38 1 0
~ 39 4 2
~ 43 1 0
~ 44 1 0
~ 45 1 0
~ 46 1 0
~ 47 1 0
470
~ 1 2 1
~ 3 2 1
~ 5 1 0
~ 6 4 2
~ 10 1 0
~ 11 1 0
~ 12 3 2
~ 15 1 0
~ 16 1 0
~ 17 1 0
~ 18 2 1
~ 20 1 0
~ 21 2 1
~ 23 1 0
~ 24 1 0
~ 25 1 0
~ 26 2 1
~ 28 1 0
~ 29 1 0
~ 30 1 0
~ 31 1 0
~ 32 3 2
~ 35 1 0
~ 36 1 0
~ 37 1 0
~ 38 1 0
~ 39 1 0
~ 40 1 0
~ 41 1 0
~ 42 1 0
~ 43 1 0
~ 44 1 0
~ 45 2 1
~ 47 1 0
~ 48 2 1
~ 50 1 0
~ 51 1 0
~ 52 1 0
~ 53 1 0
~ 54 1 0
~ 55 1 0
~ 56 2 1
~ 58 1 0
~ 59 1 0
~ 60 1 0
~ 61 3 2
~ 64 1 0
~ 65 1 0
~ 66 1 0
~ 67 1 0
~ 68 1 0
~ 69 1 0
~ 70 1 0
~ 71 1 0
~ 72 1 0
~ 73 1 0
~ 74 1 0
~ 75 1 0
~ 76 1 0
~ 77 1 0
~ 78 2 1
~ 80 1 0
~ 81 1 0
~ 82 1 0
~ 83 1 0
~ 84 2 1
~ 86 1 0
~ 87 1 0
~ 88 1 0
~ 89 1 0
~ 90 1 0
~ 91 1 0
~ 92 1 0
~ 93 1 0
~ 94 1 0
~ 95 1 0
~ 96 1 0
~ 97 1 0
~ 98 1 0
~ 99 1 0
~ 100 1 0
~ 101 1 0
~ 102 1 0
~ 103 1 0
~ 104 1 0
~ 105 1 0
~ 106 1 0
~ 107 1 0
~ 108 1 0
~ 109 1 0
~ 110 1 0
~ 111 1 0
~ 112 1 0
~ 113 1 0
~ 114 1 0
~ 115 1 0
~ 116 1 0
~ 117 1 0
~ 118 1 0
~ 119 1 0
1558
~ 1 2 1
~ 3 1 0
~ 4 1 0
~ 5 1 0
~ 6 1 0
~ 7 1 0
~ 8 1 0
~ 9 2 1
~ 11 1 0
~ 12 1 0
~ 13 1 0
~ 14 1 0
~ 15 1 0
~ 16 1 0
~ 17 1 0
~ 18 1 0
~ 19 1 0
~ 20 1 0
~ 21 1 0
~ 22 1 0
~ 23 1 0
~ 24 1 0
~ 25 1 0
~ 26 1 0
~ 27 1 0
~ 28 1 0
~ 29 1 0
~ 30 1 0
~ 31 1 0
~ 32 1 0
~ 33 1 0
~ 34 2 1
~ 36 1 0
~ 37 1 0
~ 38 1 0
~ 39 1 0
~ 40 1 0
~ 41 1 0
~ 42 1 0
~ 43 1 0
~ 44 1 0
~ 45 1 0
~ 46 1 0
~ 47 1 0
~ 48 1 0
~ 49 1 0
~ 50 1 0
~ 51 1 0
~ 52 1 0
~ 53 1 0
~ 54 1 0
~ 55 1 0
~ 56 1 0
~ 57 1 0
~ 58 1 0
~ 59 1 0
~ 60 1 0
~ 61 1 0
~ 62 1 0
~ 63 1 0
~ 64 1 0
~ 65 1 0
~ 66 1 0
~ 67 1 0
~ 68 1 0
~ 69 1 0
~ 70 1 0
~ 71 1 0
~ 72 1 0
~ 73 1 0
~ 74 1 0
~ 75 1 0
~ 76 1 0
~ 77 1 0
~ 78 1 0
~ 79 1 0
~ 80 1 0
~ 81 1 0
~ 82 1 0
~ 83 1 0
~ 84 1 0
~ 85 1 0
~ 86 1 0
~ 87 1 0
~ 88 1 0
~ 89 1 0
~ 90 1 0
~ 91 1 0
~ 92 1 0
~ 93 1 0
~ 94 1 0
~ 95 1 0
~ 96 1 0
~ 97 1 0
~ 98 1 0
~ 99 1 0
~ 100 1 0
~ 101 2 1
~ 103 1 0
~ 104 1 0
~ 105 1 0
279
