Case #1: CAB
Case #2: MJA
Case #3: OCDE
Case #4: BBAAA
Case #5: CCCABBBAB
Case #6: CCCBAABAB
Case #7: ZXCASDQWE
Case #8: CCCCCBBBBBAAAAA
Case #9: AAA
Case #10: BBA
Case #11: ONLHCBAFGJKEMDI
Case #12: ZACBA
Case #13: BAA
Case #14: CCCCCBAAAAABBBB
Case #15: BAA
Case #16: MMLIEABCDFGHJKA
Case #17: BBA
Case #18: CCCCCCAAABAABAB
Case #19: OMBJDCIAFGKHENL
Case #20: BBA
Case #21: BBB
Case #22: CCCCCBBBBBAAAAA
Case #23: ONMDFJKIGALCHBE
Case #24: MMLKIFEAJHGDCBA
Case #25: CCBAAAAAAAAAA
Case #26: CCCCCAAAABBBAAA
Case #27: ZABCD
Case #28: BBBBBAAAAAAAA
Case #29: ZABYCXDWEU
Case #30: OMNLKJIFBHEDCGA
Case #31: CBA
Case #32: CBA
Case #33: DDDCBBABABBAC
Case #34: RRBAACADABA
Case #35: DDCBBBBAAAAAA
Case #36: Z
Case #37: BAAA
Case #38: CCCCCBAAABBBAAA
Case #39: ONKGLCMIHFEDJBA
Case #40: CCCCCBBBAAAAAAB
Case #41: DDCBAAACBBBCC
Case #42: CCCCCABBBBABAAA
Case #43: OGEDCBAJIMKHNLF
Case #44: CCCCCBBBBABAAAA
Case #45: CCCBBBBBAAAABAB
Case #46: ONMCDKAGEIBHFLJ
Case #47: CCCCCABBAABABAB
Case #48: CCCCCCCBAABBAAB
Case #49: DCCBAAAAAAACC
Case #50: CCCCCBBBBBAAAAA
Case #51: CCBAAAABBAABAAA
Case #52: CCCCCABBBBAAABA
Case #53: YRKBDGTHBPBSBPN
Case #54: MMKIHFEABCDGJLA
Case #55: CCCCCBBBBBAAAAA
Case #56: CCCCCCAABBBBBBB
Case #57: ZAYBXCWDUE
Case #58: DDCBAAABBACBC
Case #59: CCCCBBAAABAAB
Case #60: CBBBBAAAAAABB
Case #61: ZDCBA
Case #62: CCCCCBBBBBAAAAA
Case #63: CCCCCCCCAAAAABA
Case #64: ONMFCBAEDHIJKLG
Case #65: ZADBC
Case #66: MMFDBACEGHIJKLA
Case #67: MMABDEGILAKJHFC
Case #68: CCCCCBBABBAAAAB
Case #69: CAB
Case #70: ZEDCBAYXWU
Case #71: CBA
Case #72: MMADEFILAKJHGCB
Case #73: BAAA
Case #74: ONMLIGFDBHAKJCE
Case #75: ONMBFICKAGHEDJL
Case #76: ZDABC
Case #77: CCCCCAAAAABBBBB
Case #78: AA
Case #79: YYYWPBXBBWGHPVV
Case #80: BAA
Case #81: BAAA
Case #82: CCCCAABBBBBBAAA
Case #83: BAAA
Case #84: CBA
Case #85: CCCCBAAABBBAAAB
Case #86: CCCCCBBBBBAAAAA
Case #87: CCCCCCBBAABBAAB
Case #88: BA
Case #89: CCCCCBBBBBAAAAA
Case #90: A
Case #91: CCCBABBBABABAAB
Case #92: YXQBPJTXMHXLDMH
Case #93: CCCCCCAAABBAAAB
Case #94: ZYYTLKYGTPSDMSW
Case #95: BA
Case #96: CBBBBBBBAAAAA
Case #97: CCBBBAAAAAAAA
Case #98: BB
Case #99: ZAAAA
Case #100: YSQDDVLDDLNPFFF
