Case #1: 19 20
Case #2: 023 023
Case #3: 0 0
Case #4: 05 00
Case #5: 484 444
Case #6: 09 99
Case #7: 300 300
Case #8: 800 689
Case #9: 99 99
Case #10: 05 05
Case #11: 95 99
Case #12: 09 90
Case #13: 102 100
Case #14: 093 098
Case #15: 097 450
Case #16: 002 002
Case #17: 536 549
Case #18: 0 0
Case #19: 701 701
Case #20: 049 090
Case #21: 90 90
Case #22: 080 085
Case #23: 076 026
Case #24: 5 5
Case #25: 199 199
Case #26: 040 009
Case #27: 99 99
Case #28: 009 040
Case #29: 050 050
Case #30: 99 90
Case #31: 90 90
Case #32: 740 740
Case #33: 432 432
Case #34: 99 99
Case #35: 691 691
Case #36: 019 060
Case #37: 009 009
Case #38: 100 099
Case #39: 556 558
Case #40: 05 05
Case #41: 00 00
Case #42: 080 039
Case #43: 09 09
Case #44: 807 810
Case #45: 003 003
Case #46: 029 070
Case #47: 90 90
Case #48: 05 05
Case #49: 039 080
Case #50: 9 9
Case #51: 00 00
Case #52: 059 090
Case #53: 9 9
Case #54: 090 090
Case #55: 500 089
Case #56: 872 872
Case #57: 089 120
Case #58: 397 760
Case #59: 99 09
Case #60: 029 050
Case #61: 99 99
Case #62: 069 100
Case #63: 208 199
Case #64: 00 00
Case #65: 010 010
Case #66: 00 00
Case #67: 070 070
Case #68: 070 029
Case #69: 080 049
Case #70: 020 020
Case #71: 074 071
Case #72: 720 720
Case #73: 369 369
Case #74: 90 99
Case #75: 102 098
Case #76: 95 95
Case #77: 880 879
Case #78: 090 049
Case #79: 424 424
Case #80: 024 040
Case #81: 00 05
Case #82: 056 074
Case #83: 199 600
Case #84: 10 05
Case #85: 008 011
Case #86: 868 872
Case #87: 039 070
Case #88: 5 5
Case #89: 079 110
Case #90: 909 990
Case #91: 95 95
Case #92: 206 205
Case #93: 910 909
Case #94: 0 0
Case #95: 050 050
Case #96: 93 88
Case #97: 99 99
Case #98: 029 060
Case #99: 112 112
Case #100: 907 907
Case #101: 009 050
Case #102: 599 601
Case #103: 548 800
Case #104: 909 910
Case #105: 00 00
Case #106: 099 139
Case #107: 130 099
Case #108: 616 616
Case #109: 992 988
Case #110: 000 000
Case #111: 050 050
Case #112: 469 900
Case #113: 807 904
Case #114: 707 707
Case #115: 99 99
Case #116: 00 00
Case #117: 050 009
Case #118: 90 09
Case #119: 001 001
Case #120: 99 99
Case #121: 120 089
Case #122: 019 050
Case #123: 99 99
Case #124: 09 09
Case #125: 00 00
Case #126: 090 059
Case #127: 099 100
Case #128: 011 011
Case #129: 09 09
Case #130: 528 528
Case #131: 497 500
Case #132: 864 904
Case #133: 110 065
Case #134: 507 503
Case #135: 730 727
Case #136: 397 480
Case #137: 216 216
Case #138: 800 596
Case #139: 092 093
Case #140: 096 096
Case #141: 192 200
Case #142: 887 886
Case #143: 010 009
Case #144: 050 019
Case #145: 802 396
Case #146: 498 498
Case #147: 988 992
Case #148: 100 069
Case #149: 099 909
Case #150: 988 988
Case #151: 09 05
Case #152: 159 161
Case #153: 09 10
Case #154: 88 93
Case #155: 920 920
Case #156: 90 90
Case #157: 500 177
Case #158: 049 080
Case #159: 05 05
Case #160: 10 09
Case #161: 519 907
Case #162: 070 039
Case #163: 056 056
Case #164: 05 10
Case #165: 069 069
Case #166: 096 096
Case #167: 990 909
Case #168: 993 988
Case #169: 800 699
Case #170: 020 012
Case #171: 018 018
Case #172: 099 130
Case #173: 99 95
Case #174: 369 540
Case #175: 05 09
Case #176: 690 690
Case #177: 240 219
Case #178: 479 479
Case #179: 003 004
Case #180: 007 005
Case #181: 099 304
Case #182: 020 012
Case #183: 308 310
Case #184: 907 907
Case #185: 110 079
Case #186: 090 053
Case #187: 179 179
Case #188: 09 09
Case #189: 060 029
Case #190: 178 606
Case #191: 700 700
Case #192: 019 029
Case #193: 721 679
Case #194: 700 299
Case #195: 025 028
Case #196: 988 993
Case #197: 397 401
Case #198: 098 093
Case #199: 131 131
Case #200: 060 019
