1
1 2 4 6 7 8 11 15 18 21 23 26 35 36 41 42 43 44 45 46 50 
1 2 4 6 7 8 11 13 14 15 18 21 23 26 35 36 41 42 43 44 45 46 50 
1 7 26 35 42 45 46 
1 2 4 6 7 8 9 11 12 13 14 15 18 19 21 22 23 24 26 27 28 35 36 37 40 41 42 43 44 45 46 48 49 50 53 
1 2 4 7 8 11 14 15 18 19 21 23 26 27 35 36 37 41 42 43 44 45 46 50 
1 2 4 6 7 8 11 12 13 14 15 18 19 21 22 23 24 26 27 35 36 37 40 41 42 43 44 45 46 48 50 
1 2 4 6 7 8 11 13 14 15 18 19 21 23 26 35 36 41 42 43 44 45 46 50 
1 2 4 6 7 8 11 15 18 21 24 26 27 35 36 37 40 41 42 43 44 45 46 48 49 50 
1 2 3 4 5 6 7 8 9 10 11 12 13 14 15 16 18 19 21 22 23 24 25 26 27 28 29 32 33 34 35 36 37 38 39 40 41 42 43 44 45 46 47 48 49 50 52 53 
1 2 3 4 5 6 7 8 9 10 11 12 13 14 15 16 18 19 21 22 23 24 25 26 27 28 29 32 33 34 35 36 37 38 40 41 42 43 44 45 46 48 49 50 52 53 
1 2 4 7 8 9 11 12 13 14 18 21 26 35 36 41 42 43 44 45 46 50 
7 43 45 46 
1 2 4 7 8 11 15 18 19 21 22 23 24 26 35 42 43 44 45 46 50 
1 2 7 8 11 21 26 27 28 35 36 37 40 41 42 43 44 45 46 50 
1 2 4 6 7 8 9 11 12 13 14 15 16 18 19 21 22 23 24 26 27 28 32 35 42 43 45 46 48 49 50 
1 2 3 4 6 7 8 9 11 12 13 14 15 16 18 19 21 22 23 24 25 26 27 28 32 33 35 36 37 40 41 42 43 44 45 46 48 49 50 53 
1 7 8 11 26 33 35 36 37 40 41 42 43 44 45 50 
1 2 3 4 5 6 7 8 9 10 11 12 13 14 15 16 18 19 21 22 23 24 25 26 27 28 29 32 33 46 48 49 50 52 53 
1 2 3 4 5 6 7 8 9 10 11 12 13 14 15 16 17 18 35 36 37 38 40 41 42 43 44 45 46 47 48 49 50 52 53 
19 21 22 23 24 25 26 27 28 29 32 33 34 35 36 37 38 39 40 41 42 43 44 45 46 47 48 49 50 51 52 
1 2 3 4 5 6 7 8 9 10 11 12 13 14 15 16 17 18 19 20 21 22 23 53 
