1
4 6 8 12 20 28 33 36 37 41 54 58 64 66 67 70 73 75 85 89 98 100 
6 8 12 28 33 36 37 41 53 54 58 64 67 73 75 89 98 100 
28 33 36 41 67 89 
1 3 4 5 6 7 8 9 11 12 14 15 16 18 20 21 23 24 25 27 28 29 30 33 34 36 37 38 40 41 43 44 45 46 47 48 49 53 54 56 58 59 60 64 66 67 69 70 71 73 75 76 79 82 83 85 86 87 89 91 93 97 98 99 100 
4 6 28 33 36 37 41 54 58 66 67 70 73 75 85 89 98 100 
3 6 8 12 20 28 33 36 37 41 53 54 58 64 66 67 70 73 75 79 82 85 86 87 89 98 100 
4 5 6 8 12 20 24 28 33 34 36 37 41 58 67 73 75 89 100 
6 28 33 36 37 41 49 53 54 58 60 64 66 67 70 73 75 79 89 100 
3 4 5 6 8 12 15 20 36 58 67 82 85 86 87 89 98 100 
1 3 4 5 6 7 8 9 12 15 18 20 21 23 24 25 28 29 30 33 34 36 37 38 41 43 44 48 49 53 54 56 58 59 60 64 66 67 69 70 73 75 76 79 82 83 85 86 87 89 93 97 98 100 
1 2 3 4 5 6 7 8 9 10 11 12 13 14 15 16 17 18 19 20 21 22 23 24 25 26 27 28 29 30 31 32 33 34 35 36 37 38 40 41 43 44 45 46 47 48 49 50 51 52 53 54 55 56 58 59 60 63 64 66 67 68 69 70 71 72 73 74 75 76 77 79 80 81 82 83 84 85 86 87 89 90 91 92 93 94 96 97 98 99 100 
1 3 4 5 6 7 8 9 12 14 15 16 18 20 21 23 24 25 27 28 29 30 33 34 36 37 38 40 41 43 44 47 48 49 50 53 54 58 59 60 64 66 67 70 71 73 75 76 79 82 83 85 86 87 89 91 93 97 98 100 
24 25 28 33 
1 3 4 5 6 8 9 12 15 20 23 24 25 28 30 33 34 36 37 38 41 43 49 52 53 54 56 58 59 60 64 66 67 69 70 71 73 75 76 79 82 83 84 85 86 87 89 91 93 94 97 98 100 
1 3 4 5 6 7 8 9 11 12 14 15 16 18 20 21 23 24 25 26 27 28 29 30 34 36 37 38 41 43 49 53 54 58 59 60 64 66 67 70 73 75 79 82 85 86 87 89 93 97 98 99 100 
1 3 4 5 6 7 8 9 11 12 14 15 16 17 18 20 21 23 24 25 26 27 28 29 32 33 34 36 37 38 40 41 43 44 45 46 47 48 49 50 52 53 54 55 56 58 59 60 63 64 66 67 69 70 71 72 73 75 76 77 79 80 82 83 84 85 86 87 89 91 93 94 97 98 99 100 
30 32 33 34 36 37 38 40 41 43 44 45 46 
1 3 4 5 6 7 8 47 48 49 50 52 53 54 55 56 58 59 60 63 64 66 67 69 70 71 72 73 75 76 77 79 80 82 83 84 85 86 87 89 91 93 94 97 98 99 100 
1 2 3 4 5 6 7 8 9 10 11 12 13 14 15 16 17 18 19 20 21 22 23 24 25 26 27 28 29 30 31 32 33 34 35 36 37 38 40 41 43 44 45 46 47 48 49 50 51 52 53 54 55 56 58 59 60 61 62 63 64 65 66 67 68 69 70 71 72 73 74 75 76 77 79 80 81 82 83 84 85 86 87 88 89 90 91 92 93 94 95 96 97 98 99 100 
1 3 4 5 6 7 8 9 10 11 12 14 15 16 17 18 20 21 23 24 25 26 27 28 29 30 31 32 33 34 35 36 37 38 40 41 43 44 45 46 47 48 49 50 52 53 54 55 56 58 59 60 63 64 66 67 69 70 71 72 73 75 76 77 79 80 82 83 84 85 86 87 89 90 91 93 94 97 98 99 100 
9 10 11 12 14 15 16 17 18 19 20 21 23 24 25 26 27 28 29 30 31 32 33 34 35 36 37 38 40 41 43 44 45 46 47 48 49 50 51 52 53 54 55 56 58 59 60 63 64 66 67 69 70 71 72 73 75 76 77 79 80 
1 3 81 82 83 84 85 86 87 89 90 91 92 93 94 97 98 99 100 
4 5 6 7 8 9 10 11 12 14 15 16 17 18 19 20 21 22 23 24 25 26 27 28 29 30 31 32 33 34 35 36 37 38 39 40 41 42 43 44 45 46 47 48 49 50 51 52 53 54 55 56 57 58 59 60 61 62 63 64 65 66 67 68 69 70 71 72 73 74 75 76 77 78 79 80 81 82 83 84 
