1
1 2 4 8 9 18 19 22 23 24 27 28 34 38 39 40 42 46 49 50 51 54 55 56 58 60 62 63 64 66 72 75 76 78 80 86 90 91 96 97 
1 2 4 8 18 19 22 34 40 42 49 50 55 56 62 63 66 76 78 80 86 90 91 96 97 
1 4 18 19 22 23 24 28 34 38 39 40 42 49 50 51 54 55 56 62 63 64 66 76 78 80 86 90 96 97 
1 2 4 5 7 8 9 10 11 12 13 14 16 18 19 22 23 24 26 27 28 29 30 31 32 34 35 36 37 38 39 40 42 43 45 46 48 49 50 51 52 53 54 55 56 57 58 59 60 62 63 64 66 71 72 73 74 75 76 77 78 79 80 82 84 85 86 87 88 89 90 91 92 93 96 97 
1 18 22 40 42 49 62 63 66 72 75 76 78 80 86 
1 2 4 5 6 7 8 9 10 11 12 13 14 15 16 18 19 22 23 24 26 27 28 29 30 31 32 34 35 36 37 38 39 40 42 43 45 46 47 48 49 50 51 52 53 54 55 56 57 58 59 60 62 63 64 66 70 71 72 73 74 75 76 77 78 79 80 82 84 85 86 87 88 89 90 91 92 93 94 96 97 98 
1 2 4 5 7 8 9 10 11 12 13 14 16 18 19 22 23 24 26 27 28 29 30 31 32 34 35 36 38 39 40 42 43 46 48 49 50 51 52 53 54 55 56 57 58 59 60 62 63 64 66 70 71 72 73 74 75 76 77 78 79 80 82 84 85 86 87 88 89 90 91 92 93 96 97 
1 2 4 5 7 8 9 10 11 12 13 14 18 19 22 23 24 26 27 28 29 30 31 34 35 38 39 40 42 43 46 48 49 50 51 52 54 55 56 57 58 59 60 62 63 64 66 72 74 75 76 77 78 79 80 84 86 87 88 89 90 91 92 93 96 97 
1 2 4 7 8 9 18 19 22 23 24 27 28 29 34 38 39 40 42 46 49 50 51 54 55 56 58 62 63 64 66 72 75 76 77 78 80 86 90 91 96 97 
1 2 4 5 7 8 9 11 12 16 18 19 22 23 24 26 27 28 29 30 31 32 34 35 38 39 40 42 43 46 48 49 50 51 52 54 55 56 57 58 59 60 62 63 64 66 72 74 75 76 77 78 79 80 84 86 87 88 89 90 91 92 93 94 96 97 98 
1 2 4 7 8 9 18 19 22 23 24 27 28 29 30 31 34 38 39 40 42 46 49 50 51 54 55 56 57 58 60 62 63 64 66 72 75 76 77 78 80 86 90 91 96 97 
1 2 4 8 9 18 19 22 23 24 28 30 31 34 38 39 40 42 46 49 50 62 66 76 80 90 91 96 97 
1 2 4 7 8 9 11 12 18 19 22 23 24 27 28 29 30 31 34 38 40 42 51 54 55 56 58 59 60 62 63 64 66 72 74 75 76 77 78 80 86 90 91 96 97 
1 2 3 4 5 6 7 8 9 10 11 12 13 14 15 16 18 19 22 23 24 25 26 27 28 29 30 31 32 34 35 36 37 38 39 40 42 43 45 46 47 48 49 50 51 52 53 54 55 56 57 58 59 60 62 63 64 65 66 67 68 70 71 72 73 74 75 76 77 78 79 80 81 82 84 85 86 87 88 89 90 91 92 93 94 95 96 97 98 99 
22 39 40 42 43 46 48 49 50 51 54 55 56 57 58 59 60 62 63 64 66 72 74 75 76 77 78 80 86 88 89 90 
1 2 3 4 5 6 7 8 9 10 11 12 13 14 15 16 17 18 19 20 22 23 24 25 26 27 28 29 30 31 32 34 35 36 37 38 39 40 42 43 44 45 46 47 48 49 50 51 52 53 54 55 56 57 58 59 60 61 62 63 64 65 66 67 68 70 71 72 73 74 75 76 77 78 79 80 81 82 83 84 85 86 87 88 89 90 91 92 93 94 95 96 97 98 99 
1 2 4 7 8 9 42 62 76 80 91 93 96 97 
1 2 4 6 7 8 9 10 11 12 13 14 18 19 22 23 24 26 27 28 29 30 31 34 38 39 40 42 43 46 48 49 50 51 54 55 56 57 58 59 60 62 63 64 66 72 74 75 76 77 78 80 84 86 88 89 90 91 92 93 96 97 
11 12 16 18 19 22 23 24 25 26 27 28 29 30 31 32 34 35 36 37 38 39 40 42 43 45 46 47 
1 2 3 4 5 6 48 49 50 51 52 53 54 55 56 57 58 59 60 62 63 64 66 70 71 72 73 74 75 76 77 78 79 80 82 84 85 86 87 88 89 90 91 92 93 94 95 96 97 98 
7 8 9 10 11 12 13 14 15 
16 18 19 20 21 22 23 24 25 26 27 28 29 30 31 32 
33 34 35 36 37 38 39 40 41 42 43 44 45 46 47 48 49 50 51 52 53 54 55 56 57 
