1
16 18 22 27 31 46 48 51 53 56 60 75 82 84 86 98 110 111 119 122 123 135 138 154 157 161 163 165 180 195 202 206 210 224 232 233 234 237 244 249 256 
18 27 31 51 53 56 60 75 82 138 154 161 195 210 224 233 234 
18 27 31 60 82 123 135 138 154 161 195 210 224 233 234 
3 16 17 18 22 23 27 31 37 44 46 48 51 52 53 56 57 60 70 72 75 81 82 84 86 93 98 110 111 113 116 117 118 119 120 122 123 126 128 130 135 138 141 147 152 154 156 157 158 160 161 163 165 177 178 179 180 181 186 187 188 189 193 194 195 198 199 202 204 205 206 210 213 216 224 232 233 234 235 237 238 240 244 247 249 255 256 
3 16 17 18 22 23 27 31 37 41 44 46 48 51 52 53 56 57 60 70 71 72 75 81 82 84 86 87 93 98 110 111 113 116 117 118 119 120 122 123 126 128 130 131 135 138 141 147 152 154 156 157 158 160 161 163 165 168 177 178 179 180 181 186 188 189 194 195 198 199 202 204 205 206 210 213 216 221 224 229 232 233 234 235 237 238 240 244 247 249 255 256 
3 16 17 18 22 23 27 31 37 44 46 48 51 52 53 56 57 60 70 72 75 81 82 84 86 93 98 110 111 113 116 117 118 119 120 122 123 126 128 130 135 138 141 147 152 154 156 157 158 160 161 163 165 177 178 179 180 181 187 188 189 193 194 195 198 199 202 204 205 206 210 212 213 216 221 222 224 229 232 233 234 235 237 240 244 247 249 255 256 
16 18 22 27 31 46 48 51 53 56 60 75 81 82 84 86 98 110 111 113 119 122 123 135 138 154 157 158 160 161 163 165 179 180 195 202 206 210 216 224 232 233 234 237 244 249 256 
18 22 27 31 46 48 51 53 56 60 75 82 86 98 110 111 113 119 122 123 135 138 154 157 161 165 180 195 202 206 210 224 232 233 234 237 244 249 256 
3 16 17 18 22 23 27 31 37 38 41 42 44 46 48 51 52 53 56 57 60 62 70 71 72 75 81 82 84 86 87 93 98 110 111 113 116 117 118 119 120 122 123 126 128 130 131 135 138 141 142 147 152 154 156 157 158 160 161 163 165 168 177 178 179 180 181 186 187 188 189 193 194 195 198 199 202 204 205 206 210 212 213 216 221 222 224 232 233 234 235 237 238 240 244 247 249 255 256 
16 18 22 23 27 31 37 44 46 48 51 53 56 57 60 75 81 82 84 86 98 110 111 113 116 118 119 122 123 135 138 152 154 156 157 158 160 161 163 165 179 180 195 202 206 210 216 224 232 233 234 235 237 244 247 249 255 256 
3 16 17 18 22 23 27 29 31 37 38 41 42 44 46 48 51 52 53 56 57 60 62 70 71 72 75 81 82 84 86 87 93 98 110 111 113 116 117 118 119 120 122 123 124 126 128 130 131 135 138 141 147 152 154 156 157 158 160 161 163 165 177 178 179 180 188 189 194 195 199 202 204 205 206 210 213 216 224 227 229 232 233 234 235 237 238 240 244 247 249 255 256 
3 16 18 22 23 27 31 37 44 46 48 51 53 56 57 60 70 72 75 81 82 84 86 93 98 110 111 113 116 118 119 122 123 126 128 135 138 142 147 152 154 156 157 158 160 161 163 165 168 177 178 179 180 181 185 188 189 194 195 199 202 204 205 206 210 213 216 224 232 233 234 235 237 240 244 247 249 255 256 
27 31 51 53 56 60 75 82 110 122 123 135 138 154 161 195 202 210 224 232 233 234 237 244 249 
18 31 60 138 161 224 233 234 256 
22 27 31 51 53 56 60 75 82 86 110 111 119 122 123 135 138 154 157 158 161 163 165 179 180 195 202 206 210 224 232 233 
16 18 22 23 27 31 37 44 46 48 51 53 56 57 60 70 75 81 82 84 86 98 110 111 113 118 119 122 123 135 138 152 154 156 157 158 160 161 163 165 177 178 179 180 188 195 199 202 206 210 216 224 232 233 234 235 237 244 247 249 255 256 
16 18 22 27 31 46 48 51 53 56 60 161 224 233 234 235 237 244 249 255 256 
3 16 17 18 22 23 24 27 29 31 37 38 41 42 44 46 48 49 51 52 53 56 57 60 72 75 81 82 84 86 93 98 110 111 113 116 118 119 122 123 128 135 138 152 154 156 157 158 160 161 163 165 177 178 179 180 186 187 188 189 193 194 195 198 199 202 204 205 206 210 212 213 216 218 221 222 224 227 229 232 233 234 235 237 238 240 244 247 249 255 256 
16 18 22 23 27 31 37 44 46 48 51 53 56 57 60 62 70 71 72 75 81 82 84 86 87 93 98 110 111 113 116 117 118 119 120 122 123 124 126 128 130 131 135 138 141 142 147 152 154 156 157 158 160 161 163 165 168 175 177 178 179 180 181 185 186 195 202 206 210 216 224 232 233 234 235 237 244 249 255 256 
3 5 16 17 18 22 23 24 27 29 31 37 38 41 42 44 46 48 49 51 52 53 56 57 60 62 70 71 72 75 81 82 84 86 87 93 98 110 111 113 116 117 118 119 120 122 123 124 126 135 138 154 157 158 160 161 163 165 179 180 187 188 189 193 194 195 198 199 202 204 205 206 210 212 213 216 218 221 222 224 227 229 232 233 234 235 237 238 239 240 244 247 249 255 256 
31 60 75 81 82 84 86 98 110 111 113 119 122 123 128 130 131 135 138 141 142 147 152 154 156 157 158 160 161 163 165 168 175 177 178 179 180 181 185 186 187 188 189 193 194 195 198 
3 5 16 17 18 22 23 24 27 29 31 37 38 41 42 44 46 48 49 51 52 53 56 57 60 62 70 71 72 75 81 82 84 86 87 89 93 98 110 111 113 116 117 118 119 120 122 123 124 126 128 129 130 131 135 138 141 142 147 199 202 204 205 206 210 212 213 216 218 221 222 224 227 229 232 233 234 235 237 238 239 240 244 247 249 255 256 
2 3 5 16 17 18 22 23 24 27 29 31 37 38 41 152 154 156 157 158 160 161 163 165 168 175 177 178 179 180 181 185 186 187 188 189 193 194 195 197 198 199 200 202 204 205 206 208 210 211 212 213 216 218 221 222 224 226 227 228 229 232 233 234 235 237 238 239 240 244 247 249 250 255 256 
42 44 46 48 49 51 52 53 56 57 60 62 70 71 72 75 81 82 84 86 87 89 93 98 103 110 111 113 116 117 118 119 120 122 123 124 126 128 
2 3 5 11 16 17 18 129 130 131 135 138 141 142 147 149 152 154 156 157 158 159 160 161 163 165 168 175 177 178 179 180 181 185 186 187 188 189 193 194 195 197 198 199 200 202 204 205 206 208 210 211 212 213 216 218 221 222 224 226 227 228 229 232 233 234 235 237 238 239 240 244 247 249 250 255 256 
22 23 24 27 29 31 37 38 41 42 44 46 48 49 51 52 53 56 57 60 62 70 71 72 75 81 82 84 86 87 89 93 98 103 110 
111 113 116 117 118 119 120 122 123 124 126 128 129 130 131 135 138 141 142 147 149 152 154 
156 157 158 159 160 161 163 165 168 175 177 178 179 180 181 185 186 187 188 189 193 194 195 197 198 199 200 202 204 205 206 208 210 211 212 213 216 218 221 222 224 226 227 228 229 232 233 234 
235 237 238 239 240 244 247 249 250 255 
2 3 5 11 16 17 18 22 23 24 27 29 31 32 37 38 41 42 44 46 48 49 51 52 53 54 56 57 60 61 62 70 71 72 75 81 82 84 86 87 89 256 
93 98 103 110 111 113 116 117 118 119 120 122 123 124 126 128 129 130 131 135 138 141 142 145 147 149 151 152 154 156 157 158 159 160 161 163 165 168 175 177 178 179 180 181 185 186 187 188 189 193 194 195 197 198 199 200 202 204 205 206 208 210 211 212 213 216 218 221 222 224 226 227 228 229 232 
2 3 5 11 16 17 18 22 23 24 27 29 31 32 37 38 41 42 43 44 46 48 49 51 52 53 54 56 57 60 61 62 70 71 72 73 75 81 82 84 86 87 89 92 93 95 98 103 110 111 113 116 117 118 119 120 122 123 124 126 128 129 130 131 133 135 138 141 142 145 147 149 151 152 154 156 157 158 159 160 161 163 165 168 233 234 235 237 238 239 240 244 245 247 249 250 254 255 256 
2 3 4 5 11 16 17 18 21 22 23 24 27 29 31 32 37 38 41 42 43 44 46 48 49 51 52 53 54 56 57 60 61 62 70 71 175 177 178 179 180 181 185 186 187 188 189 193 194 195 197 198 199 200 202 204 205 206 208 210 211 212 213 216 218 221 222 224 226 227 228 229 232 233 234 235 237 238 239 240 244 245 247 249 250 254 255 256 257 
72 73 75 81 82 84 86 87 89 92 93 95 98 103 110 111 113 116 117 118 119 120 122 123 124 126 128 129 130 131 133 135 138 141 142 145 147 149 151 152 154 156 157 158 159 160 161 163 
165 168 175 177 178 179 180 181 185 186 187 188 189 193 194 195 197 198 199 200 202 204 205 206 208 210 211 212 213 216 218 221 
222 224 226 227 228 229 232 233 234 235 237 238 239 
240 244 245 246 247 249 250 254 255 256 
2 3 4 5 6 8 11 16 17 18 21 22 23 24 27 29 31 32 37 38 41 42 43 44 46 48 49 51 52 53 54 56 57 60 61 62 70 71 257 
72 73 75 77 81 82 84 86 87 89 92 93 95 98 99 103 110 111 113 116 117 118 119 120 122 123 124 126 127 128 129 130 131 133 135 136 138 
2 3 4 5 6 8 11 16 17 18 21 22 23 24 27 29 31 32 37 38 39 41 42 43 44 46 48 49 141 142 145 147 149 151 152 154 156 157 158 159 160 161 163 165 168 175 177 178 179 180 181 185 186 187 188 189 193 194 195 197 198 199 200 202 204 205 206 208 210 211 212 213 216 218 221 222 224 226 227 228 229 232 233 234 235 237 238 239 240 244 245 246 247 249 250 254 255 256 257 
51 52 53 54 56 57 60 61 62 70 71 72 73 75 77 
81 82 84 86 87 89 90 92 93 95 98 99 103 104 110 111 113 116 117 118 119 120 122 123 124 126 127 128 129 130 131 133 135 136 138 141 142 145 147 149 151 152 154 156 157 158 159 160 161 163 165 168 175 177 178 179 180 181 183 185 186 187 188 189 191 193 194 195 197 198 199 200 202 204 205 206 208 210 211 212 213 216 218 221 222 224 226 227 228 229 
232 233 234 235 237 238 239 240 244 245 
2 3 4 5 6 8 11 16 17 18 21 22 23 24 27 29 31 32 37 38 39 41 42 43 246 247 249 250 254 255 256 257 
44 46 48 49 51 52 53 54 56 57 58 60 61 62 64 65 70 71 72 73 75 77 81 82 84 85 86 87 89 90 92 93 95 98 99 103 104 110 111 113 116 117 118 119 120 122 123 124 125 126 127 128 129 130 131 133 135 136 138 141 142 145 
2 3 4 5 6 8 11 16 17 18 21 22 23 24 27 29 31 32 37 38 147 149 151 152 154 156 157 158 159 160 161 163 165 168 175 177 178 179 180 181 183 185 186 187 188 189 191 193 194 195 197 198 199 200 202 204 205 206 208 210 211 212 213 216 218 221 222 224 226 227 228 229 232 233 234 235 237 238 239 240 244 245 246 247 249 250 254 255 256 257 
39 41 42 43 44 46 48 49 50 51 52 53 54 56 57 58 60 61 62 64 65 70 71 72 73 75 77 81 82 84 85 86 87 89 90 91 92 93 95 98 99 103 104 110 111 113 116 117 118 119 120 122 123 124 125 126 127 128 129 130 131 133 135 136 138 141 142 145 147 149 151 152 
154 156 157 158 159 160 161 163 165 168 171 172 175 177 178 179 180 181 183 185 186 187 188 189 191 193 194 195 197 198 199 200 202 204 205 206 208 210 211 212 213 216 218 221 222 223 224 226 227 228 229 232 233 234 235 237 238 239 240 244 245 246 247 249 250 254 255 256 257 
2 3 4 5 6 8 11 16 17 18 21 22 23 24 27 29 31 32 37 38 39 41 42 43 44 46 48 49 50 51 52 53 54 56 57 58 60 61 62 64 65 69 70 71 72 73 75 77 81 82 83 84 85 86 87 89 90 91 92 93 94 95 98 99 103 104 108 110 111 113 115 116 117 118 119 120 122 123 124 125 126 127 128 129 130 131 133 135 136 
138 141 142 145 147 149 151 152 154 156 157 158 159 160 161 163 165 168 171 172 175 177 178 179 180 181 183 185 186 187 188 189 191 193 194 
2 3 4 5 6 8 11 16 17 18 21 22 23 24 27 29 31 32 37 38 39 41 42 43 44 46 48 49 50 51 195 197 198 199 200 202 204 205 206 208 210 211 212 213 216 217 218 221 222 223 224 226 227 228 229 232 233 234 235 237 238 239 240 244 245 246 247 249 250 254 255 256 257 
52 53 54 56 57 58 60 61 62 64 65 69 70 71 72 73 75 77 81 82 83 84 85 86 87 89 90 91 92 93 94 95 96 98 99 103 104 106 108 110 111 113 115 116 117 118 119 120 122 123 124 125 126 127 128 129 130 131 133 134 135 136 138 141 142 145 146 147 149 151 152 154 156 157 158 159 160 161 163 165 168 171 172 
173 175 177 178 179 180 181 183 185 186 187 188 189 191 193 194 195 197 198 199 200 202 204 205 206 208 210 211 212 213 214 
2 3 4 5 6 8 216 217 218 221 222 223 224 226 227 228 229 232 233 234 235 237 238 239 240 243 244 245 246 247 249 250 254 255 256 257 
11 16 17 18 21 22 23 24 27 29 31 32 37 38 39 41 42 43 44 46 48 49 50 51 52 53 54 56 57 58 60 61 62 63 64 65 67 69 70 71 72 73 75 77 81 82 83 84 85 86 87 89 90 91 92 93 94 95 96 98 99 103 104 106 108 110 111 113 115 116 117 118 119 120 122 123 124 125 126 127 
128 129 130 131 133 134 135 136 138 139 140 141 142 145 146 147 149 151 152 154 156 157 158 159 160 161 163 165 168 171 172 173 175 177 178 179 180 181 183 185 186 187 188 
189 191 193 194 195 197 198 199 200 202 204 205 206 208 210 
2 3 4 5 6 8 11 16 17 18 21 22 23 24 27 29 31 32 37 38 39 41 42 43 44 46 48 49 50 51 52 53 54 56 57 58 60 61 62 63 64 65 211 212 213 214 216 217 218 221 222 223 224 226 227 228 229 232 233 234 235 237 238 239 240 243 244 245 246 247 249 250 254 255 256 257 
67 69 70 71 72 73 75 77 81 82 83 84 85 86 87 89 90 91 92 93 94 95 96 98 99 103 104 106 108 110 111 113 114 115 116 117 118 119 120 122 123 124 125 126 127 128 129 130 131 133 134 135 136 138 139 140 141 142 145 146 147 149 151 152 153 154 156 157 158 159 160 161 163 165 168 169 171 172 173 175 177 178 179 180 181 183 185 186 187 188 189 191 193 194 195 197 198 199 200 
202 204 205 206 208 210 211 212 213 214 216 217 218 221 222 223 224 226 227 228 229 232 233 234 235 237 238 239 240 
2 3 4 5 6 7 8 241 243 244 245 246 247 249 250 254 255 256 257 
11 16 17 18 21 22 23 24 27 29 31 32 36 37 38 39 41 42 43 44 46 48 49 50 51 52 53 54 56 57 58 60 61 62 63 64 65 67 69 70 71 72 73 75 77 81 82 83 84 85 86 87 89 90 91 92 93 94 95 96 98 99 102 103 104 105 106 108 110 111 113 114 115 116 117 118 119 120 122 123 124 125 126 127 128 129 130 131 133 134 135 136 
138 139 140 141 142 145 146 147 149 151 152 153 154 156 157 158 159 160 161 163 165 168 169 171 172 173 175 177 
178 179 180 181 183 185 186 187 188 189 191 193 194 
195 
197 198 199 200 202 204 205 206 208 210 211 212 213 214 216 217 218 220 221 222 223 224 226 227 228 229 232 233 234 235 237 238 239 240 
241 242 243 244 245 246 
2 3 4 5 6 7 8 11 16 17 18 20 21 22 23 24 27 29 31 32 34 35 36 37 38 39 41 42 43 44 45 46 48 49 50 51 52 247 249 250 254 255 256 257 
53 54 56 57 58 60 61 62 63 64 65 67 69 70 71 72 73 75 77 81 82 83 84 85 86 87 89 90 91 92 93 94 95 96 98 
99 102 103 104 105 106 108 110 111 113 114 115 116 117 118 119 120 122 123 124 125 126 127 128 129 
130 131 132 133 134 135 136 138 139 140 141 142 145 146 147 149 151 152 153 154 156 157 158 159 160 161 163 
165 168 169 171 172 173 175 177 178 179 180 181 183 185 186 187 188 189 191 193 194 195 197 198 199 200 202 204 205 206 208 210 211 212 213 214 
2 3 4 5 6 7 8 11 16 17 18 20 21 22 23 24 26 27 29 31 32 34 35 36 37 38 39 41 42 43 44 45 46 48 49 50 51 52 53 54 56 57 58 60 61 62 63 216 217 218 220 221 222 223 224 226 227 228 229 232 233 234 235 237 238 239 240 241 242 243 244 245 246 247 249 250 254 255 256 257 
64 65 67 69 70 71 72 73 75 77 81 82 
83 84 85 86 87 89 90 91 92 93 94 95 96 98 99 102 103 104 105 106 108 110 111 113 114 115 116 117 118 119 120 122 123 124 125 126 127 128 129 130 131 132 133 134 135 136 138 139 140 141 142 143 145 146 147 149 151 152 153 154 156 157 158 159 160 161 163 165 168 169 171 172 173 
2 3 4 5 6 7 8 11 16 17 18 20 21 22 23 24 26 27 29 31 32 34 35 36 37 38 175 177 178 179 180 181 183 185 186 187 188 189 191 193 194 195 197 198 199 200 202 204 205 206 208 210 211 212 213 214 216 217 218 220 221 222 223 224 226 227 228 229 232 233 234 235 237 238 239 240 241 242 243 244 245 246 247 249 250 254 255 256 257 
39 41 42 43 44 45 46 48 49 50 51 52 53 54 56 57 58 60 61 62 63 64 65 67 68 69 70 71 72 73 75 77 81 82 83 84 85 86 87 89 90 91 92 93 94 95 96 98 99 102 103 104 105 106 108 110 111 113 114 115 116 117 118 
119 120 122 123 
124 125 126 127 128 129 130 131 132 133 134 135 136 138 139 140 141 142 143 145 146 147 148 149 150 151 152 153 154 156 157 158 159 160 161 163 165 168 169 171 172 173 175 177 178 179 180 181 183 185 186 187 188 189 191 193 194 195 196 197 198 199 200 202 204 205 206 207 208 210 211 212 213 214 216 217 218 220 221 222 223 224 226 227 228 229 232 233 234 
2 3 4 5 6 7 8 11 12 16 17 18 20 21 22 23 24 26 27 29 31 32 235 237 238 239 240 241 242 243 244 245 246 247 249 250 251 253 254 255 256 257 
34 35 36 37 38 39 41 42 43 44 45 46 48 
49 50 51 52 53 54 56 57 58 60 61 62 63 64 65 66 67 68 69 70 71 72 73 74 75 77 81 82 83 84 85 86 87 89 90 91 92 93 94 95 96 98 99 102 103 104 105 106 108 110 111 112 113 114 115 116 117 118 119 120 122 123 124 125 126 127 128 129 130 131 132 133 134 135 136 138 139 140 141 
142 143 145 146 147 148 149 150 151 152 153 154 156 157 158 159 160 161 163 165 168 169 
171 172 173 175 177 
178 179 180 181 183 185 186 187 188 189 191 193 194 195 196 197 198 199 200 202 203 
204 205 206 207 208 210 211 212 213 214 216 217 218 220 221 
2 3 4 5 6 7 8 11 12 16 17 18 20 21 22 23 24 26 27 29 31 32 34 35 36 37 38 39 41 42 43 44 45 46 48 49 50 51 52 53 54 56 57 58 60 61 62 63 222 223 224 226 227 228 229 232 233 234 235 237 238 239 240 241 242 243 244 245 246 247 249 250 251 253 254 255 256 257 
64 65 66 67 68 69 70 71 72 73 74 75 77 81 82 83 84 85 86 87 89 90 91 92 93 94 95 96 98 99 102 103 104 105 106 108 110 111 112 113 114 115 116 117 118 119 120 122 123 124 125 126 127 128 129 130 131 132 133 134 135 136 137 138 139 140 141 142 143 145 146 147 148 149 150 151 152 153 154 156 157 158 159 160 161 163 165 168 169 171 172 173 175 176 177 178 179 180 
2 3 4 5 6 7 8 11 12 16 17 18 181 183 185 186 187 188 189 191 193 194 195 196 197 198 199 200 202 203 204 205 206 207 208 210 211 212 213 214 216 217 218 219 220 221 222 223 224 226 227 228 229 232 233 234 235 237 238 239 240 241 242 243 244 245 246 247 249 250 251 253 254 255 256 257 
20 21 22 23 24 26 27 28 29 31 32 34 35 36 37 38 39 40 41 42 43 44 45 46 48 49 
50 51 52 53 54 56 57 58 59 60 61 62 63 64 65 66 67 68 69 70 71 72 73 74 75 77 81 82 83 84 85 86 87 89 90 91 92 93 94 95 96 98 99 100 102 103 104 105 106 108 110 111 112 113 114 115 116 117 
118 119 120 122 123 124 125 126 127 128 129 130 131 132 133 134 135 136 137 138 139 140 141 142 143 145 146 147 148 149 150 151 152 153 154 156 157 158 159 160 161 162 163 164 165 166 168 169 170 171 172 173 175 176 177 178 179 180 181 183 185 186 187 188 189 
191 192 193 194 195 196 197 198 199 200 202 203 204 205 206 207 208 210 211 212 213 214 216 217 218 219 220 221 222 223 224 226 227 228 229 231 232 233 
2 3 4 5 6 7 8 11 12 13 16 17 18 20 21 22 23 24 25 26 27 28 29 31 32 34 35 36 37 38 39 40 41 42 43 234 235 237 238 239 240 241 242 243 244 245 246 247 249 250 251 253 254 255 256 257 
44 45 46 47 48 49 50 51 52 53 54 56 57 58 59 60 61 62 63 64 65 66 67 68 69 70 71 72 73 74 75 77 78 81 82 83 84 85 86 87 89 90 91 92 93 94 95 96 98 99 100 102 103 104 105 106 108 110 111 112 113 114 115 116 117 118 119 120 122 123 124 125 126 127 128 129 130 131 132 133 134 135 136 137 138 139 140 141 142 143 145 146 147 148 
149 150 151 152 153 154 156 157 158 159 160 161 162 163 164 165 166 168 169 170 171 
2 3 4 5 6 7 8 11 12 13 16 17 18 19 20 21 22 23 24 25 26 172 173 175 176 177 178 179 180 181 183 184 185 186 187 188 189 191 192 193 194 195 196 197 198 199 200 201 202 203 204 205 206 207 208 210 211 212 213 214 216 217 218 219 220 221 222 223 224 226 227 228 229 231 232 233 234 235 237 238 239 240 241 242 243 244 245 246 247 249 250 251 253 254 255 256 257 
27 28 29 30 31 32 33 34 35 36 37 38 39 
40 41 42 43 44 45 46 47 48 49 50 51 52 53 54 56 57 58 59 60 61 62 63 64 
65 66 67 68 69 70 71 72 73 74 75 76 77 78 81 82 83 84 85 86 87 89 90 91 92 93 94 95 96 98 99 100 
102 103 104 105 106 108 110 111 112 113 114 115 116 117 118 119 120 121 122 123 124 125 126 127 128 129 130 131 132 133 134 135 136 137 138 139 140 141 142 143 145 146 147 148 
149 150 151 152 153 154 156 157 158 159 160 161 162 163 164 165 166 167 168 169 170 171 172 173 175 176 177 178 179 180 181 182 183 184 185 186 187 188 189 191 192 193 194 195 196 197 198 199 200 201 202 203 204 205 206 207 208 210 211 212 213 214 216 217 218 219 220 
221 222 223 224 226 227 228 229 
231 
1 2 3 4 5 6 7 8 9 11 12 13 15 16 17 18 19 20 21 22 23 24 25 26 27 28 29 30 31 32 33 34 35 36 37 232 233 234 235 237 238 239 240 241 242 243 244 245 246 247 249 250 251 253 254 255 256 257 
38 39 40 41 42 43 44 45 46 47 48 49 50 51 52 53 54 56 57 58 59 60 61 62 63 64 65 66 67 68 69 70 71 72 73 74 75 76 77 78 80 81 82 83 84 85 86 87 89 90 91 92 93 94 95 96 98 99 100 101 102 103 104 105 106 108 110 111 112 113 114 115 116 117 118 119 120 121 122 123 124 125 126 127 128 129 130 131 132 133 134 135 136 137 138 139 140 141 
142 143 144 145 146 147 148 149 150 151 152 
153 154 156 157 158 159 160 161 162 163 164 165 166 167 168 169 170 171 172 173 175 176 177 178 179 180 181 182 183 184 185 186 187 188 189 191 192 193 194 195 196 
197 198 199 200 201 202 203 204 205 206 207 208 210 211 212 213 214 216 217 218 219 220 221 222 223 224 226 227 228 229 231 232 233 234 
1 2 3 4 5 6 7 8 9 235 237 238 239 240 241 242 243 244 245 246 247 249 250 251 253 254 255 256 257 
11 12 13 15 16 17 18 19 20 21 22 23 24 25 26 27 28 29 30 31 32 33 34 35 36 37 38 39 40 41 42 43 44 45 46 47 48 49 50 51 52 53 54 56 57 58 59 60 
61 62 63 64 65 66 67 68 69 70 71 72 73 74 75 76 77 78 80 81 
82 83 84 85 86 87 89 90 91 92 93 94 95 96 97 98 99 100 101 102 103 104 105 106 108 110 111 112 113 114 115 116 117 118 119 120 121 122 123 124 125 126 127 128 129 130 131 132 133 134 135 
136 137 138 139 140 141 142 143 144 145 146 147 148 149 150 151 152 153 154 155 156 157 158 159 160 161 162 163 164 165 166 167 168 169 170 171 172 173 174 175 176 177 178 179 180 181 182 183 184 185 186 187 
1 2 3 4 5 6 7 8 9 11 12 13 15 16 17 18 188 189 191 192 193 194 195 196 197 198 199 200 201 202 203 204 205 206 207 208 209 210 211 212 213 214 216 217 218 219 220 221 222 223 224 226 227 228 229 231 232 233 234 235 237 238 239 240 241 242 243 244 245 246 247 249 250 251 252 253 254 255 256 257 
19 20 21 22 23 24 25 26 27 28 29 30 31 32 33 34 35 36 37 38 39 40 41 42 43 44 45 46 47 48 49 50 51 52 
53 54 56 57 58 59 60 61 62 
63 64 65 66 67 68 69 70 71 72 73 74 75 76 77 78 80 81 82 83 84 85 86 87 88 89 90 91 92 93 94 95 96 97 98 99 100 101 102 103 104 105 106 107 108 110 111 112 113 114 115 116 117 118 119 120 121 122 123 124 125 126 127 128 129 130 131 132 133 134 135 136 
137 138 139 140 141 142 143 144 145 146 147 148 149 150 151 152 153 154 155 156 157 158 159 160 161 162 163 164 165 166 167 
168 169 170 171 172 173 174 175 176 177 178 179 180 181 182 183 184 185 186 187 188 189 191 192 193 194 195 196 197 198 199 200 201 202 203 204 205 206 207 208 209 210 211 212 213 214 216 217 218 219 
1 2 3 4 5 6 7 8 9 10 11 12 13 15 16 17 18 19 20 21 22 23 24 25 26 27 28 29 30 31 32 33 34 35 36 37 38 39 40 41 42 43 44 45 46 47 48 49 50 51 52 53 54 56 57 58 59 60 61 62 63 64 220 221 222 223 224 226 227 228 229 230 231 232 233 234 235 237 238 239 240 241 242 243 244 245 246 247 249 250 251 252 253 254 255 256 257 
65 66 67 68 69 70 71 72 73 74 75 76 77 78 80 81 82 83 84 85 86 87 88 89 90 91 92 93 94 95 96 97 98 99 100 101 102 103 104 105 106 107 108 110 111 112 113 114 115 116 117 118 119 120 121 122 123 124 125 126 127 128 129 130 131 132 133 134 135 136 137 138 139 140 141 142 143 144 145 146 147 148 149 150 151 152 153 154 155 156 157 158 159 160 
161 162 163 164 165 166 167 168 169 170 
171 172 173 174 175 176 177 178 179 180 181 182 183 184 185 186 187 188 189 191 192 193 194 195 196 197 198 199 200 201 202 203 204 205 206 207 208 209 210 211 212 213 214 215 216 217 218 219 220 221 222 223 224 226 227 228 
1 2 3 4 5 6 7 8 9 10 11 12 13 14 15 16 17 18 19 20 21 22 23 24 25 26 27 28 29 30 31 229 230 231 232 233 234 235 236 237 238 239 240 241 242 243 244 245 246 247 249 250 251 252 253 254 255 256 257 
32 33 34 35 36 37 38 39 40 41 42 43 44 45 46 47 48 49 50 51 52 53 54 56 57 58 59 60 61 62 63 64 65 66 67 68 69 70 71 72 73 74 75 
76 77 78 80 81 82 83 84 85 86 87 88 89 90 91 92 93 94 95 96 97 98 
99 100 101 
102 103 104 105 106 107 108 110 111 
112 113 114 115 116 117 118 119 120 121 122 123 124 125 126 127 128 129 130 131 132 133 134 135 136 137 138 139 140 141 142 143 144 145 
146 147 148 149 150 151 152 153 154 155 156 157 158 159 160 161 162 163 164 165 166 167 168 169 170 171 172 173 174 175 176 177 178 179 180 181 182 183 184 185 186 187 188 189 191 192 193 194 195 196 197 198 199 200 201 202 203 204 205 206 207 208 209 210 211 212 213 214 215 216 217 218 219 220 221 222 223 224 225 226 227 228 229 230 231 232 233 
234 235 236 237 238 239 240 241 242 243 244 245 
246 247 248 249 
1 2 3 4 5 6 7 8 9 10 11 12 13 14 15 16 17 18 19 20 21 22 23 24 25 26 27 28 29 30 31 32 33 34 35 36 37 38 39 40 41 42 43 44 45 46 47 48 49 50 51 52 53 54 55 56 57 58 59 60 61 62 63 64 65 66 67 68 69 250 251 252 253 254 255 256 257 
70 71 72 73 74 75 76 77 78 79 80 81 82 83 84 85 86 87 88 89 90 91 92 93 94 95 96 97 98 99 100 101 102 103 104 105 106 107 108 109 110 111 112 113 114 115 116 117 118 119 120 121 122 123 124 125 126 127 128 129 130 131 132 133 134 135 136 137 138 139 140 141 142 143 144 145 146 147 148 149 150 151 152 153 154 155 156 157 158 159 160 161 162 
163 164 165 166 167 168 169 170 171 172 173 174 175 176 177 178 179 180 181 182 183 184 185 186 187 188 189 190 191 192 193 194 195 196 197 198 199 200 201 202 203 204 205 206 207 208 209 210 211 212 213 
214 215 216 217 218 219 220 
