337
1 24 57 87 109 147 177 184 216 225 259 270 306 319 
2 23 41 59 85 111 145 179 221 263 266 310 315 
3 33 67 102 123 133 156 168 193 207 234 250 279 297 328 
4 32 49 72 97 128 161 200 241 288 337 
5 31 50 71 98 127 162 199 242 287 289 336 
6 30 51 70 99 126 163 198 243 286 290 335 
7 29 52 69 100 125 164 197 203 238 246 283 293 332 
8 28 53 68 101 124 165 196 204 237 247 282 294 331 
9 40 60 84 112 144 180 220 264 312 313 
10 39 61 83 113 143 181 219 265 311 314 
11 38 62 82 114 142 182 218 223 261 268 308 317 
12 37 63 81 115 141 183 217 224 260 269 307 318 
13 36 64 80 116 140 149 175 186 214 227 257 272 304 321 
14 35 65 79 117 139 150 174 187 213 228 256 273 303 322 
15 34 66 103 122 134 155 169 192 208 233 251 278 298 327 
16 48 73 96 129 160 201 240 244 285 291 334 
17 47 74 95 130 159 202 239 245 284 292 333 
18 46 75 94 131 158 166 195 205 236 248 281 295 330 
19 45 76 93 132 157 167 194 206 235 249 280 296 329 
20 44 77 92 104 121 135 154 170 191 209 232 252 277 299 326 
21 43 78 91 105 120 136 153 171 190 210 231 253 276 300 325 
22 42 58 86 110 146 178 222 262 267 309 316 
25 56 88 108 148 176 185 215 226 258 271 305 320 
26 55 89 107 118 138 151 173 188 212 229 255 274 302 323 
27 54 90 106 119 137 152 172 189 211 230 254 275 301 324 
