1567
1 63 106 150 211 273 352 432 468 493 531 558 598 627 669 700 744 777 823 858 906 943 993 1032 1084 1125 1179 1222 1278 1323 1381 1428 1488 1537 
2 62 107 149 212 272 304 372 412 488 536 620 676 768 832 849 915 934 1002 1023 1093 1116 1188 1213 1287 1314 1390 1419 1497 1528 
3 61 108 148 213 271 305 371 413 487 537 619 677 767 833 848 916 933 1003 1022 1094 1115 1189 1212 1288 1313 1391 1418 1498 1527 
4 60 109 180 220 264 312 364 420 480 544 612 684 760 840 924 1012 1104 1200 1300 1404 1512 1513 
5 59 110 179 221 263 313 363 421 479 545 611 685 759 841 923 1013 1103 1201 1299 1405 1511 1514 
6 58 111 178 222 262 314 362 422 478 546 610 686 758 842 922 1014 1102 1202 1298 1303 1401 1408 1508 1517 
7 57 112 177 223 261 315 361 423 477 547 609 687 757 843 921 1015 1101 1203 1297 1304 1400 1409 1507 1518 
8 56 113 176 224 260 316 360 424 476 548 608 688 756 844 920 1016 1100 1109 1195 1206 1294 1307 1397 1412 1504 1521 
9 72 124 165 235 294 331 398 443 518 571 654 715 806 875 889 960 976 1049 1067 1142 1162 1239 1261 1340 1364 1445 1471 1554 
10 71 125 164 236 293 332 397 444 517 572 653 716 805 876 973 1052 1064 1145 1159 1242 1258 1343 1361 1448 1468 1557 
11 70 126 198 243 286 339 390 451 510 579 646 723 798 883 966 1059 1150 1251 1350 1354 1455 1461 1564 
12 69 127 197 244 285 340 389 452 509 580 645 724 797 884 965 1060 1149 1252 1349 1355 1454 1462 1563 
13 68 128 196 245 284 341 388 453 508 581 644 725 796 885 964 1061 1148 1156 1245 1255 1346 1358 1451 1465 1560 
14 67 129 195 246 283 342 387 454 507 582 643 726 795 886 963 1062 1147 1157 1244 1256 1345 1359 1450 1466 1559 
15 66 130 194 247 282 343 386 455 506 583 642 727 794 887 962 974 1051 1065 1144 1160 1241 1259 1342 1362 1447 1469 1556 
16 65 131 193 248 281 344 385 456 505 584 641 728 793 888 961 975 1050 1066 1143 1161 1240 1260 1341 1363 1446 1470 1555 
17 64 132 192 249 327 402 439 522 567 589 636 660 709 735 786 814 867 897 952 984 1041 1075 1134 1170 1231 1269 1332 1372 1437 1479 1546 
18 82 143 181 219 265 311 365 419 481 543 613 683 761 839 925 1011 1105 1199 1301 1403 1406 1510 1515 
19 81 144 217 267 309 367 417 483 541 615 681 763 837 927 1009 1107 1197 1204 1296 1305 1399 1410 1506 1519 
20 80 145 216 268 308 368 416 484 540 616 680 764 836 928 1008 1108 1196 1205 1295 1306 1398 1411 1505 1520 
21 79 146 215 269 307 369 415 485 539 617 679 765 835 929 1007 1018 1098 1111 1193 1208 1292 1309 1395 1414 1502 1523 
22 78 147 214 270 306 370 414 486 538 618 678 766 834 930 1006 1019 1097 1112 1192 1209 1291 1310 1394 1415 1501 1524 
23 77 119 170 230 299 377 407 434 466 495 529 560 596 629 667 702 742 779 821 860 904 945 991 1034 1082 1127 1177 1224 1276 1325 1379 1430 1486 1539 
24 76 120 169 231 298 378 406 435 465 496 528 561 595 630 666 703 741 780 820 861 903 946 990 1035 1081 1128 1176 1225 1275 1326 1378 1431 1485 1540 
25 75 121 168 232 297 328 401 440 521 568 657 712 732 789 811 870 894 955 981 1044 1072 1137 1167 1234 1266 1335 1369 1440 1476 1549 
26 74 122 167 233 296 329 400 441 520 569 656 713 731 790 810 871 893 956 980 1045 1071 1138 1166 1235 1265 1336 1368 1441 1475 1550 
27 73 123 166 234 295 330 399 442 519 570 655 714 807 874 890 959 977 1048 1068 1141 1163 1238 1262 1339 1365 1444 1472 1553 
28 93 163 237 292 333 396 445 516 573 652 717 804 877 972 1053 1063 1146 1158 1243 1257 1344 1360 1449 1467 1558 
29 92 133 191 250 326 403 438 523 566 590 635 661 708 736 785 815 866 898 951 985 1040 1076 1133 1171 1230 1270 1331 1373 1436 1480 1545 
30 91 134 190 251 325 404 437 463 498 526 563 593 632 664 705 739 782 818 863 901 948 988 1037 1079 1130 1174 1227 1273 1328 1376 1433 1483 1542 
31 90 135 189 252 324 405 436 464 497 527 562 594 631 665 704 740 781 819 862 902 947 989 1036 1080 1129 1175 1226 1274 1327 1377 1432 1484 1541 
32 89 136 188 253 323 353 431 469 555 601 624 672 697 747 774 826 855 909 940 996 1029 1087 1122 1182 1219 1281 1320 1384 1425 1491 1534 
33 88 137 187 254 322 354 430 470 554 602 623 673 696 748 773 827 854 910 939 997 1028 1088 1121 1183 1218 1282 1319 1385 1424 1492 1533 
34 87 138 186 255 321 355 429 471 553 603 693 751 770 830 851 913 936 1000 1025 1091 1118 1186 1215 1285 1316 1388 1421 1495 1530 
35 86 139 185 256 320 356 428 472 552 604 692 752 769 831 850 914 935 1001 1024 1092 1117 1187 1214 1286 1315 1389 1420 1496 1529 
36 85 140 184 257 319 357 427 473 551 605 691 753 847 917 932 1004 1021 1095 1114 1190 1211 1289 1312 1392 1417 1499 1526 
37 84 141 183 258 318 358 426 474 550 606 690 754 846 918 931 1005 1020 1096 1113 1191 1210 1290 1311 1393 1416 1500 1525 
38 83 142 182 218 266 310 366 418 482 542 614 682 762 838 926 1010 1106 1198 1302 1402 1407 1509 1516 
39 105 151 210 274 351 433 467 494 530 559 597 628 668 701 743 778 822 859 905 944 992 1033 1083 1126 1178 1223 1277 1324 1380 1429 1487 1538 
40 104 152 209 275 350 379 462 499 525 564 592 633 663 706 738 783 817 864 900 949 987 1038 1078 1131 1173 1228 1272 1329 1375 1434 1482 1543 
41 103 153 208 276 349 380 461 500 524 565 591 634 662 707 737 784 816 865 899 950 986 1039 1077 1132 1172 1229 1271 1330 1374 1435 1481 1544 
42 102 154 207 277 348 381 460 501 588 637 659 710 734 787 813 868 896 953 983 1042 1074 1135 1169 1232 1268 1333 1371 1438 1478 1547 
43 101 155 206 278 347 382 459 502 587 638 658 711 733 788 812 869 895 954 982 1043 1073 1136 1168 1233 1267 1334 1370 1439 1477 1548 
44 100 156 205 279 346 383 458 503 586 639 730 791 809 872 892 957 979 1046 1070 1139 1165 1236 1264 1337 1367 1442 1474 1551 
45 99 157 204 280 345 384 457 504 585 640 729 792 808 873 891 958 978 1047 1069 1140 1164 1237 1263 1338 1366 1443 1473 1552 
46 98 158 203 238 291 334 395 446 515 574 651 718 803 878 971 1054 1155 1246 1254 1347 1357 1452 1464 1561 
47 97 159 202 239 290 335 394 447 514 575 650 719 802 879 970 1055 1154 1247 1253 1348 1356 1453 1463 1562 
48 96 160 201 240 289 336 393 448 513 576 649 720 801 880 969 1056 1153 1248 1353 1456 1460 1565 
49 95 161 200 241 288 337 392 449 512 577 648 721 800 881 968 1057 1152 1249 1352 1457 1459 1566 
50 94 162 199 242 287 338 391 450 511 578 647 722 799 882 967 1058 1151 1250 1351 1458 1567 
51 118 171 229 300 376 408 492 532 557 599 626 670 699 745 776 824 857 907 942 994 1031 1085 1124 1180 1221 1279 1322 1382 1427 1489 1536 
52 117 172 228 301 375 409 491 533 556 600 625 671 698 746 775 825 856 908 941 995 1030 1086 1123 1181 1220 1280 1321 1383 1426 1490 1535 
53 116 173 227 302 374 410 490 534 622 674 695 749 772 828 853 911 938 998 1027 1089 1120 1184 1217 1283 1318 1386 1423 1493 1532 
54 115 174 226 303 373 411 489 535 621 675 694 750 771 829 852 912 937 999 1026 1090 1119 1185 1216 1284 1317 1387 1422 1494 1531 
55 114 175 225 259 317 359 425 475 549 607 689 755 845 919 1017 1099 1110 1194 1207 1293 1308 1396 1413 1503 1522 
