839
1 48 96 129 160 201 240 289 336 393 448 513 576 649 720 724 797 803 
2 47 97 128 161 200 241 288 337 392 449 512 577 648 721 800 
3 46 75 121 168 193 248 281 344 385 399 442 458 503 521 568 588 637 659 710 734 787 813 
4 45 76 120 169 192 249 280 345 384 400 441 459 502 522 567 589 636 660 709 735 786 814 
5 44 77 119 170 191 250 279 297 328 348 381 403 438 462 499 525 564 592 633 663 706 738 783 817 
6 43 78 118 171 229 255 274 302 323 353 376 408 433 467 494 530 559 597 628 668 701 743 778 822 
7 42 79 117 172 228 256 273 303 322 354 375 409 432 468 493 531 558 598 627 669 700 744 777 823 
8 41 80 116 173 227 257 319 357 372 412 429 471 490 534 555 601 624 672 697 747 774 826 
9 55 89 136 188 212 272 304 321 355 374 410 431 469 492 532 557 599 626 670 699 745 776 824 
10 54 90 135 189 211 230 254 275 301 324 352 377 407 434 466 495 529 560 596 629 667 702 742 779 821 
11 53 91 134 190 251 278 298 327 349 380 404 437 463 498 526 563 593 632 664 705 739 782 818 
12 52 92 133 156 205 236 293 332 397 444 456 505 519 570 586 639 657 712 732 789 811 
13 51 93 132 157 204 237 292 333 396 445 516 573 583 642 654 715 729 792 808 
14 50 94 131 158 203 238 291 334 395 446 515 574 582 643 653 716 728 793 807 
15 49 95 130 159 202 239 290 335 394 447 514 575 650 719 725 796 804 
16 65 104 152 209 232 252 277 299 326 350 379 405 436 464 497 527 562 594 631 665 704 740 781 819 
17 64 105 151 210 231 253 276 300 325 351 378 406 435 465 496 528 561 595 630 666 703 741 780 820 
18 63 106 150 174 226 258 318 358 371 413 428 472 489 535 554 602 623 673 696 748 773 827 
19 62 107 149 175 225 259 317 359 425 475 486 538 551 605 620 676 693 751 770 830 
20 61 108 148 176 224 260 316 360 424 476 485 539 550 606 619 677 692 752 769 831 
21 60 109 147 177 223 261 315 361 423 477 547 609 616 680 689 755 766 834 
22 59 110 146 178 222 262 314 362 422 478 546 610 615 681 688 756 765 835 
23 58 111 145 179 221 263 313 363 421 479 545 611 685 759 762 838 
24 57 87 138 186 214 270 306 370 414 427 473 488 536 553 603 622 674 695 749 772 828 
25 56 88 137 187 213 271 305 320 356 373 411 430 470 491 533 556 600 625 671 698 746 775 825 
26 74 122 167 194 247 282 343 386 455 506 518 571 585 640 656 713 731 790 810 
27 73 123 166 195 246 283 342 387 454 507 517 572 584 641 655 714 730 791 809 
28 72 124 165 196 245 284 341 388 453 508 581 644 652 717 727 794 806 
29 71 98 127 162 199 242 287 338 391 450 511 578 647 722 799 801 
30 70 99 126 163 198 243 286 339 390 451 510 579 646 723 798 802 
31 69 100 125 164 197 244 285 340 389 452 509 580 645 651 718 726 795 805 
32 68 101 155 206 235 294 331 398 443 457 504 520 569 587 638 658 711 733 788 812 
33 67 102 154 207 234 295 330 346 383 401 440 460 501 523 566 590 635 661 708 736 785 815 
34 66 103 153 208 233 296 329 347 382 402 439 461 500 524 565 591 634 662 707 737 784 816 
35 86 139 185 215 269 307 369 415 426 474 487 537 552 604 621 675 694 750 771 829 
36 85 140 184 216 268 308 368 416 484 540 549 607 618 678 691 753 768 832 
37 84 112 144 180 220 264 312 364 420 480 544 612 684 760 761 839 
38 83 113 143 181 219 265 311 365 419 481 543 613 683 686 758 763 837 
39 82 114 142 182 218 266 310 366 418 482 542 614 682 687 757 764 836 
40 81 115 141 183 217 267 309 367 417 483 541 548 608 617 679 690 754 767 833 
