219
1 24 40 60 84 112 144 180 181 219 
2 23 41 59 85 111 145 179 182 218 
3 22 42 58 86 110 115 141 148 176 185 215 
4 21 43 57 87 109 116 140 149 175 186 214 
5 20 44 56 65 79 90 106 119 137 152 172 189 211 
6 30 51 70 99 126 163 198 202 
7 29 52 69 100 125 131 158 166 195 205 
8 28 53 68 101 124 132 157 167 194 206 
9 27 54 67 77 92 104 121 135 154 170 191 209 
10 26 55 66 78 91 105 120 136 153 171 190 210 
11 38 62 82 114 142 147 177 184 216 
12 37 63 81 88 108 117 139 150 174 187 213 
13 36 64 80 89 107 118 138 151 173 188 212 
14 35 46 75 94 102 123 133 156 168 193 207 
15 34 47 74 95 130 159 165 196 204 
16 33 48 73 96 129 160 164 197 203 
17 32 49 72 97 128 161 200 
18 31 50 71 98 127 162 199 201 
19 45 76 93 103 122 134 155 169 192 208 
25 39 61 83 113 143 146 178 183 217 
