479
1 35 65 104 121 168 193 207 234 250 279 297 328 348 381 403 438 462 
2 34 66 103 122 167 194 206 235 249 280 296 329 347 382 402 439 461 
3 33 67 102 123 166 195 246 283 293 332 344 385 399 442 458 
4 32 68 101 124 165 196 245 284 292 333 343 386 398 443 457 
5 31 69 100 125 164 197 244 285 340 389 395 446 454 
6 43 78 118 138 151 173 188 212 229 255 274 302 323 353 376 408 433 467 
7 42 79 117 139 185 215 226 258 271 305 320 356 373 411 430 470 
8 41 80 116 140 184 216 225 259 270 306 319 357 372 412 429 471 
9 40 81 115 141 183 217 267 309 316 360 369 415 426 474 
10 39 61 83 113 143 181 219 265 311 365 419 422 478 
11 38 62 82 114 142 182 218 266 310 315 361 368 416 425 475 
12 37 63 106 150 174 187 213 228 256 273 303 322 354 375 409 432 468 
13 36 64 105 120 136 153 171 190 210 231 253 276 300 325 351 378 406 435 465 
14 50 71 98 127 162 199 242 287 338 391 450 
15 49 72 97 128 161 200 241 288 337 392 449 451 
16 48 73 96 129 160 201 240 289 336 393 448 452 
17 47 74 95 130 159 202 239 290 335 341 388 396 445 455 
18 46 75 94 131 158 203 238 291 334 342 387 397 444 456 
19 45 76 93 132 157 204 237 247 282 294 331 345 384 400 441 459 
20 44 77 119 137 152 172 189 211 230 254 275 301 324 352 377 407 434 466 
21 60 84 112 144 180 220 264 312 364 420 421 479 
22 59 85 111 145 179 221 263 313 363 366 418 423 477 
23 58 86 110 146 178 222 262 314 362 367 417 424 476 
24 57 87 109 147 177 223 261 268 308 317 359 370 414 427 473 
25 56 88 108 148 176 224 260 269 307 318 358 371 413 428 472 
26 55 89 107 149 175 186 214 227 257 272 304 321 355 374 410 431 469 
27 54 90 135 154 170 191 209 232 252 277 299 326 350 379 405 436 464 
28 53 91 134 155 169 192 208 233 251 278 298 327 349 380 404 437 463 
29 52 92 133 156 205 236 248 281 295 330 346 383 401 440 460 
30 51 70 99 126 163 198 243 286 339 390 394 447 453 
