1.000
0.000
0.000
0.000
0.000
0.000
2.000
3.000
3.000
0.000
6.000
10.000
12.000
0.000
27.000
36.000
16.000
399960001.000
624850009.000
624850009.000
624850009.000
624600063.000
1967980000.000
1977819900.000
1987688799.000
1997577798.000
2007495594.000
2017433691.000
2027400382.000
2037387576.000
2047403160.000
2057439450.000
153481322.507
163560215.193
142158699.577
160578593.133
150869673.295
168560682.000
169375349.895
144254908.314
159327337.546
163095993.170
197993339.000
797301197.000
1779495850.000
3178016800.000
4950847188.000
199270231.000
798520264.000
1798680192.000
3196720156.000
199760064.000
794648816.000
1795590685.000
199480096.000
794920984.000
199021056.000
