1
3
3
4
1
9
0
12
3
15
3
0
21
6
0
27
9
0
34
13
1
1
42
18
3
3
51
24
6
6
58
31
10
10
1
66
39
15
15
3
81
45
21
21
6
91
58
28
28
10
1
99
63
36
36
15
3
114
75
45
45
21
6
127
85
52
52
28
10
1
141
96
60
60
36
15
3
156
108
69
69
42
21
6
172
121
79
79
49
28
10
1
186
135
90
90
57
33
15
3
201
150
102
102
66
39
21
6
226
163
115
115
76
46
25
10
1
243
186
129
129
87
54
30
15
3
255
195
144
144
99
63
36
18
6
280
217
163
163
112
73
43
22
10
1
300
234
177
177
129
84
51
27
12
3
318
252
192
192
144
99
60
33
15
6
334
271
208
208
157
112
73
40
19
7
1
354
288
225
225
171
126
84
51
24
9
3
372
309
243
243
186
138
96
60
33
12
3
385
325
262
262
202
151
109
70
40
19
4
1
405
342
282
282
219
165
120
81
48
24
9
0
417
363
300
300
237
180
132
93
57
30
12
3
420
369
315
315
255
195
144
102
66
36
15
3
0
435
387
336
336
273
213
159
114
78
45
21
6
0
441
396
348
348
294
231
174
126
87
54
27
9
0
448
403
358
358
307
253
190
139
97
64
34
13
1
1
456
408
366
366
318
267
213
153
108
72
42
18
3
3
465
414
372
372
327
279
228
174
120
81
51
24
6
6
472
421
376
376
334
289
241
190
139
91
58
31
10
10
1
477
426
378
378
339
297
252
204
153
108
66
39
15
15
3
495
432
384
384
342
303
261
216
168
120
81
45
21
21
6
505
448
391
391
349
307
268
226
181
133
91
58
28
28
10
1
507
447
396
396
351
312
270
231
189
144
99
63
36
36
15
3
11700152
11296531
146429
2965285
3437295
2703520
10296112
0
314678
11824376
4400758
10790039
11979923
2317928
1189809
5084690
417206
1125016
7314932
5544972
12150211
5193984
1619683
6895076
941764
4797291
218075
1069574
8624372
9274579
3571364
5243838
1058131
5191671
9469307
3902988
3754970
11949682
4974830
9340672
1437517
10224961
744792
909045
6692885
8091533
3411080
12341997
12100579
294813
318292
1705289
4668523
6870212
5075849
9092993
2497883
5243721
9054911
10763179
10352992
0
6908021
0
