394
854668
51542523
6634222149
2182505213604
15630557120567
138140
7003905
2740484
1730034
13239
3173914
2630473
1884406
3025579
214534
2765143
162008
40133
25876275
4456250
230638
8827654
110986
327495
332716
822247
1033695
4909534
1936
36921
2389889
2762953
209013
2399443
982504
54503
111870
65961
10696
5496418
785
34688
1423493
7621117
227
2129987
98773
170921
133242
1105000
452657
997997
25704
1862167
496781
28477
343998
7348308
775695
40063
2232770
35459
8006763
227384
179201
945993
349573
4384811
84472
2078903
1272440
11841512
197933
289212
1892662
17066
22083560
491280
29942
42278
46836
1013070
6517687
5477
66785
290316
2419887
332484
0
14496887
1065889
1688550
31273060
450912
1089978
3679230
487406
358333
125542
32760
948091
380155
63484
2035619
494
