7.071068
7.071068
7.071068
7.071068
10.000000
0.000000
0.000000
0.000000
0.000000
0.000000
10.000000
10.000000
10.000000
10.000000
14.142136
10.000000
10.000000
10.000000
10.000000
14.142136
10.000000
10.000000
10.000000
10.000000
14.142136
0.000000
0.000000
0.000000
0.000000
0.000000
10.000000
10.000000
10.000000
10.000000
14.142136
10.000000
10.000000
10.000000
10.000000
14.142136
10.000000
10.000000
10.000000
10.000000
14.142136
0.000000
0.000000
0.000000
0.000000
0.000000
10.000000
10.000000
10.000000
10.000000
14.142136
10.000000
10.000000
10.000000
10.000000
14.142136
0.000000
0.000000
0.000000
0.000000
0.000000
0.000000
0.000000
0.000000
0.000000
0.000000
0.000000
0.000000
0.000000
0.000000
0.000000
0.000000
0.000000
0.000000
0.000000
0.000000
0.000000
0.000000
0.000000
0.000000
0.000000
7.000000
7.000000
7.000000
7.000000
9.899495
2.828427
2.828427
2.828427
2.828427
4.000000
0.000000
0.000000
0.000000
0.000000
0.000000
0.000000
0.000000
0.000000
0.000000
0.000000
0.000000
0.000000
0.000000
0.000000
0.000000
2.000000
2.000000
2.000000
2.000000
2.828427
2.000000
2.000000
2.000000
2.000000
2.828427
2.000000
2.000000
2.000000
2.000000
2.828427
2.828427
2.828427
2.828427
2.828427
4.000000
1.000000
1.000000
1.000000
1.000000
1.414214
9.888889
9.888889
9.888889
9.888889
13.985001
20000.000000
20000.000000
20000.000000
20000.000000
20000.000000
20000.000000
20000.000000
20000.000000
19999.999950
19999.999950
19999.999950
19999.999950
20000.000000
20000.000000
20000.000000
20000.000000
0.000000
0.000000
0.000000
0.000000
0.000000
0.000000
0.000000
0.000000
5.000000
5.000000
5.000000
5.000000
7.071068
2.000000
2.000000
2.000000
2.000000
2.828427
1.000000
1.000000
1.000000
1.000000
1.414214
1.000000
1.000000
1.000000
1.000000
1.414214
5.000000
5.000000
5.000000
5.000000
7.071068
2.000000
2.000000
2.000000
2.000000
2.828427
0.000000
0.000000
0.000000
0.000000
0.000000
2620.043112
10635.873107
