Case #1: AB AB 
Case #2: A A B C A BC 
Case #3: C A BC 
Case #4: B A B A BC 
Case #5: AB AB AB 
Case #6: A BC 
Case #7: C C A B C A BC 
Case #8: AB 
Case #9: A B A B A B A BC 
Case #10: A A A B C A BC 
Case #11: B C A B C A BC 
Case #12: C B C A B C A BC 
Case #13: B B C A B C A BC 
Case #14: C A C A C A BC 
Case #15: C B C B C A BC 
Case #16: C B C A BC 
Case #17: B A B A B A BC 
Case #18: A B C A BC 
Case #19: C A C A B C A BC 
Case #20: B A B C A BC 
Case #21: B C A BC 
Case #22: A A C A C A BC 
Case #23: A C A BC 
Case #24: A B A B C A BC 
Case #25: C A C A BC 
Case #26: B C B C B C A BC 
Case #27: C A B C A BC 
Case #28: A C A C A BC 
Case #29: A B C A B C A BC 
Case #30: A C A B C A BC 
Case #31: A A C A B C A BC 
Case #32: B B A B C A BC 
Case #33: A A B A BC 
Case #34: B C B C A BC 
Case #35: A A B A B C A BC 
Case #36: A C A C A C A BC 
Case #37: B B C A BC 
Case #38: A B A B A BC 
Case #39: A A C A BC 
Case #40: AB AB AB AB 
Case #41: B A B A B C A BC 
Case #42: A A B A B A BC 
Case #43: A B A BC 
Case #44: B A BC 
Case #45: B B C B C A BC 
Case #46: A A BC 
