Case #1: POSSIBLE
01110
00001
01001
01000
00000
Case #2: POSSIBLE
01
00
Case #3: IMPOSSIBLE
Case #4: POSSIBLE
0111111111000
0000000000001
0100000000001
0110000000001
0111000000001
0111100000001
0111110000001
0111111000001
0111111100001
0100101010000
0000000000000
0000000000000
0000000000000
Case #5: POSSIBLE
0111111111111111111111111111111111111111111111111
0000000000000000000000000000000000000000000000001
0100000000000000000000000000000000000000000000001
0110000000000000000000000000000000000000000000001
0111000000000000000000000000000000000000000000001
0111100000000000000000000000000000000000000000001
0111110000000000000000000000000000000000000000001
0111111000000000000000000000000000000000000000001
0111111100000000000000000000000000000000000000001
0111111110000000000000000000000000000000000000001
0111111111000000000000000000000000000000000000001
0111111111100000000000000000000000000000000000001
0111111111110000000000000000000000000000000000001
0111111111111000000000000000000000000000000000001
0111111111111100000000000000000000000000000000001
0111111111111110000000000000000000000000000000001
0111111111111111000000000000000000000000000000001
0111111111111111100000000000000000000000000000001
0111111111111111110000000000000000000000000000001
0111111111111111111000000000000000000000000000001
0111111111111111111100000000000000000000000000001
0111111111111111111110000000000000000000000000001
0111111111111111111111000000000000000000000000001
0111111111111111111111100000000000000000000000001
0111111111111111111111110000000000000000000000001
0111111111111111111111111000000000000000000000001
0111111111111111111111111100000000000000000000001
0111111111111111111111111110000000000000000000001
0111111111111111111111111111000000000000000000001
0111111111111111111111111111100000000000000000001
0111111111111111111111111111110000000000000000001
0111111111111111111111111111111000000000000000001
0111111111111111111111111111111100000000000000001
0111111111111111111111111111111110000000000000001
0111111111111111111111111111111111000000000000001
0111111111111111111111111111111111100000000000001
0111111111111111111111111111111111110000000000001
0111111111111111111111111111111111111000000000001
0111111111111111111111111111111111111100000000001
0111111111111111111111111111111111111110000000001
0111111111111111111111111111111111111111000000001
0111111111111111111111111111111111111111100000001
0111111111111111111111111111111111111111110000001
0111111111111111111111111111111111111111111000001
0111111111111111111111111111111111111111111100001
0111111111111111111111111111111111111111111110001
0111111111111111111111111111111111111111111111001
0111111111111111111111111111111111111111111111101
0000000000000000000000000000000000000000000000000
Case #6: POSSIBLE
0111111110000
0000000000001
0100000000001
0110000000001
0111000000001
0111100000001
0111110000001
0111111000001
0101100000000
0000000000000
0000000000000
0000000000000
0000000000000
Case #7: POSSIBLE
01000000000000000000000000000000000000000000000000
00000000000000000000000000000000000000000000000001
00000000000000000000000000000000000000000000000000
00000000000000000000000000000000000000000000000000
00000000000000000000000000000000000000000000000000
00000000000000000000000000000000000000000000000000
00000000000000000000000000000000000000000000000000
00000000000000000000000000000000000000000000000000
00000000000000000000000000000000000000000000000000
00000000000000000000000000000000000000000000000000
00000000000000000000000000000000000000000000000000
00000000000000000000000000000000000000000000000000
00000000000000000000000000000000000000000000000000
00000000000000000000000000000000000000000000000000
00000000000000000000000000000000000000000000000000
00000000000000000000000000000000000000000000000000
00000000000000000000000000000000000000000000000000
00000000000000000000000000000000000000000000000000
00000000000000000000000000000000000000000000000000
00000000000000000000000000000000000000000000000000
00000000000000000000000000000000000000000000000000
00000000000000000000000000000000000000000000000000
00000000000000000000000000000000000000000000000000
00000000000000000000000000000000000000000000000000
00000000000000000000000000000000000000000000000000
00000000000000000000000000000000000000000000000000
00000000000000000000000000000000000000000000000000
00000000000000000000000000000000000000000000000000
00000000000000000000000000000000000000000000000000
00000000000000000000000000000000000000000000000000
00000000000000000000000000000000000000000000000000
00000000000000000000000000000000000000000000000000
00000000000000000000000000000000000000000000000000
00000000000000000000000000000000000000000000000000
00000000000000000000000000000000000000000000000000
00000000000000000000000000000000000000000000000000
00000000000000000000000000000000000000000000000000
00000000000000000000000000000000000000000000000000
00000000000000000000000000000000000000000000000000
00000000000000000000000000000000000000000000000000
00000000000000000000000000000000000000000000000000
00000000000000000000000000000000000000000000000000
00000000000000000000000000000000000000000000000000
00000000000000000000000000000000000000000000000000
00000000000000000000000000000000000000000000000000
00000000000000000000000000000000000000000000000000
00000000000000000000000000000000000000000000000000
00000000000000000000000000000000000000000000000000
00000000000000000000000000000000000000000000000000
00000000000000000000000000000000000000000000000000
Case #8: POSSIBLE
0111110
0000001
0100001
0110001
0111001
0100100
0000000
Case #9: POSSIBLE
011111111111111111111111111111111111111111111110
000000000000000000000000000000000000000000000001
010000000000000000000000000000000000000000000001
011000000000000000000000000000000000000000000001
011100000000000000000000000000000000000000000001
011110000000000000000000000000000000000000000001
011111000000000000000000000000000000000000000001
011111100000000000000000000000000000000000000001
011111110000000000000000000000000000000000000001
011111111000000000000000000000000000000000000001
011111111100000000000000000000000000000000000001
011111111110000000000000000000000000000000000001
011111111111000000000000000000000000000000000001
011111111111100000000000000000000000000000000001
011111111111110000000000000000000000000000000001
011111111111111000000000000000000000000000000001
011111111111111100000000000000000000000000000001
011111111111111110000000000000000000000000000001
011111111111111111000000000000000000000000000001
011111111111111111100000000000000000000000000001
011111111111111111110000000000000000000000000001
011111111111111111111000000000000000000000000001
011111111111111111111100000000000000000000000001
011111111111111111111110000000000000000000000001
011111111111111111111111000000000000000000000001
011111111111111111111111100000000000000000000001
011111111111111111111111110000000000000000000001
011111111111111111111111111000000000000000000001
011111111111111111111111111100000000000000000001
011111111111111111111111111110000000000000000001
011111111111111111111111111111000000000000000001
011111111111111111111111111111100000000000000001
011111111111111111111111111111110000000000000001
011111111111111111111111111111111000000000000001
011111111111111111111111111111111100000000000001
011111111111111111111111111111111110000000000001
011111111111111111111111111111111111000000000001
011111111111111111111111111111111111100000000001
011111111111111111111111111111111111110000000001
011111111111111111111111111111111111111000000001
011111111111111111111111111111111111111100000001
011111111111111111111111111111111111111110000001
011111111111111111111111111111111111111111000001
011111111111111111111111111111111111111111100001
011111111111111111111111111111111111111111110001
011111111111111111111111111111111111111111111001
011001111010001101010001111011101001000010000100
000000000000000000000000000000000000000000000000
Case #10: POSSIBLE
0111
0001
0101
0000
Case #11: POSSIBLE
01111111111111111111111111111111110
00000000000000000000000000000000001
01000000000000000000000000000000001
01100000000000000000000000000000001
01110000000000000000000000000000001
01111000000000000000000000000000001
01111100000000000000000000000000001
01111110000000000000000000000000001
01111111000000000000000000000000001
01111111100000000000000000000000001
01111111110000000000000000000000001
01111111111000000000000000000000001
01111111111100000000000000000000001
01111111111110000000000000000000001
01111111111111000000000000000000001
01111111111111100000000000000000001
01111111111111110000000000000000001
01111111111111111000000000000000001
01111111111111111100000000000000001
01111111111111111110000000000000001
01111111111111111111000000000000001
01111111111111111111100000000000001
01111111111111111111110000000000001
01111111111111111111111000000000001
01111111111111111111111100000000001
01111111111111111111111110000000001
01111111111111111111111111000000001
01111111111111111111111111100000001
01111111111111111111111111110000001
01111111111111111111111111111000001
01111111111111111111111111111100001
01111111111111111111111111111110001
01111111111111111111111111111111001
01110001110111001100000000001111000
00000000000000000000000000000000000
Case #12: POSSIBLE
0111110
0000001
0100001
0110001
0111001
0011100
0000000
Case #13: POSSIBLE
01111111111111111100
00000000000000000001
01000000000000000001
01100000000000000001
01110000000000000001
01111000000000000001
01111100000000000001
01111110000000000001
01111111000000000001
01111111100000000001
01111111110000000001
01111111111000000001
01111111111100000001
01111111111110000001
01111111111111000001
01111111111111100001
01111111111111110001
01010111001011101000
00000000000000000000
00000000000000000000
Case #14: POSSIBLE
0111111111111000
0000000000000001
0100000000000001
0110000000000001
0111000000000001
0111100000000001
0111110000000001
0111111000000001
0111111100000001
0111111110000001
0111111111000001
0111111111100001
0011101101000000
0000000000000000
0000000000000000
0000000000000000
Case #15: POSSIBLE
0111111111111111111111111110
0000000000000000000000000001
0100000000000000000000000001
0110000000000000000000000001
0111000000000000000000000001
0111100000000000000000000001
0111110000000000000000000001
0111111000000000000000000001
0111111100000000000000000001
0111111110000000000000000001
0111111111000000000000000001
0111111111100000000000000001
0111111111110000000000000001
0111111111111000000000000001
0111111111111100000000000001
0111111111111110000000000001
0111111111111111000000000001
0111111111111111100000000001
0111111111111111110000000001
0111111111111111111000000001
0111111111111111111100000001
0111111111111111111110000001
0111111111111111111111000001
0111111111111111111111100001
0111111111111111111111110001
0111111111111111111111111001
0110111110001100001111010100
0000000000000000000000000000
Case #16: POSSIBLE
01111111111111111111111111111111111111111111111111
00000000000000000000000000000000000000000000000001
01000000000000000000000000000000000000000000000001
01100000000000000000000000000000000000000000000001
01110000000000000000000000000000000000000000000001
01111000000000000000000000000000000000000000000001
01111100000000000000000000000000000000000000000001
01111110000000000000000000000000000000000000000001
01111111000000000000000000000000000000000000000001
01111111100000000000000000000000000000000000000001
01111111110000000000000000000000000000000000000001
01111111111000000000000000000000000000000000000001
01111111111100000000000000000000000000000000000001
01111111111110000000000000000000000000000000000001
01111111111111000000000000000000000000000000000001
01111111111111100000000000000000000000000000000001
01111111111111110000000000000000000000000000000001
01111111111111111000000000000000000000000000000001
01111111111111111100000000000000000000000000000001
01111111111111111110000000000000000000000000000001
01111111111111111111000000000000000000000000000001
01111111111111111111100000000000000000000000000001
01111111111111111111110000000000000000000000000001
01111111111111111111111000000000000000000000000001
01111111111111111111111100000000000000000000000001
01111111111111111111111110000000000000000000000001
01111111111111111111111111000000000000000000000001
01111111111111111111111111100000000000000000000001
01111111111111111111111111110000000000000000000001
01111111111111111111111111111000000000000000000001
01111111111111111111111111111100000000000000000001
01111111111111111111111111111110000000000000000001
01111111111111111111111111111111000000000000000001
01111111111111111111111111111111100000000000000001
01111111111111111111111111111111110000000000000001
01111111111111111111111111111111111000000000000001
01111111111111111111111111111111111100000000000001
01111111111111111111111111111111111110000000000001
01111111111111111111111111111111111111000000000001
01111111111111111111111111111111111111100000000001
01111111111111111111111111111111111111110000000001
01111111111111111111111111111111111111111000000001
01111111111111111111111111111111111111111100000001
01111111111111111111111111111111111111111110000001
01111111111111111111111111111111111111111111000001
01111111111111111111111111111111111111111111100001
01111111111111111111111111111111111111111111110001
01111111111111111111111111111111111111111111111001
01111111111111111111111111111111111111111111111101
00000000000000000000000000000000000000000000000000
Case #17: POSSIBLE
01111111111111111111111111111100
00000000000000000000000000000001
01000000000000000000000000000001
01100000000000000000000000000001
01110000000000000000000000000001
01111000000000000000000000000001
01111100000000000000000000000001
01111110000000000000000000000001
01111111000000000000000000000001
01111111100000000000000000000001
01111111110000000000000000000001
01111111111000000000000000000001
01111111111100000000000000000001
01111111111110000000000000000001
01111111111111000000000000000001
01111111111111100000000000000001
01111111111111110000000000000001
01111111111111111000000000000001
01111111111111111100000000000001
01111111111111111110000000000001
01111111111111111111000000000001
01111111111111111111100000000001
01111111111111111111110000000001
01111111111111111111111000000001
01111111111111111111111100000001
01111111111111111111111110000001
01111111111111111111111111000001
01111111111111111111111111100001
01111111111111111111111111110001
01010110001100000010001101000000
00000000000000000000000000000000
00000000000000000000000000000000
Case #18: POSSIBLE
0111110
0000001
0100001
0110001
0111001
0111101
0000000
Case #19: POSSIBLE
0111110
0000001
0100001
0110001
0111001
0111000
0000000
Case #20: POSSIBLE
0111110
0000001
0100001
0110001
0111001
0001000
0000000
Case #21: POSSIBLE
0111110
0000001
0100001
0110001
0111001
0110100
0000000
Case #22: POSSIBLE
0111100
0000001
0100001
0110001
0001000
0000000
0000000
Case #23: POSSIBLE
0111110
0000001
0100001
0110001
0111001
0000100
0000000
Case #24: POSSIBLE
01111111111111111111111111111111111111111111111110
00000000000000000000000000000000000000000000000001
01000000000000000000000000000000000000000000000001
01100000000000000000000000000000000000000000000001
01110000000000000000000000000000000000000000000001
01111000000000000000000000000000000000000000000001
01111100000000000000000000000000000000000000000001
01111110000000000000000000000000000000000000000001
01111111000000000000000000000000000000000000000001
01111111100000000000000000000000000000000000000001
01111111110000000000000000000000000000000000000001
01111111111000000000000000000000000000000000000001
01111111111100000000000000000000000000000000000001
01111111111110000000000000000000000000000000000001
01111111111111000000000000000000000000000000000001
01111111111111100000000000000000000000000000000001
01111111111111110000000000000000000000000000000001
01111111111111111000000000000000000000000000000001
01111111111111111100000000000000000000000000000001
01111111111111111110000000000000000000000000000001
01111111111111111111000000000000000000000000000001
01111111111111111111100000000000000000000000000001
01111111111111111111110000000000000000000000000001
01111111111111111111111000000000000000000000000001
01111111111111111111111100000000000000000000000001
01111111111111111111111110000000000000000000000001
01111111111111111111111111000000000000000000000001
01111111111111111111111111100000000000000000000001
01111111111111111111111111110000000000000000000001
01111111111111111111111111111000000000000000000001
01111111111111111111111111111100000000000000000001
01111111111111111111111111111110000000000000000001
01111111111111111111111111111111000000000000000001
01111111111111111111111111111111100000000000000001
01111111111111111111111111111111110000000000000001
01111111111111111111111111111111111000000000000001
01111111111111111111111111111111111100000000000001
01111111111111111111111111111111111110000000000001
01111111111111111111111111111111111111000000000001
01111111111111111111111111111111111111100000000001
01111111111111111111111111111111111111110000000001
01111111111111111111111111111111111111111000000001
01111111111111111111111111111111111111111100000001
01111111111111111111111111111111111111111110000001
01111111111111111111111111111111111111111111000001
01111111111111111111111111111111111111111111100001
01111111111111111111111111111111111111111111110001
01111111111111111111111111111111111111111111111001
01000000000000000000000000000000000000000000000000
00000000000000000000000000000000000000000000000000
Case #25: POSSIBLE
0100
0001
0000
0000
Case #26: POSSIBLE
01111111111111111111111111111111111111111111111110
00000000000000000000000000000000000000000000000001
01000000000000000000000000000000000000000000000001
01100000000000000000000000000000000000000000000001
01110000000000000000000000000000000000000000000001
01111000000000000000000000000000000000000000000001
01111100000000000000000000000000000000000000000001
01111110000000000000000000000000000000000000000001
01111111000000000000000000000000000000000000000001
01111111100000000000000000000000000000000000000001
01111111110000000000000000000000000000000000000001
01111111111000000000000000000000000000000000000001
01111111111100000000000000000000000000000000000001
01111111111110000000000000000000000000000000000001
01111111111111000000000000000000000000000000000001
01111111111111100000000000000000000000000000000001
01111111111111110000000000000000000000000000000001
01111111111111111000000000000000000000000000000001
01111111111111111100000000000000000000000000000001
01111111111111111110000000000000000000000000000001
01111111111111111111000000000000000000000000000001
01111111111111111111100000000000000000000000000001
01111111111111111111110000000000000000000000000001
01111111111111111111111000000000000000000000000001
01111111111111111111111100000000000000000000000001
01111111111111111111111110000000000000000000000001
01111111111111111111111111000000000000000000000001
01111111111111111111111111100000000000000000000001
01111111111111111111111111110000000000000000000001
01111111111111111111111111111000000000000000000001
01111111111111111111111111111100000000000000000001
01111111111111111111111111111110000000000000000001
01111111111111111111111111111111000000000000000001
01111111111111111111111111111111100000000000000001
01111111111111111111111111111111110000000000000001
01111111111111111111111111111111111000000000000001
01111111111111111111111111111111111100000000000001
01111111111111111111111111111111111110000000000001
01111111111111111111111111111111111111000000000001
01111111111111111111111111111111111111100000000001
01111111111111111111111111111111111111110000000001
01111111111111111111111111111111111111111000000001
01111111111111111111111111111111111111111100000001
01111111111111111111111111111111111111111110000001
01111111111111111111111111111111111111111111000001
01111111111111111111111111111111111111111111100001
01111111111111111111111111111111111111111111110001
01111111111111111111111111111111111111111111111001
01111111111111111111111111111111111111111111111101
00000000000000000000000000000000000000000000000000
Case #27: POSSIBLE
011111111111111111111111100
000000000000000000000000001
010000000000000000000000001
011000000000000000000000001
011100000000000000000000001
011110000000000000000000001
011111000000000000000000001
011111100000000000000000001
011111110000000000000000001
011111111000000000000000001
011111111100000000000000001
011111111110000000000000001
011111111111000000000000001
011111111111100000000000001
011111111111110000000000001
011111111111111000000000001
011111111111111100000000001
011111111111111110000000001
011111111111111111000000001
011111111111111111100000001
011111111111111111110000001
011111111111111111111000001
011111111111111111111100001
011111111111111111111110001
011101010111001101110000000
000000000000000000000000000
000000000000000000000000000
Case #28: POSSIBLE
0111000
0000001
0100001
0110001
0000000
0000000
0000000
Case #29: POSSIBLE
0111000
0000001
0100001
0110000
0000000
0000000
0000000
Case #30: POSSIBLE
0111111111111110
0000000000000001
0100000000000001
0110000000000001
0111000000000001
0111100000000001
0111110000000001
0111111000000001
0111111100000001
0111111110000001
0111111111000001
0111111111100001
0111111111110001
0111111111111001
0001100111011000
0000000000000000
Case #31: POSSIBLE
0111100
0000001
0100001
0110001
0110000
0000000
0000000
Case #32: POSSIBLE
01111111111111100
00000000000000001
01000000000000001
01100000000000001
01110000000000001
01111000000000001
01111100000000001
01111110000000001
01111111000000001
01111111100000001
01111111110000001
01111111111000001
01111111111100001
01111111111110001
01101111100101000
00000000000000000
00000000000000000
Case #33: POSSIBLE
0111111111111111111111111111111111111111111100
0000000000000000000000000000000000000000000001
0100000000000000000000000000000000000000000001
0110000000000000000000000000000000000000000001
0111000000000000000000000000000000000000000001
0111100000000000000000000000000000000000000001
0111110000000000000000000000000000000000000001
0111111000000000000000000000000000000000000001
0111111100000000000000000000000000000000000001
0111111110000000000000000000000000000000000001
0111111111000000000000000000000000000000000001
0111111111100000000000000000000000000000000001
0111111111110000000000000000000000000000000001
0111111111111000000000000000000000000000000001
0111111111111100000000000000000000000000000001
0111111111111110000000000000000000000000000001
0111111111111111000000000000000000000000000001
0111111111111111100000000000000000000000000001
0111111111111111110000000000000000000000000001
0111111111111111111000000000000000000000000001
0111111111111111111100000000000000000000000001
0111111111111111111110000000000000000000000001
0111111111111111111111000000000000000000000001
0111111111111111111111100000000000000000000001
0111111111111111111111110000000000000000000001
0111111111111111111111111000000000000000000001
0111111111111111111111111100000000000000000001
0111111111111111111111111110000000000000000001
0111111111111111111111111111000000000000000001
0111111111111111111111111111100000000000000001
0111111111111111111111111111110000000000000001
0111111111111111111111111111111000000000000001
0111111111111111111111111111111100000000000001
0111111111111111111111111111111110000000000001
0111111111111111111111111111111111000000000001
0111111111111111111111111111111111100000000001
0111111111111111111111111111111111110000000001
0111111111111111111111111111111111111000000001
0111111111111111111111111111111111111100000001
0111111111111111111111111111111111111110000001
0111111111111111111111111111111111111111000001
0111111111111111111111111111111111111111100001
0111111111111111111111111111111111111111110001
0101011111010011011000111000000001110011000000
0000000000000000000000000000000000000000000000
0000000000000000000000000000000000000000000000
Case #34: POSSIBLE
01111111111100
00000000000001
01000000000001
01100000000001
01110000000001
01111000000001
01111100000001
01111110000001
01111111000001
01111111100001
01111111110001
00011100000000
00000000000000
00000000000000
Case #35: IMPOSSIBLE
Case #36: POSSIBLE
011111111111111111111111111111111110
000000000000000000000000000000000001
010000000000000000000000000000000001
011000000000000000000000000000000001
011100000000000000000000000000000001
011110000000000000000000000000000001
011111000000000000000000000000000001
011111100000000000000000000000000001
011111110000000000000000000000000001
011111111000000000000000000000000001
011111111100000000000000000000000001
011111111110000000000000000000000001
011111111111000000000000000000000001
011111111111100000000000000000000001
011111111111110000000000000000000001
011111111111111000000000000000000001
011111111111111100000000000000000001
011111111111111110000000000000000001
011111111111111111000000000000000001
011111111111111111100000000000000001
011111111111111111110000000000000001
011111111111111111111000000000000001
011111111111111111111100000000000001
011111111111111111111110000000000001
011111111111111111111111000000000001
011111111111111111111111100000000001
011111111111111111111111110000000001
011111111111111111111111111000000001
011111111111111111111111111100000001
011111111111111111111111111110000001
011111111111111111111111111111000001
011111111111111111111111111111100001
011111111111111111111111111111110001
011111111111111111111111111111111001
000011110110111001101001011000011100
000000000000000000000000000000000000
Case #37: POSSIBLE
0110
0001
0100
0000
Case #38: IMPOSSIBLE
Case #39: POSSIBLE
0111000
0000001
0100001
0100000
0000000
0000000
0000000
Case #40: POSSIBLE
0111110
0000001
0100001
0110001
0111001
0010000
0000000
Case #41: POSSIBLE
0110000
0000001
0100001
0000000
0000000
0000000
0000000
Case #42: POSSIBLE
011111111111110
000000000000001
010000000000001
011000000000001
011100000000001
011110000000001
011111000000001
011111100000001
011111110000001
011111111000001
011111111100001
011111111110001
011111111111001
011111000011000
000000000000000
Case #43: POSSIBLE
0110
0001
0101
0000
Case #44: POSSIBLE
011111111100
000000000001
010000000001
011000000001
011100000001
011110000001
011111000001
011111100001
011111110001
000001110000
000000000000
000000000000
Case #45: IMPOSSIBLE
Case #46: POSSIBLE
0111100
0000001
0100001
0110001
0101000
0000000
0000000
Case #47: POSSIBLE
011111111111111111111111111111110
000000000000000000000000000000001
010000000000000000000000000000001
011000000000000000000000000000001
011100000000000000000000000000001
011110000000000000000000000000001
011111000000000000000000000000001
011111100000000000000000000000001
011111110000000000000000000000001
011111111000000000000000000000001
011111111100000000000000000000001
011111111110000000000000000000001
011111111111000000000000000000001
011111111111100000000000000000001
011111111111110000000000000000001
011111111111111000000000000000001
011111111111111100000000000000001
011111111111111110000000000000001
011111111111111111000000000000001
011111111111111111100000000000001
011111111111111111110000000000001
011111111111111111111000000000001
011111111111111111111100000000001
011111111111111111111110000000001
011111111111111111111111000000001
011111111111111111111111100000001
011111111111111111111111110000001
011111111111111111111111111000001
011111111111111111111111111100001
011111111111111111111111111110001
011111111111111111111111111111001
001000011100010011010111001010100
000000000000000000000000000000000
Case #48: IMPOSSIBLE
Case #49: POSSIBLE
0111111111111111111110000
0000000000000000000000001
0100000000000000000000001
0110000000000000000000001
0111000000000000000000001
0111100000000000000000001
0111110000000000000000001
0111111000000000000000001
0111111100000000000000001
0111111110000000000000001
0111111111000000000000001
0111111111100000000000001
0111111111110000000000001
0111111111111000000000001
0111111111111100000000001
0111111111111110000000001
0111111111111111000000001
0111111111111111100000001
0111111111111111110000001
0111111111111111111000001
0001000000000001001000000
0000000000000000000000000
0000000000000000000000000
0000000000000000000000000
0000000000000000000000000
Case #50: POSSIBLE
011111111111111111111111111111111100000
000000000000000000000000000000000000001
010000000000000000000000000000000000001
011000000000000000000000000000000000001
011100000000000000000000000000000000001
011110000000000000000000000000000000001
011111000000000000000000000000000000001
011111100000000000000000000000000000001
011111110000000000000000000000000000001
011111111000000000000000000000000000001
011111111100000000000000000000000000001
011111111110000000000000000000000000001
011111111111000000000000000000000000001
011111111111100000000000000000000000001
011111111111110000000000000000000000001
011111111111111000000000000000000000001
011111111111111100000000000000000000001
011111111111111110000000000000000000001
011111111111111111000000000000000000001
011111111111111111100000000000000000001
011111111111111111110000000000000000001
011111111111111111111000000000000000001
011111111111111111111100000000000000001
011111111111111111111110000000000000001
011111111111111111111111000000000000001
011111111111111111111111100000000000001
011111111111111111111111110000000000001
011111111111111111111111111000000000001
011111111111111111111111111100000000001
011111111111111111111111111110000000001
011111111111111111111111111111000000001
011111111111111111111111111111100000001
011111111111111111111111111111110000001
010011011111011110101100001110110000000
000000000000000000000000000000000000000
000000000000000000000000000000000000000
000000000000000000000000000000000000000
000000000000000000000000000000000000000
000000000000000000000000000000000000000
Case #51: POSSIBLE
0111111111111111111000000
0000000000000000000000001
0100000000000000000000001
0110000000000000000000001
0111000000000000000000001
0111100000000000000000001
0111110000000000000000001
0111111000000000000000001
0111111100000000000000001
0111111110000000000000001
0111111111000000000000001
0111111111100000000000001
0111111111110000000000001
0111111111111000000000001
0111111111111100000000001
0111111111111110000000001
0111111111111111000000001
0111111111111111100000001
0011101100101101110000000
0000000000000000000000000
0000000000000000000000000
0000000000000000000000000
0000000000000000000000000
0000000000000000000000000
0000000000000000000000000
Case #52: POSSIBLE
011111111111111111111111111111000
000000000000000000000000000000001
010000000000000000000000000000001
011000000000000000000000000000001
011100000000000000000000000000001
011110000000000000000000000000001
011111000000000000000000000000001
011111100000000000000000000000001
011111110000000000000000000000001
011111111000000000000000000000001
011111111100000000000000000000001
011111111110000000000000000000001
011111111111000000000000000000001
011111111111100000000000000000001
011111111111110000000000000000001
011111111111111000000000000000001
011111111111111100000000000000001
011111111111111110000000000000001
011111111111111111000000000000001
011111111111111111100000000000001
011111111111111111110000000000001
011111111111111111111000000000001
011111111111111111111100000000001
011111111111111111111110000000001
011111111111111111111111000000001
011111111111111111111111100000001
011111111111111111111111110000001
011111111111111111111111111000001
011111111111111111111111111100001
000011110011111101111000100000000
000000000000000000000000000000000
000000000000000000000000000000000
000000000000000000000000000000000
Case #53: POSSIBLE
0111110
0000001
0100001
0110001
0111001
0011000
0000000
Case #54: IMPOSSIBLE
Case #55: POSSIBLE
0111000
0000001
0100001
0010000
0000000
0000000
0000000
Case #56: POSSIBLE
01111111111111111000
00000000000000000001
01000000000000000001
01100000000000000001
01110000000000000001
01111000000000000001
01111100000000000001
01111110000000000001
01111111000000000001
01111111100000000001
01111111110000000001
01111111111000000001
01111111111100000001
01111111111110000001
01111111111111000001
01111111111111100001
01110110011011100000
00000000000000000000
00000000000000000000
00000000000000000000
Case #57: IMPOSSIBLE
Case #58: POSSIBLE
01111111110
00000000001
01000000001
01100000001
01110000001
01111000001
01111100001
01111110001
01111111001
00011001000
00000000000
Case #59: POSSIBLE
01111111111111000000
00000000000000000001
01000000000000000001
01100000000000000001
01110000000000000001
01111000000000000001
01111100000000000001
01111110000000000001
01111111000000000001
01111111100000000001
01111111110000000001
01111111111000000001
01111111111100000001
01110011101100000000
00000000000000000000
00000000000000000000
00000000000000000000
00000000000000000000
00000000000000000000
00000000000000000000
Case #60: POSSIBLE
0111110
0000001
0100001
0110001
0111001
0001100
0000000
Case #61: POSSIBLE
0111111111111111111111111111111100
0000000000000000000000000000000001
0100000000000000000000000000000001
0110000000000000000000000000000001
0111000000000000000000000000000001
0111100000000000000000000000000001
0111110000000000000000000000000001
0111111000000000000000000000000001
0111111100000000000000000000000001
0111111110000000000000000000000001
0111111111000000000000000000000001
0111111111100000000000000000000001
0111111111110000000000000000000001
0111111111111000000000000000000001
0111111111111100000000000000000001
0111111111111110000000000000000001
0111111111111111000000000000000001
0111111111111111100000000000000001
0111111111111111110000000000000001
0111111111111111111000000000000001
0111111111111111111100000000000001
0111111111111111111110000000000001
0111111111111111111111000000000001
0111111111111111111111100000000001
0111111111111111111111110000000001
0111111111111111111111111000000001
0111111111111111111111111100000001
0111111111111111111111111110000001
0111111111111111111111111111000001
0111111111111111111111111111100001
0111111111111111111111111111110001
0111110101011000000110110000101000
0000000000000000000000000000000000
0000000000000000000000000000000000
Case #62: POSSIBLE
01111111111111111111111111111111111110
00000000000000000000000000000000000001
01000000000000000000000000000000000001
01100000000000000000000000000000000001
01110000000000000000000000000000000001
01111000000000000000000000000000000001
01111100000000000000000000000000000001
01111110000000000000000000000000000001
01111111000000000000000000000000000001
01111111100000000000000000000000000001
01111111110000000000000000000000000001
01111111111000000000000000000000000001
01111111111100000000000000000000000001
01111111111110000000000000000000000001
01111111111111000000000000000000000001
01111111111111100000000000000000000001
01111111111111110000000000000000000001
01111111111111111000000000000000000001
01111111111111111100000000000000000001
01111111111111111110000000000000000001
01111111111111111111000000000000000001
01111111111111111111100000000000000001
01111111111111111111110000000000000001
01111111111111111111111000000000000001
01111111111111111111111100000000000001
01111111111111111111111110000000000001
01111111111111111111111111000000000001
01111111111111111111111111100000000001
01111111111111111111111111110000000001
01111111111111111111111111111000000001
01111111111111111111111111111100000001
01111111111111111111111111111110000001
01111111111111111111111111111111000001
01111111111111111111111111111111100001
01111111111111111111111111111111110001
01111111111111111111111111111111111001
00110000111010001111000000110100010100
00000000000000000000000000000000000000
Case #63: POSSIBLE
01111111111111111111111111111111111111111111111100
00000000000000000000000000000000000000000000000001
01000000000000000000000000000000000000000000000001
01100000000000000000000000000000000000000000000001
01110000000000000000000000000000000000000000000001
01111000000000000000000000000000000000000000000001
01111100000000000000000000000000000000000000000001
01111110000000000000000000000000000000000000000001
01111111000000000000000000000000000000000000000001
01111111100000000000000000000000000000000000000001
01111111110000000000000000000000000000000000000001
01111111111000000000000000000000000000000000000001
01111111111100000000000000000000000000000000000001
01111111111110000000000000000000000000000000000001
01111111111111000000000000000000000000000000000001
01111111111111100000000000000000000000000000000001
01111111111111110000000000000000000000000000000001
01111111111111111000000000000000000000000000000001
01111111111111111100000000000000000000000000000001
01111111111111111110000000000000000000000000000001
01111111111111111111000000000000000000000000000001
01111111111111111111100000000000000000000000000001
01111111111111111111110000000000000000000000000001
01111111111111111111111000000000000000000000000001
01111111111111111111111100000000000000000000000001
01111111111111111111111110000000000000000000000001
01111111111111111111111111000000000000000000000001
01111111111111111111111111100000000000000000000001
01111111111111111111111111110000000000000000000001
01111111111111111111111111111000000000000000000001
01111111111111111111111111111100000000000000000001
01111111111111111111111111111110000000000000000001
01111111111111111111111111111111000000000000000001
01111111111111111111111111111111100000000000000001
01111111111111111111111111111111110000000000000001
01111111111111111111111111111111111000000000000001
01111111111111111111111111111111111100000000000001
01111111111111111111111111111111111110000000000001
01111111111111111111111111111111111111000000000001
01111111111111111111111111111111111111100000000001
01111111111111111111111111111111111111110000000001
01111111111111111111111111111111111111111000000001
01111111111111111111111111111111111111111100000001
01111111111111111111111111111111111111111110000001
01111111111111111111111111111111111111111111000001
01111111111111111111111111111111111111111111100001
01111111111111111111111111111111111111111111110001
01000000000000000000000000000000000000000000001000
00000000000000000000000000000000000000000000000000
00000000000000000000000000000000000000000000000000
Case #64: POSSIBLE
0111110
0000001
0100001
0110001
0111001
0111100
0000000
Case #65: POSSIBLE
01111110
00000001
01000001
01100001
01110001
01111001
01100000
00000000
Case #66: POSSIBLE
011111111111111111111111111100
000000000000000000000000000001
010000000000000000000000000001
011000000000000000000000000001
011100000000000000000000000001
011110000000000000000000000001
011111000000000000000000000001
011111100000000000000000000001
011111110000000000000000000001
011111111000000000000000000001
011111111100000000000000000001
011111111110000000000000000001
011111111111000000000000000001
011111111111100000000000000001
011111111111110000000000000001
011111111111111000000000000001
011111111111111100000000000001
011111111111111110000000000001
011111111111111111000000000001
011111111111111111100000000001
011111111111111111110000000001
011111111111111111111000000001
011111111111111111111100000001
011111111111111111111110000001
011111111111111111111111000001
011111111111111111111111100001
011111111111111111111111110001
001101000011111110110111010000
000000000000000000000000000000
000000000000000000000000000000
Case #67: POSSIBLE
011111111111111111111111110
000000000000000000000000001
010000000000000000000000001
011000000000000000000000001
011100000000000000000000001
011110000000000000000000001
011111000000000000000000001
011111100000000000000000001
011111110000000000000000001
011111111000000000000000001
011111111100000000000000001
011111111110000000000000001
011111111111000000000000001
011111111111100000000000001
011111111111110000000000001
011111111111111000000000001
011111111111111100000000001
011111111111111110000000001
011111111111111111000000001
011111111111111111100000001
011111111111111111110000001
011111111111111111111000001
011111111111111111111100001
011111111111111111111110001
011111111111111111111111001
010100101101001110000110100
000000000000000000000000000
Case #68: POSSIBLE
011111111111111111111111111111111111111100
000000000000000000000000000000000000000001
010000000000000000000000000000000000000001
011000000000000000000000000000000000000001
011100000000000000000000000000000000000001
011110000000000000000000000000000000000001
011111000000000000000000000000000000000001
011111100000000000000000000000000000000001
011111110000000000000000000000000000000001
011111111000000000000000000000000000000001
011111111100000000000000000000000000000001
011111111110000000000000000000000000000001
011111111111000000000000000000000000000001
011111111111100000000000000000000000000001
011111111111110000000000000000000000000001
011111111111111000000000000000000000000001
011111111111111100000000000000000000000001
011111111111111110000000000000000000000001
011111111111111111000000000000000000000001
011111111111111111100000000000000000000001
011111111111111111110000000000000000000001
011111111111111111111000000000000000000001
011111111111111111111100000000000000000001
011111111111111111111110000000000000000001
011111111111111111111111000000000000000001
011111111111111111111111100000000000000001
011111111111111111111111110000000000000001
011111111111111111111111111000000000000001
011111111111111111111111111100000000000001
011111111111111111111111111110000000000001
011111111111111111111111111111000000000001
011111111111111111111111111111100000000001
011111111111111111111111111111110000000001
011111111111111111111111111111111000000001
011111111111111111111111111111111100000001
011111111111111111111111111111111110000001
011111111111111111111111111111111111000001
011111111111111111111111111111111111100001
011111111111111111111111111111111111110001
011001110111101010110001011101001111100000
000000000000000000000000000000000000000000
000000000000000000000000000000000000000000
Case #69: POSSIBLE
01111111111000
00000000000001
01000000000001
01100000000001
01110000000001
01111000000001
01111100000001
01111110000001
01111111000001
01111111100001
00111111110000
00000000000000
00000000000000
00000000000000
Case #70: POSSIBLE
0100000
0000001
0000000
0000000
0000000
0000000
0000000
Case #71: POSSIBLE
0111111111111111100
0000000000000000001
0100000000000000001
0110000000000000001
0111000000000000001
0111100000000000001
0111110000000000001
0111111000000000001
0111111100000000001
0111111110000000001
0111111111000000001
0111111111100000001
0111111111110000001
0111111111111000001
0111111111111100001
0111111111111110001
0010111110111001000
0000000000000000000
0000000000000000000
Case #72: POSSIBLE
011
001
000
Case #73: POSSIBLE
0111110
0000001
0100001
0110001
0111001
0101100
0000000
Case #74: POSSIBLE
0111110
0000001
0100001
0110001
0111001
0100000
0000000
Case #75: POSSIBLE
0111100
0000001
0100001
0110001
0011000
0000000
0000000
Case #76: IMPOSSIBLE
Case #77: POSSIBLE
0111110
0000001
0100001
0110001
0111001
0110000
0000000
Case #78: POSSIBLE
0111100
0000001
0100001
0110001
0111001
0000000
0000000
Case #79: POSSIBLE
0111111111111111111111111111111111111111111110
0000000000000000000000000000000000000000000001
0100000000000000000000000000000000000000000001
0110000000000000000000000000000000000000000001
0111000000000000000000000000000000000000000001
0111100000000000000000000000000000000000000001
0111110000000000000000000000000000000000000001
0111111000000000000000000000000000000000000001
0111111100000000000000000000000000000000000001
0111111110000000000000000000000000000000000001
0111111111000000000000000000000000000000000001
0111111111100000000000000000000000000000000001
0111111111110000000000000000000000000000000001
0111111111111000000000000000000000000000000001
0111111111111100000000000000000000000000000001
0111111111111110000000000000000000000000000001
0111111111111111000000000000000000000000000001
0111111111111111100000000000000000000000000001
0111111111111111110000000000000000000000000001
0111111111111111111000000000000000000000000001
0111111111111111111100000000000000000000000001
0111111111111111111110000000000000000000000001
0111111111111111111111000000000000000000000001
0111111111111111111111100000000000000000000001
0111111111111111111111110000000000000000000001
0111111111111111111111111000000000000000000001
0111111111111111111111111100000000000000000001
0111111111111111111111111110000000000000000001
0111111111111111111111111111000000000000000001
0111111111111111111111111111100000000000000001
0111111111111111111111111111110000000000000001
0111111111111111111111111111111000000000000001
0111111111111111111111111111111100000000000001
0111111111111111111111111111111110000000000001
0111111111111111111111111111111111000000000001
0111111111111111111111111111111111100000000001
0111111111111111111111111111111111110000000001
0111111111111111111111111111111111111000000001
0111111111111111111111111111111111111100000001
0111111111111111111111111111111111111110000001
0111111111111111111111111111111111111111000001
0111111111111111111111111111111111111111100001
0111111111111111111111111111111111111111110001
0111111111111111111111111111111111111111111001
0110111001110001010011100011000110010001111000
0000000000000000000000000000000000000000000000
Case #80: POSSIBLE
0111111111000
0000000000001
0100000000001
0110000000001
0111000000001
0111100000001
0111110000001
0111111000001
0111111100001
0110110100000
0000000000000
0000000000000
0000000000000
Case #81: IMPOSSIBLE
Case #82: IMPOSSIBLE
Case #83: POSSIBLE
0111110
0000001
0100001
0110001
0111001
0010100
0000000
Case #84: POSSIBLE
0111111111111111111111111111111111111111100
0000000000000000000000000000000000000000001
0100000000000000000000000000000000000000001
0110000000000000000000000000000000000000001
0111000000000000000000000000000000000000001
0111100000000000000000000000000000000000001
0111110000000000000000000000000000000000001
0111111000000000000000000000000000000000001
0111111100000000000000000000000000000000001
0111111110000000000000000000000000000000001
0111111111000000000000000000000000000000001
0111111111100000000000000000000000000000001
0111111111110000000000000000000000000000001
0111111111111000000000000000000000000000001
0111111111111100000000000000000000000000001
0111111111111110000000000000000000000000001
0111111111111111000000000000000000000000001
0111111111111111100000000000000000000000001
0111111111111111110000000000000000000000001
0111111111111111111000000000000000000000001
0111111111111111111100000000000000000000001
0111111111111111111110000000000000000000001
0111111111111111111111000000000000000000001
0111111111111111111111100000000000000000001
0111111111111111111111110000000000000000001
0111111111111111111111111000000000000000001
0111111111111111111111111100000000000000001
0111111111111111111111111110000000000000001
0111111111111111111111111111000000000000001
0111111111111111111111111111100000000000001
0111111111111111111111111111110000000000001
0111111111111111111111111111111000000000001
0111111111111111111111111111111100000000001
0111111111111111111111111111111110000000001
0111111111111111111111111111111111000000001
0111111111111111111111111111111111100000001
0111111111111111111111111111111111110000001
0111111111111111111111111111111111111000001
0111111111111111111111111111111111111100001
0111111111111111111111111111111111111110001
0011101000001010011000000110001000100111000
0000000000000000000000000000000000000000000
0000000000000000000000000000000000000000000
Case #85: POSSIBLE
011111111111111111111111111111110
000000000000000000000000000000001
010000000000000000000000000000001
011000000000000000000000000000001
011100000000000000000000000000001
011110000000000000000000000000001
011111000000000000000000000000001
011111100000000000000000000000001
011111110000000000000000000000001
011111111000000000000000000000001
011111111100000000000000000000001
011111111110000000000000000000001
011111111111000000000000000000001
011111111111100000000000000000001
011111111111110000000000000000001
011111111111111000000000000000001
011111111111111100000000000000001
011111111111111110000000000000001
011111111111111111000000000000001
011111111111111111100000000000001
011111111111111111110000000000001
011111111111111111111000000000001
011111111111111111111100000000001
011111111111111111111110000000001
011111111111111111111111000000001
011111111111111111111111100000001
011111111111111111111111110000001
011111111111111111111111111000001
011111111111111111111111111100001
011111111111111111111111111110001
011111111111111111111111111111001
000010100101010011011100100100100
000000000000000000000000000000000
Case #86: POSSIBLE
0111100
0000001
0100001
0110001
0111000
0000000
0000000
Case #87: POSSIBLE
0111111111111111111111100
0000000000000000000000001
0100000000000000000000001
0110000000000000000000001
0111000000000000000000001
0111100000000000000000001
0111110000000000000000001
0111111000000000000000001
0111111100000000000000001
0111111110000000000000001
0111111111000000000000001
0111111111100000000000001
0111111111110000000000001
0111111111111000000000001
0111111111111100000000001
0111111111111110000000001
0111111111111111000000001
0111111111111111100000001
0111111111111111110000001
0111111111111111111000001
0111111111111111111100001
0111111111111111111110001
0101000111000110010001000
0000000000000000000000000
0000000000000000000000000
Case #88: POSSIBLE
010
001
000
Case #89: IMPOSSIBLE
Case #90: POSSIBLE
0111100
0000001
0100001
0110001
0100000
0000000
0000000
Case #91: POSSIBLE
011111111111111111111111111111110
000000000000000000000000000000001
010000000000000000000000000000001
011000000000000000000000000000001
011100000000000000000000000000001
011110000000000000000000000000001
011111000000000000000000000000001
011111100000000000000000000000001
011111110000000000000000000000001
011111111000000000000000000000001
011111111100000000000000000000001
011111111110000000000000000000001
011111111111000000000000000000001
011111111111100000000000000000001
011111111111110000000000000000001
011111111111111000000000000000001
011111111111111100000000000000001
011111111111111110000000000000001
011111111111111111000000000000001
011111111111111111100000000000001
011111111111111111110000000000001
011111111111111111111000000000001
011111111111111111111100000000001
011111111111111111111110000000001
011111111111111111111111000000001
011111111111111111111111100000001
011111111111111111111111110000001
011111111111111111111111111000001
011111111111111111111111111100001
011111111111111111111111111110001
011111111111111111111111111111001
001010100011000111111110100000000
000000000000000000000000000000000
Case #92: POSSIBLE
0111100
0000001
0100001
0110001
0010000
0000000
0000000
Case #93: POSSIBLE
0110000
0000001
0100000
0000000
0000000
0000000
0000000
Case #94: IMPOSSIBLE
Case #95: POSSIBLE
011111111111111111111111111111111111111111111110
000000000000000000000000000000000000000000000001
010000000000000000000000000000000000000000000001
011000000000000000000000000000000000000000000001
011100000000000000000000000000000000000000000001
011110000000000000000000000000000000000000000001
011111000000000000000000000000000000000000000001
011111100000000000000000000000000000000000000001
011111110000000000000000000000000000000000000001
011111111000000000000000000000000000000000000001
011111111100000000000000000000000000000000000001
011111111110000000000000000000000000000000000001
011111111111000000000000000000000000000000000001
011111111111100000000000000000000000000000000001
011111111111110000000000000000000000000000000001
011111111111111000000000000000000000000000000001
011111111111111100000000000000000000000000000001
011111111111111110000000000000000000000000000001
011111111111111111000000000000000000000000000001
011111111111111111100000000000000000000000000001
011111111111111111110000000000000000000000000001
011111111111111111111000000000000000000000000001
011111111111111111111100000000000000000000000001
011111111111111111111110000000000000000000000001
011111111111111111111111000000000000000000000001
011111111111111111111111100000000000000000000001
011111111111111111111111110000000000000000000001
011111111111111111111111111000000000000000000001
011111111111111111111111111100000000000000000001
011111111111111111111111111110000000000000000001
011111111111111111111111111111000000000000000001
011111111111111111111111111111100000000000000001
011111111111111111111111111111110000000000000001
011111111111111111111111111111111000000000000001
011111111111111111111111111111111100000000000001
011111111111111111111111111111111110000000000001
011111111111111111111111111111111111000000000001
011111111111111111111111111111111111100000000001
011111111111111111111111111111111111110000000001
011111111111111111111111111111111111111000000001
011111111111111111111111111111111111111100000001
011111111111111111111111111111111111111110000001
011111111111111111111111111111111111111111000001
011111111111111111111111111111111111111111100001
011111111111111111111111111111111111111111110001
011111111111111111111111111111111111111111111001
000011111101100101111001100011011101010100001000
000000000000000000000000000000000000000000000000
Case #96: POSSIBLE
01111000
00000001
01000001
01100001
00010000
00000000
00000000
00000000
Case #97: IMPOSSIBLE
Case #98: POSSIBLE
0111111
0000001
0100001
0110001
0111001
0111101
0000000
Case #99: POSSIBLE
0111110
0000001
0100001
0110001
0111001
0101000
0000000
Case #100: POSSIBLE
01111000
00000001
01000001
01100001
01110001
00000000
00000000
00000000
