#
# A fatal error has been detected by the Java Runtime Environment:
#
#  SIGSEGV (0xb) at pc=0xb362f91d, pid=25493, tid=2773633856
#
# JRE version: Java(TM) SE Runtime Environment (7.0_60-b19) (build 1.7.0_60-b19)
# Java VM: Java HotSpot(TM) Server VM (24.60-b09 mixed mode linux-x86 )
# Problematic frame:
# v  ~BufferBlob::jni_fast_GetLongField
#
# Failed to write core dump. Core dumps have been disabled. To enable core dumping, try "ulimit -c unlimited" before starting Java again
#
# If you would like to submit a bug report, please visit:
#   http://bugreport.sun.com/bugreport/crash.jsp
# The crash happened outside the Java Virtual Machine in native code.
# See problematic frame for where to report the bug.
#

---------------  T H R E A D  ---------------

Current thread (0xa59cec00):  JavaThread "AWT-XAWT" daemon [_thread_in_native, id=25514, stack(0xa54d4000,0xa5525000)]

siginfo:si_signo=SIGSEGV: si_errno=0, si_code=1 (SEGV_MAPERR), si_addr=0x00000000

Registers:
EAX=0x00000000, EBX=0xa5759614, ECX=0x000008aa, EDX=0x00000000
ESP=0xa5523a88, EBP=0xa5523ac8, ESI=0x00000042, EDI=0xa59ced30
EIP=0xb362f91d, EFLAGS=0x00010246, CR2=0x00000000

Top of Stack: (sp=0xa5523a88)
0xa5523a88:   9fd714f0 a572c89d a59ced30 00000000
0xa5523a98:   00000042 b76f0100 9fdef02c a59ced30
0xa5523aa8:   a5523ac8 00000000 b70e7284 00010002
0xa5523ab8:   00000000 a570d000 9fd714f0 00000000
0xa5523ac8:   9fd70ee8 a5639e18 9fd70ee8 00000000
0xa5523ad8:   00000000 a570d000 a59a1300 a59a1628
0xa5523ae8:   a5639db9 a570d000 9fd71400 02a00002
0xa5523af8:   a6d70848 a56312e8 9fd70ee8 a59a1628 

Instructions: (pc=0xb362f91d)
0xb362f8fd:   00 00 00 56 8b 0d 68 89 10 b7 f6 c1 01 0f 85 30
0xb362f90d:   00 00 00 8b c1 83 e0 01 8b 54 04 0c 8b 74 24 10
0xb362f91d:   8b 12 c1 ee 02 8b 04 32 8b 54 32 04 be 68 89 10
0xb362f92d:   b7 33 f2 33 f0 33 f2 33 f0 3b 0e 0f 85 02 00 00 

Register to memory mapping:

EAX=0x00000000 is an unknown value
EBX=0xa5759614: <offset 0x49614> in /usr/lib/jvm/jdk1.7.0_60/jre/lib/i386/xawt/libmawt.so at 0xa5710000
ECX=0x000008aa is an unknown value
EDX=0x00000000 is an unknown value
ESP=0xa5523a88 is pointing into the stack for thread: 0xa59cec00
EBP=0xa5523ac8 is pointing into the stack for thread: 0xa59cec00
ESI=0x00000042 is an unknown value
EDI=0xa59ced30 is an unknown value


Stack: [0xa54d4000,0xa5525000],  sp=0xa5523a88,  free space=318k
Native frames: (J=compiled Java code, j=interpreted, Vv=VM code, C=native code)
v  ~BufferBlob::jni_fast_GetLongField

Java frames: (J=compiled Java code, j=interpreted, Vv=VM code)
j  sun.awt.X11.XlibWrapper.XFilterEvent(JJ)Z+0
J 813% C2 sun.awt.X11.XToolkit.run(Z)V (410 bytes) @ 0xb380b6d8 [0xb380ad00+0x9d8]
j  sun.awt.X11.XToolkit.run()V+5
j  java.lang.Thread.run()V+11
v  ~StubRoutines::call_stub

---------------  P R O C E S S  ---------------

Java Threads: ( => current thread )
  0xa62a4800 JavaThread "Image Animator 0" daemon [_thread_blocked, id=25618, stack(0xa2f5e000,0xa2faf000)]
  0x9ea0c800 JavaThread "ContestResponseHandler" [_thread_in_native, id=25614, stack(0xa2ebc000,0xa2f0d000)]
  0x9ea00800 JavaThread "DispatchThread" [_thread_blocked, id=25613, stack(0xa2e6b000,0xa2ebc000)]
  0x9ea00400 JavaThread "SendKeepAlive" daemon [_thread_blocked, id=25612, stack(0x9fee3000,0x9ff34000)]
  0xa62fd800 JavaThread "ReceiveMonitor" daemon [_thread_blocked, id=25611, stack(0xa3274000,0xa32c5000)]
  0xa4658c00 JavaThread "SponsorLogo LoadThread" daemon [_thread_blocked, id=25601, stack(0xa2f0d000,0xa2f5e000)]
  0x9f3bc400 JavaThread "Heartbeat" daemon [_thread_blocked, id=25596, stack(0xa2faf000,0xa3000000)]
  0x9f38f800 JavaThread "SponsorPanel LoadThread" daemon [_thread_blocked, id=25595, stack(0xa3130000,0xa3181000)]
  0x9f389000 JavaThread "SponsorLogo LoadThread" daemon [_thread_blocked, id=25594, stack(0xa3181000,0xa31d2000)]
  0x9f303000 JavaThread "AWT-EventQueue-2" [_thread_blocked, id=25593, stack(0xa2e1a000,0xa2e6b000)]
  0x9f302800 JavaThread "AWT-Shutdown" [_thread_blocked, id=25592, stack(0xa32c5000,0xa3316000)]
  0xa6fa1400 JavaThread "TimerQueue" daemon [_thread_blocked, id=25586, stack(0xa31d2000,0xa3223000)]
  0x9fd6e800 JavaThread "TimerQueue" daemon [_thread_blocked, id=25546, stack(0x9fe92000,0x9fee3000)]
  0xb6607c00 JavaThread "DestroyJavaVM" [_thread_blocked, id=25495, stack(0xb677c000,0xb67cd000)]
  0xa4657400 JavaThread "Javaws Secure Thread" daemon [_thread_blocked, id=25519, stack(0xa3223000,0xa3274000)]
=>0xa59cec00 JavaThread "AWT-XAWT" daemon [_thread_in_native, id=25514, stack(0xa54d4000,0xa5525000)]
  0xa59c0000 JavaThread "Java2D Disposer" daemon [_thread_blocked, id=25513, stack(0xa554a000,0xa559b000)]
  0xa5990400 JavaThread "CacheCleanUpThread" daemon [_thread_blocked, id=25512, stack(0xa580d000,0xa585e000)]
  0xa598bc00 JavaThread "CacheMemoryCleanUpThread" daemon [_thread_blocked, id=25511, stack(0xa585e000,0xa58af000)]
  0xa598ac00 JavaThread "MemoryCache-DelayedCleanup" daemon [_thread_blocked, id=25510, stack(0xa58af000,0xa5900000)]
  0xa63c1400 JavaThread "traceMsgQueueThread" daemon [_thread_blocked, id=25509, stack(0xa5ad4000,0xa5b25000)]
  0xa639a000 JavaThread "Service Thread" daemon [_thread_blocked, id=25506, stack(0xa5ba6000,0xa5bf7000)]
  0xa6398400 JavaThread "C2 CompilerThread1" daemon [_thread_blocked, id=25505, stack(0xa5bf7000,0xa5c78000)]
  0xa6396400 JavaThread "C2 CompilerThread0" daemon [_thread_blocked, id=25504, stack(0xa5c78000,0xa5cf9000)]
  0xa6394800 JavaThread "Signal Dispatcher" daemon [_thread_blocked, id=25503, stack(0xa5cf9000,0xa5d4a000)]
  0xa6385000 JavaThread "Finalizer" daemon [_thread_blocked, id=25502, stack(0xa60af000,0xa6100000)]
  0xa6383800 JavaThread "Reference Handler" daemon [_thread_blocked, id=25501, stack(0xa6e2e000,0xa6e7f000)]

Other Threads:
  0xa6380c00 VMThread [stack: 0xa6400000,0xa6481000] [id=25500]
  0xa63a4000 WatcherThread [stack: 0xa5b25000,0xa5ba6000] [id=25507]

VM state:not at safepoint (normal execution)

VM Mutex/Monitor currently owned by a thread: None

Heap
 PSYoungGen      total 12288K, used 3575K [0xb0a40000, 0xb16c0000, 0xb3500000)
  eden space 11776K, 28% used [0xb0a40000,0xb0d94258,0xb15c0000)
  from space 512K, 32% used [0xb1640000,0xb1669be0,0xb16c0000)
  to   space 512K, 0% used [0xb15c0000,0xb15c0000,0xb1640000)
 ParOldGen       total 41984K, used 31538K [0xab500000, 0xade00000, 0xb0a40000)
  object space 41984K, 75% used [0xab500000,0xad3cc8c8,0xade00000)
 PSPermGen       total 18432K, used 18215K [0xa7500000, 0xa8700000, 0xab500000)
  object space 18432K, 98% used [0xa7500000,0xa86c9c00,0xa8700000)

Card table byte_map: [0xa749f000,0xa7500000] byte_map_base: 0xa6f64800

Polling page: 0xb770f000

Code Cache  [0xb35e8000, 0xb3970000, 0xb65e8000)
 total_blobs=1463 nmethods=1198 adapters=216 free_code_cache=45580Kb largest_free_block=46630720

Compilation events (10 events):
Event: 3087.690 Thread 0xa6396400 1278             java.text.FieldPosition::setEndIndex (6 bytes)
Event: 3087.690 Thread 0xa6398400 1277             java.text.FieldPosition::setBeginIndex (6 bytes)
Event: 3087.690 Thread 0xa6398400 nmethod 1277 0xb3968808 code [0xb39688e0, 0xb3968930]
Event: 3087.690 Thread 0xa6396400 nmethod 1278 0xb3968688 code [0xb3968760, 0xb39687b0]
Event: 3105.377 Thread 0xa6398400 1279  s          java.awt.KeyboardFocusManager::getCurrentKeyboardFocusManager (34 bytes)
Event: 3105.379 Thread 0xa6398400 nmethod 1279 0xb3969748 code [0xb3969880, 0xb3969afc]
Event: 3105.895 Thread 0xa6396400 1280             java.awt.KeyboardFocusManager::getCurrentKeyboardFocusManager (7 bytes)
Event: 3105.899 Thread 0xa6396400 nmethod 1280 0xb3968e08 code [0xb3968fa0, 0xb39693b8]
Event: 3112.902 Thread 0xa6398400 1281             sun.awt.X11.Native::toBytes (41 bytes)
Event: 3112.906 Thread 0xa6398400 nmethod 1281 0xb396f508 code [0xb396f600, 0xb396f830]

GC Heap History (10 events):
Event: 3018.393 GC heap before
{Heap before GC invocations=92 (full 0):
 PSYoungGen      total 12288K, used 11994K [0xb0a40000, 0xb16c0000, 0xb3500000)
  eden space 11776K, 99% used [0xb0a40000,0xb15b8c70,0xb15c0000)
  from space 512K, 48% used [0xb15c0000,0xb15fdbe0,0xb1640000)
  to   space 512K, 0% used [0xb1640000,0xb1640000,0xb16c0000)
 ParOldGen       total 41984K, used 31478K [0xab500000, 0xade00000, 0xb0a40000)
  object space 41984K, 74% used [0xab500000,0xad3bd8c8,0xade00000)
 PSPermGen       total 18176K, used 18126K [0xa7500000, 0xa86c0000, 0xab500000)
  object space 18176K, 99% used [0xa7500000,0xa86b3ae0,0xa86c0000)
Event: 3018.397 GC heap after
Heap after GC invocations=92 (full 0):
 PSYoungGen      total 12288K, used 160K [0xb0a40000, 0xb16c0000, 0xb3500000)
  eden space 11776K, 0% used [0xb0a40000,0xb0a40000,0xb15c0000)
  from space 512K, 31% used [0xb1640000,0xb1668000,0xb16c0000)
  to   space 512K, 0% used [0xb15c0000,0xb15c0000,0xb1640000)
 ParOldGen       total 41984K, used 31486K [0xab500000, 0xade00000, 0xb0a40000)
  object space 41984K, 74% used [0xab500000,0xad3bf8c8,0xade00000)
 PSPermGen       total 18176K, used 18126K [0xa7500000, 0xa86c0000, 0xab500000)
  object space 18176K, 99% used [0xa7500000,0xa86b3ae0,0xa86c0000)
}
Event: 3045.469 GC heap before
{Heap before GC invocations=93 (full 0):
 PSYoungGen      total 12288K, used 11936K [0xb0a40000, 0xb16c0000, 0xb3500000)
  eden space 11776K, 100% used [0xb0a40000,0xb15c0000,0xb15c0000)
  from space 512K, 31% used [0xb1640000,0xb1668000,0xb16c0000)
  to   space 512K, 0% used [0xb15c0000,0xb15c0000,0xb1640000)
 ParOldGen       total 41984K, used 31486K [0xab500000, 0xade00000, 0xb0a40000)
  object space 41984K, 74% used [0xab500000,0xad3bf8c8,0xade00000)
 PSPermGen       total 18176K, used 18128K [0xa7500000, 0xa86c0000, 0xab500000)
  object space 18176K, 99% used [0xa7500000,0xa86b4268,0xa86c0000)
Event: 3045.472 GC heap after
Heap after GC invocations=93 (full 0):
 PSYoungGen      total 12288K, used 166K [0xb0a40000, 0xb16c0000, 0xb3500000)
  eden space 11776K, 0% used [0xb0a40000,0xb0a40000,0xb15c0000)
  from space 512K, 32% used [0xb15c0000,0xb15e9be0,0xb1640000)
  to   space 512K, 0% used [0xb1640000,0xb1640000,0xb16c0000)
 ParOldGen       total 41984K, used 31494K [0xab500000, 0xade00000, 0xb0a40000)
  object space 41984K, 75% used [0xab500000,0xad3c18c8,0xade00000)
 PSPermGen       total 18176K, used 18128K [0xa7500000, 0xa86c0000, 0xab500000)
  object space 18176K, 99% used [0xa7500000,0xa86b4268,0xa86c0000)
}
Event: 3071.190 GC heap before
{Heap before GC invocations=94 (full 0):
 PSYoungGen      total 12288K, used 11942K [0xb0a40000, 0xb16c0000, 0xb3500000)
  eden space 11776K, 100% used [0xb0a40000,0xb15c0000,0xb15c0000)
  from space 512K, 32% used [0xb15c0000,0xb15e9be0,0xb1640000)
  to   space 512K, 0% used [0xb1640000,0xb1640000,0xb16c0000)
 ParOldGen       total 41984K, used 31494K [0xab500000, 0xade00000, 0xb0a40000)
  object space 41984K, 75% used [0xab500000,0xad3c18c8,0xade00000)
 PSPermGen       total 18176K, used 18129K [0xa7500000, 0xa86c0000, 0xab500000)
  object space 18176K, 99% used [0xa7500000,0xa86b4648,0xa86c0000)
Event: 3071.192 GC heap after
Heap after GC invocations=94 (full 0):
 PSYoungGen      total 12288K, used 230K [0xb0a40000, 0xb16c0000, 0xb3500000)
  eden space 11776K, 0% used [0xb0a40000,0xb0a40000,0xb15c0000)
  from space 512K, 45% used [0xb1640000,0xb1679be0,0xb16c0000)
  to   space 512K, 0% used [0xb15c0000,0xb15c0000,0xb1640000)
 ParOldGen       total 41984K, used 31506K [0xab500000, 0xade00000, 0xb0a40000)
  object space 41984K, 75% used [0xab500000,0xad3c48c8,0xade00000)
 PSPermGen       total 18176K, used 18129K [0xa7500000, 0xa86c0000, 0xab500000)
  object space 18176K, 99% used [0xa7500000,0xa86b4648,0xa86c0000)
}
Event: 3093.488 GC heap before
{Heap before GC invocations=95 (full 0):
 PSYoungGen      total 12288K, used 12002K [0xb0a40000, 0xb16c0000, 0xb3500000)
  eden space 11776K, 99% used [0xb0a40000,0xb15beed0,0xb15c0000)
  from space 512K, 45% used [0xb1640000,0xb1679be0,0xb16c0000)
  to   space 512K, 0% used [0xb15c0000,0xb15c0000,0xb1640000)
 ParOldGen       total 41984K, used 31506K [0xab500000, 0xade00000, 0xb0a40000)
  object space 41984K, 75% used [0xab500000,0xad3c48c8,0xade00000)
 PSPermGen       total 18176K, used 18129K [0xa7500000, 0xa86c0000, 0xab500000)
  object space 18176K, 99% used [0xa7500000,0xa86b4738,0xa86c0000)
Event: 3093.489 GC heap after
Heap after GC invocations=95 (full 0):
 PSYoungGen      total 12288K, used 230K [0xb0a40000, 0xb16c0000, 0xb3500000)
  eden space 11776K, 0% used [0xb0a40000,0xb0a40000,0xb15c0000)
  from space 512K, 45% used [0xb15c0000,0xb15f9be0,0xb1640000)
  to   space 512K, 0% used [0xb1640000,0xb1640000,0xb16c0000)
 ParOldGen       total 41984K, used 31522K [0xab500000, 0xade00000, 0xb0a40000)
  object space 41984K, 75% used [0xab500000,0xad3c88c8,0xade00000)
 PSPermGen       total 18176K, used 18129K [0xa7500000, 0xa86c0000, 0xab500000)
  object space 18176K, 99% used [0xa7500000,0xa86b4738,0xa86c0000)
}
Event: 3106.681 GC heap before
{Heap before GC invocations=96 (full 0):
 PSYoungGen      total 12288K, used 12006K [0xb0a40000, 0xb16c0000, 0xb3500000)
  eden space 11776K, 100% used [0xb0a40000,0xb15c0000,0xb15c0000)
  from space 512K, 45% used [0xb15c0000,0xb15f9be0,0xb1640000)
  to   space 512K, 0% used [0xb1640000,0xb1640000,0xb16c0000)
 ParOldGen       total 41984K, used 31522K [0xab500000, 0xade00000, 0xb0a40000)
  object space 41984K, 75% used [0xab500000,0xad3c88c8,0xade00000)
 PSPermGen       total 18176K, used 18129K [0xa7500000, 0xa86c0000, 0xab500000)
  object space 18176K, 99% used [0xa7500000,0xa86b47f0,0xa86c0000)
Event: 3106.682 GC heap after
Heap after GC invocations=96 (full 0):
 PSYoungGen      total 12288K, used 166K [0xb0a40000, 0xb16c0000, 0xb3500000)
  eden space 11776K, 0% used [0xb0a40000,0xb0a40000,0xb15c0000)
  from space 512K, 32% used [0xb1640000,0xb1669be0,0xb16c0000)
  to   space 512K, 0% used [0xb15c0000,0xb15c0000,0xb1640000)
 ParOldGen       total 41984K, used 31538K [0xab500000, 0xade00000, 0xb0a40000)
  object space 41984K, 75% used [0xab500000,0xad3cc8c8,0xade00000)
 PSPermGen       total 18176K, used 18129K [0xa7500000, 0xa86c0000, 0xab500000)
  object space 18176K, 99% used [0xa7500000,0xa86b47f0,0xa86c0000)
}

Deoptimization events (10 events):
Event: 1284.742 Thread 0x9f303000 Uncommon trap: reason=class_check action=maybe_recompile pc=0xb3865af0 method=javax.swing.text.GlyphView.getBreakSpot(II)I @ 105
Event: 1284.742 Thread 0x9f303000 Uncommon trap: reason=class_check action=maybe_recompile pc=0xb3865af0 method=javax.swing.text.GlyphView.getBreakSpot(II)I @ 105
Event: 1285.320 Thread 0x9f303000 Uncommon trap: reason=class_check action=maybe_recompile pc=0xb3865af0 method=javax.swing.text.GlyphView.getBreakSpot(II)I @ 105
Event: 1307.183 Thread 0x9f303000 Uncommon trap: reason=unreached action=reinterpret pc=0xb3835ae0 method=java.util.concurrent.locks.AbstractQueuedSynchronizer.isOnSyncQueue(Ljava/util/concurrent/locks/AbstractQueuedSynchronizer$Node;)Z @ 13
Event: 2225.238 Thread 0x9f303000 Uncommon trap: reason=null_assert action=make_not_entrant pc=0xb38a2f74 method=javax.swing.text.DefaultHighlighter.paintLayeredHighlights(Ljava/awt/Graphics;IILjava/awt/Shape;Ljavax/swing/text/JTextComponent;Ljavax/swing/text/View;)V @ 25
Event: 2225.239 Thread 0x9f303000 Uncommon trap: reason=null_assert action=make_not_entrant pc=0xb386e5f0 method=javax.swing.text.DefaultHighlighter.paintLayeredHighlights(Ljava/awt/Graphics;IILjava/awt/Shape;Ljavax/swing/text/JTextComponent;Ljavax/swing/text/View;)V @ 25
Event: 2225.239 Thread 0x9f303000 Uncommon trap: reason=unreached action=reinterpret pc=0xb36d3694 method=java.util.TreeMap.getEntry(Ljava/lang/Object;)Ljava/util/TreeMap$Entry; @ 4
Event: 3112.684 Thread 0xa59cec00 Uncommon trap: reason=null_check action=maybe_recompile pc=0xb37a0d34 method=sun.awt.SunToolkit.getSystemEventQueueImplPP(Lsun/awt/AppContext;)Ljava/awt/EventQueue; @ 4
Event: 3112.697 Thread 0xa59cec00 Uncommon trap: reason=unreached action=reinterpret pc=0xb38672e8 method=sun.util.calendar.BaseCalendar.getFixedDate(IIILsun/util/calendar/BaseCalendar$Date;)J @ 19
Event: 3112.902 Thread 0xa59cec00 Uncommon trap: reason=null_check action=maybe_recompile pc=0xb37a0d34 method=sun.awt.SunToolkit.getSystemEventQueueImplPP(Lsun/awt/AppContext;)Ljava/awt/EventQueue; @ 4

Internal exceptions (10 events):
Event: 2225.471 Thread 0x9ea00800 Threw 0xb1158c48 at /HUDSON/workspace/7u-2-build-linux-i586/jdk7u60/1081/hotspot/src/share/vm/prims/jvm.cpp:1244
Event: 2225.471 Thread 0x9ea00800 Threw 0xb1159060 at /HUDSON/workspace/7u-2-build-linux-i586/jdk7u60/1081/hotspot/src/share/vm/prims/jvm.cpp:1244
Event: 2225.471 Thread 0x9ea00800 Threw 0xb115acb8 at /HUDSON/workspace/7u-2-build-linux-i586/jdk7u60/1081/hotspot/src/share/vm/prims/jvm.cpp:1244
Event: 3112.686 Thread 0xa59cec00 Threw 0xb0c2c590 at /HUDSON/workspace/7u-2-build-linux-i586/jdk7u60/1081/hotspot/src/share/vm/prims/jvm.cpp:1244
Event: 3112.686 Thread 0xa59cec00 Threw 0xb0c2c9f0 at /HUDSON/workspace/7u-2-build-linux-i586/jdk7u60/1081/hotspot/src/share/vm/prims/jvm.cpp:1244
Event: 3112.686 Thread 0xa59cec00 Threw 0xb0c2e060 at /HUDSON/workspace/7u-2-build-linux-i586/jdk7u60/1081/hotspot/src/share/vm/prims/jvm.cpp:1244
Event: 3112.686 Thread 0xa59cec00 Threw 0xb0c2e4f0 at /HUDSON/workspace/7u-2-build-linux-i586/jdk7u60/1081/hotspot/src/share/vm/prims/jvm.cpp:1244
Event: 3112.686 Thread 0xa59cec00 Threw 0xb0c2f810 at /HUDSON/workspace/7u-2-build-linux-i586/jdk7u60/1081/hotspot/src/share/vm/prims/jvm.cpp:1244
Event: 3112.687 Thread 0xa59cec00 Threw 0xb0c2fcf8 at /HUDSON/workspace/7u-2-build-linux-i586/jdk7u60/1081/hotspot/src/share/vm/prims/jvm.cpp:1244
Event: 3112.697 Thread 0xa59cec00 Implicit null exception at 0xb3866e36 to 0xb38672c9

Events (10 events):
Event: 3112.697 Thread 0xa59cec00 DEOPT UNPACKING pc=0xb3614bc8 sp=0xa552359c mode 2
Event: 3112.697 loading class 0xa2549ee8
Event: 3112.697 loading class 0xa2549ee8 done
Event: 3112.902 Thread 0xa59cec00 Uncommon trap: trap_request=0xfffffff6 fr.pc=0xb37a0d34
Event: 3112.902 Thread 0xa59cec00 DEOPT PACKING pc=0xb37a0d34 sp=0xa5523a20
Event: 3112.902 Thread 0xa59cec00 DEOPT UNPACKING pc=0xb3614bc8 sp=0xa55239b8 mode 2
Event: 3113.667 loading class 0xa5952c68
Event: 3113.668 loading class 0xa5952c68 done
Event: 3113.668 loading class 0xa5952c40
Event: 3113.668 loading class 0xa5952c40 done


Dynamic libraries:
08048000-08049000 r-xp 00000000 08:07 2235662    /usr/lib/jvm/jdk1.7.0_60/jre/bin/java
08049000-0804a000 rw-p 00000000 08:07 2235662    /usr/lib/jvm/jdk1.7.0_60/jre/bin/java
08835000-08856000 rw-p 00000000 00:00 0          [heap]
9e200000-9e2f1000 rw-p 00000000 00:00 0 
9e2f1000-9e300000 ---p 00000000 00:00 0 
9e400000-9e4fd000 rw-p 00000000 00:00 0 
9e4fd000-9e500000 ---p 00000000 00:00 0 
9e55f000-9ea00000 rw-s 00000000 00:04 48726040   /SYSV00000000 (deleted)
9ea00000-9ea42000 rw-p 00000000 00:00 0 
9ea42000-9eb00000 ---p 00000000 00:00 0 
9eb00000-9ebf2000 rw-p 00000000 00:00 0 
9ebf2000-9ec00000 ---p 00000000 00:00 0 
9ec00000-9ecfb000 rw-p 00000000 00:00 0 
9ecfb000-9ed00000 ---p 00000000 00:00 0 
9ed00000-9ede7000 rw-p 00000000 00:00 0 
9ede7000-9ee00000 ---p 00000000 00:00 0 
9ee00000-9ef00000 rw-p 00000000 00:00 0 
9ef00000-9effa000 rw-p 00000000 00:00 0 
9effa000-9f000000 ---p 00000000 00:00 0 
9f000000-9f100000 rw-p 00000000 00:00 0 
9f100000-9f1fa000 rw-p 00000000 00:00 0 
9f1fa000-9f200000 ---p 00000000 00:00 0 
9f200000-9f2b8000 rw-p 00000000 00:00 0 
9f2b8000-9f300000 ---p 00000000 00:00 0 
9f300000-9f3cc000 rw-p 00000000 00:00 0 
9f3cc000-9f400000 ---p 00000000 00:00 0 
9f500000-9f5fe000 rw-p 00000000 00:00 0 
9f5fe000-9f600000 ---p 00000000 00:00 0 
9f700000-9f7ef000 rw-p 00000000 00:00 0 
9f7ef000-9f800000 ---p 00000000 00:00 0 
9f800000-9f8f8000 rw-p 00000000 00:00 0 
9f8f8000-9f900000 ---p 00000000 00:00 0 
9f900000-9fa00000 rw-p 00000000 00:00 0 
9fb00000-9fbf3000 rw-p 00000000 00:00 0 
9fbf3000-9fc00000 ---p 00000000 00:00 0 
9fc20000-9fc80000 rw-s 00000000 00:04 46596125   /SYSV00000000 (deleted)
9fc80000-9fd00000 rw-s 00000000 00:04 46563356   /SYSV00000000 (deleted)
9fd00000-9fdff000 rw-p 00000000 00:00 0 
9fdff000-9fe00000 ---p 00000000 00:00 0 
9fe1c000-9fe41000 r--s 00198000 08:08 1059634    /home/lquartz/.java/deployment/cache/6.0/29/6fe0b29d-48111eba
9fe41000-9fe44000 ---p 00000000 00:00 0 
9fe44000-9fe92000 rw-p 00000000 00:00 0 
9fe92000-9fe95000 ---p 00000000 00:00 0 
9fe95000-9fee3000 rw-p 00000000 00:00 0          [stack:25546]
9fee3000-9fee6000 ---p 00000000 00:00 0 
9fee6000-9ff34000 rw-p 00000000 00:00 0          [stack:25612]
9ff34000-9ff94000 r-xp 00000000 08:07 1850746    /usr/lib/jvm/jdk1.7.0_60/jre/lib/i386/libt2k.so
9ff94000-9ff98000 rw-p 00060000 08:07 1850746    /usr/lib/jvm/jdk1.7.0_60/jre/lib/i386/libt2k.so
9ff98000-9ff9c000 rw-p 00000000 00:00 0 
9ff9c000-9ff9d000 ---p 00000000 00:00 0 
9ff9d000-a079d000 rw-p 00000000 00:00 0 
a079d000-a079e000 ---p 00000000 00:00 0 
a079e000-a0f9e000 rw-p 00000000 00:00 0          [stack:25539]
a0f9e000-a0fa9000 r-xp 00000000 08:07 1450468    /usr/lib/i386-linux-gnu/libfcitx-gclient.so.0.1
a0fa9000-a0faa000 r--p 0000a000 08:07 1450468    /usr/lib/i386-linux-gnu/libfcitx-gclient.so.0.1
a0faa000-a0fab000 rw-p 0000b000 08:07 1450468    /usr/lib/i386-linux-gnu/libfcitx-gclient.so.0.1
a0fab000-a0fbd000 r-xp 00000000 08:07 1450462    /usr/lib/i386-linux-gnu/libfcitx-utils.so.0.1
a0fbd000-a0fbe000 r--p 00011000 08:07 1450462    /usr/lib/i386-linux-gnu/libfcitx-utils.so.0.1
a0fbe000-a0fbf000 rw-p 00012000 08:07 1450462    /usr/lib/i386-linux-gnu/libfcitx-utils.so.0.1
a0fd0000-a0fd9000 r--s 00251000 08:07 1718419    /usr/lib/jvm/jdk1.7.0_60/jre/lib/resources.jar
a0fd9000-a0fdf000 r-xp 00000000 08:07 1455821    /usr/lib/i386-linux-gnu/gtk-2.0/2.10.0/immodules/im-fcitx.so
a0fdf000-a0fe0000 ---p 00006000 08:07 1455821    /usr/lib/i386-linux-gnu/gtk-2.0/2.10.0/immodules/im-fcitx.so
a0fe0000-a0fe1000 r--p 00006000 08:07 1455821    /usr/lib/i386-linux-gnu/gtk-2.0/2.10.0/immodules/im-fcitx.so
a0fe1000-a0fe2000 rw-p 00007000 08:07 1455821    /usr/lib/i386-linux-gnu/gtk-2.0/2.10.0/immodules/im-fcitx.so
a0fe2000-a23f7000 r--p 00000000 08:07 2104181    /usr/share/fonts/truetype/arphic/uming.ttc
a23f7000-a2415000 r--p 00000000 08:07 2101480    /usr/share/fonts/truetype/droid/DroidSansMono.ttf
a2500000-a25ff000 rw-p 00000000 00:00 0 
a25ff000-a2600000 ---p 00000000 00:00 0 
a267a000-a269f000 r-xp 00000000 08:07 1850752    /usr/lib/jvm/jdk1.7.0_60/jre/lib/i386/libdcpr.so
a269f000-a26a2000 rw-p 00024000 08:07 1850752    /usr/lib/jvm/jdk1.7.0_60/jre/lib/i386/libdcpr.so
a26aa000-a26dd000 r-xp 00000000 08:07 1850760    /usr/lib/jvm/jdk1.7.0_60/jre/lib/i386/libjpeg.so
a26dd000-a26de000 rw-p 00033000 08:07 1850760    /usr/lib/jvm/jdk1.7.0_60/jre/lib/i386/libjpeg.so
a26de000-a2711000 r-xp 00000000 08:07 1850781    /usr/lib/jvm/jdk1.7.0_60/jre/lib/i386/libsunec.so
a2711000-a2715000 rw-p 00032000 08:07 1850781    /usr/lib/jvm/jdk1.7.0_60/jre/lib/i386/libsunec.so
a2715000-a2719000 rw-p 00000000 00:00 0 
a2719000-a271c000 r-xp 00000000 08:07 656381     /lib/i386-linux-gnu/libgpg-error.so.0.10.0
a271c000-a271d000 r--p 00002000 08:07 656381     /lib/i386-linux-gnu/libgpg-error.so.0.10.0
a271d000-a271e000 rw-p 00003000 08:07 656381     /lib/i386-linux-gnu/libgpg-error.so.0.10.0
a271e000-a2755000 r-xp 00000000 08:07 1447843    /usr/lib/i386-linux-gnu/libp11-kit.so.0.0.0
a2755000-a2756000 ---p 00037000 08:07 1447843    /usr/lib/i386-linux-gnu/libp11-kit.so.0.0.0
a2756000-a2759000 r--p 00037000 08:07 1447843    /usr/lib/i386-linux-gnu/libp11-kit.so.0.0.0
a2759000-a275a000 rw-p 0003a000 08:07 1447843    /usr/lib/i386-linux-gnu/libp11-kit.so.0.0.0
a275a000-a27dc000 r-xp 00000000 08:07 656377     /lib/i386-linux-gnu/libgcrypt.so.11.8.2
a27dc000-a27dd000 r--p 00081000 08:07 656377     /lib/i386-linux-gnu/libgcrypt.so.11.8.2
a27dd000-a27df000 rw-p 00082000 08:07 656377     /lib/i386-linux-gnu/libgcrypt.so.11.8.2
a27df000-a27e0000 rw-p 00000000 00:00 0 
a27e0000-a28a1000 r-xp 00000000 08:07 1447520    /usr/lib/i386-linux-gnu/libgnutls.so.26.22.6
a28a1000-a28a5000 r--p 000c0000 08:07 1447520    /usr/lib/i386-linux-gnu/libgnutls.so.26.22.6
a28a5000-a28a6000 rw-p 000c4000 08:07 1447520    /usr/lib/i386-linux-gnu/libgnutls.so.26.22.6
a28a6000-a29f9000 r-xp 00000000 08:07 1445178    /usr/lib/i386-linux-gnu/libxml2.so.2.9.1
a29f9000-a29fa000 ---p 00153000 08:07 1445178    /usr/lib/i386-linux-gnu/libxml2.so.2.9.1
a29fa000-a29fe000 r--p 00153000 08:07 1445178    /usr/lib/i386-linux-gnu/libxml2.so.2.9.1
a29fe000-a29ff000 rw-p 00157000 08:07 1445178    /usr/lib/i386-linux-gnu/libxml2.so.2.9.1
a29ff000-a2a00000 rw-p 00000000 00:00 0 
a2a00000-a2af4000 rw-p 00000000 00:00 0 
a2af4000-a2b00000 ---p 00000000 00:00 0 
a2b07000-a2b19000 r-xp 00000000 08:07 1448026    /usr/lib/i386-linux-gnu/libtasn1.so.6.2.0
a2b19000-a2b1a000 r--p 00011000 08:07 1448026    /usr/lib/i386-linux-gnu/libtasn1.so.6.2.0
a2b1a000-a2b1b000 rw-p 00012000 08:07 1448026    /usr/lib/i386-linux-gnu/libtasn1.so.6.2.0
a2b1b000-a2b3f000 r-xp 00000000 08:07 656395     /lib/i386-linux-gnu/liblzma.so.5.0.0
a2b3f000-a2b40000 r--p 00023000 08:07 656395     /lib/i386-linux-gnu/liblzma.so.5.0.0
a2b40000-a2b41000 rw-p 00024000 08:07 656395     /lib/i386-linux-gnu/liblzma.so.5.0.0
a2b41000-a2b43000 r-xp 00000000 08:07 656503     /lib/i386-linux-gnu/libutil-2.19.so
a2b43000-a2b44000 r--p 00001000 08:07 656503     /lib/i386-linux-gnu/libutil-2.19.so
a2b44000-a2b45000 rw-p 00002000 08:07 656503     /lib/i386-linux-gnu/libutil-2.19.so
a2b45000-a2b55000 r-xp 00000000 08:07 1447220    /usr/lib/i386-linux-gnu/libavahi-client.so.3.2.9
a2b55000-a2b56000 r--p 0000f000 08:07 1447220    /usr/lib/i386-linux-gnu/libavahi-client.so.3.2.9
a2b56000-a2b57000 rw-p 00010000 08:07 1447220    /usr/lib/i386-linux-gnu/libavahi-client.so.3.2.9
a2b57000-a2b63000 r-xp 00000000 08:07 1447222    /usr/lib/i386-linux-gnu/libavahi-common.so.3.5.3
a2b63000-a2b64000 r--p 0000b000 08:07 1447222    /usr/lib/i386-linux-gnu/libavahi-common.so.3.5.3
a2b64000-a2b65000 rw-p 0000c000 08:07 1447222    /usr/lib/i386-linux-gnu/libavahi-common.so.3.5.3
a2b65000-a2b68000 r-xp 00000000 08:07 1447226    /usr/lib/i386-linux-gnu/libavahi-glib.so.1.0.2
a2b68000-a2b69000 r--p 00002000 08:07 1447226    /usr/lib/i386-linux-gnu/libavahi-glib.so.1.0.2
a2b69000-a2b6a000 rw-p 00003000 08:07 1447226    /usr/lib/i386-linux-gnu/libavahi-glib.so.1.0.2
a2b6a000-a2b96000 r-xp 00000000 08:07 1447457    /usr/lib/i386-linux-gnu/libgconf-2.so.4.1.5
a2b96000-a2b97000 ---p 0002c000 08:07 1447457    /usr/lib/i386-linux-gnu/libgconf-2.so.4.1.5
a2b97000-a2b98000 r--p 0002c000 08:07 1447457    /usr/lib/i386-linux-gnu/libgconf-2.so.4.1.5
a2b98000-a2b99000 rw-p 0002d000 08:07 1447457    /usr/lib/i386-linux-gnu/libgconf-2.so.4.1.5
a2b99000-a2bfc000 r-xp 00000000 08:07 1457692    /usr/lib/i386-linux-gnu/libgnomevfs-2.so.0.2400.4
a2bfc000-a2bfe000 r--p 00062000 08:07 1457692    /usr/lib/i386-linux-gnu/libgnomevfs-2.so.0.2400.4
a2bfe000-a2c00000 rw-p 00064000 08:07 1457692    /usr/lib/i386-linux-gnu/libgnomevfs-2.so.0.2400.4
a2c00000-a2cfb000 rw-p 00000000 00:00 0 
a2cfb000-a2d00000 ---p 00000000 00:00 0 
a2d02000-a2d07000 r--p 00000000 08:07 2103407    /usr/share/locale-langpack/zh_CN/LC_MESSAGES/gdk-pixbuf.mo
a2d0a000-a2d2e000 r-xp 00000000 08:07 1447322    /usr/lib/i386-linux-gnu/libdbus-glib-1.so.2.2.2
a2d2e000-a2d2f000 r--p 00023000 08:07 1447322    /usr/lib/i386-linux-gnu/libdbus-glib-1.so.2.2.2
a2d2f000-a2d30000 rw-p 00024000 08:07 1447322    /usr/lib/i386-linux-gnu/libdbus-glib-1.so.2.2.2
a2d30000-a2d34000 rw-s 00000000 00:04 463011847  /SYSV00000000 (deleted)
a2d3b000-a2d42000 r-xp 00000000 08:07 1850784    /usr/lib/jvm/jdk1.7.0_60/jre/lib/i386/libmanagement.so
a2d42000-a2d43000 rw-p 00006000 08:07 1850784    /usr/lib/jvm/jdk1.7.0_60/jre/lib/i386/libmanagement.so
a2d43000-a2d47000 r--s 0002d000 08:07 1718347    /usr/lib/jvm/jdk1.7.0_60/jre/lib/ext/sunjce_provider.jar
a2d47000-a2d48000 r--s 00003000 08:07 1718345    /usr/lib/jvm/jdk1.7.0_60/jre/lib/ext/sunec.jar
a2d48000-a2d4a000 r--s 00019000 08:07 1718417    /usr/lib/jvm/jdk1.7.0_60/jre/lib/jce.jar
a2d4a000-a2d4c000 r--s 0000a000 08:08 1059657    /home/lquartz/.java/deployment/cache/6.0/32/2abe2920-4864d71c
a2d4c000-a2d4d000 r--s 00003000 08:08 1059655    /home/lquartz/.java/deployment/cache/6.0/26/2b2e289a-5b1163f2
a2d4d000-a2d4e000 r--s 00004000 08:08 922850     /home/lquartz/.java/deployment/cache/6.0/15/3eac494f-1b486257
a2d4e000-a2d56000 r--s 0003b000 08:08 1059653    /home/lquartz/.java/deployment/cache/6.0/46/48c0e3ae-49c8bec7
a2d56000-a2d58000 r--s 00007000 08:08 1059651    /home/lquartz/.java/deployment/cache/6.0/43/5bfd002b-364aeeb6
a2d58000-a2d5b000 r--s 00013000 08:08 1059649    /home/lquartz/.java/deployment/cache/6.0/34/566129e2-7c7691fd
a2d5b000-a2d5d000 r--s 00001000 08:08 1059647    /home/lquartz/.java/deployment/cache/6.0/29/6fd1055d-629349cf
a2d5d000-a2d5f000 r--s 00001000 08:08 922846     /home/lquartz/.java/deployment/cache/6.0/14/65be180e-2d80b7fc
a2d5f000-a2d61000 r--s 00003000 08:08 922844     /home/lquartz/.java/deployment/cache/6.0/9/5ca45789-1bb42dcf
a2d61000-a2d63000 r--s 00002000 08:08 1059638    /home/lquartz/.java/deployment/cache/6.0/51/72c58773-246caf67
a2d63000-a2d6b000 r--s 00000000 08:07 1850246    /var/cache/fontconfig/945677eb7aeaf62f1d50efc3fb3ec7d8-le32d4.cache-4
a2d6b000-a2d6f000 r--s 00000000 08:07 1850244    /var/cache/fontconfig/2cd17615ca594fa2959ae173292e504c-le32d4.cache-4
a2d6f000-a2d74000 r--s 00000000 08:07 1850241    /var/cache/fontconfig/a755afe4a08bf5b97852ceb7400b47bc-le32d4.cache-4
a2d74000-a2d7d000 r--s 00000000 08:07 1850237    /var/cache/fontconfig/6d41288fd70b0be22e8c3a91e032eec0-le32d4.cache-4
a2d7d000-a2d8c000 r--s 00000000 08:07 1850008    /var/cache/fontconfig/04aabc0a78ac019cf9454389977116d2-le32d4.cache-4
a2d8c000-a2d90000 r--s 00000000 08:07 1848487    /var/cache/fontconfig/8801497958630a81b71ace7c5f9b32a8-le32d4.cache-4
a2d90000-a2d95000 r--s 00000000 08:07 1848360    /var/cache/fontconfig/3047814df9a2f067bd2d96a2b9c36e5a-le32d4.cache-4
a2d95000-a2d99000 r--s 00000000 08:07 1840207    /var/cache/fontconfig/b47c4e1ecd0709278f4910c18777a504-le32d4.cache-4
a2d99000-a2da9000 r--s 00000000 08:07 1840205    /var/cache/fontconfig/d52a8644073d54c13679302ca1180695-le32d4.cache-4
a2da9000-a2db2000 r--s 00000000 08:07 1838087    /var/cache/fontconfig/d589a48862398ed80a3d6066f4f56f4c-le32d4.cache-4
a2db2000-a2e13000 r-xp 00000000 08:07 1850761    /usr/lib/jvm/jdk1.7.0_60/jre/lib/i386/libfontmanager.so
a2e13000-a2e16000 rw-p 00060000 08:07 1850761    /usr/lib/jvm/jdk1.7.0_60/jre/lib/i386/libfontmanager.so
a2e16000-a2e1a000 rw-p 00000000 00:00 0 
a2e1a000-a2e1d000 ---p 00000000 00:00 0 
a2e1d000-a2e6b000 rw-p 00000000 00:00 0          [stack:25593]
a2e6b000-a2e6e000 ---p 00000000 00:00 0 
a2e6e000-a2ebc000 rw-p 00000000 00:00 0          [stack:25613]
a2ebc000-a2ebf000 ---p 00000000 00:00 0 
a2ebf000-a2f0d000 rw-p 00000000 00:00 0          [stack:25614]
a2f0d000-a2f10000 ---p 00000000 00:00 0 
a2f10000-a2f5e000 rw-p 00000000 00:00 0          [stack:25601]
a2f5e000-a2f61000 ---p 00000000 00:00 0 
a2f61000-a2faf000 rw-p 00000000 00:00 0          [stack:25618]
a2faf000-a2fb2000 ---p 00000000 00:00 0 
a2fb2000-a3000000 rw-p 00000000 00:00 0          [stack:25596]
a3000000-a3100000 rw-p 00000000 00:00 0 
a3100000-a3107000 r--s 00000000 08:07 1838123    /var/cache/fontconfig/3f7329c5293ffd510edef78f73874cfd-le32d4.cache-4
a3107000-a3110000 r--s 00000000 08:07 1838085    /var/cache/fontconfig/089dead882dea3570ffc31a9898cfb69-le32d4.cache-4
a3110000-a311a000 r--s 00000000 08:07 1838070    /var/cache/fontconfig/e13b20fdb08344e0e664864cc2ede53d-le32d4.cache-4
a311a000-a3130000 r--s 00000000 08:07 1850248    /var/cache/fontconfig/467c019e582ee353435ea5c21d137ef6-le32d4.cache-4
a3130000-a3133000 ---p 00000000 00:00 0 
a3133000-a3181000 rw-p 00000000 00:00 0          [stack:25595]
a3181000-a3184000 ---p 00000000 00:00 0 
a3184000-a31d2000 rw-p 00000000 00:00 0          [stack:25594]
a31d2000-a31d5000 ---p 00000000 00:00 0 
a31d5000-a3223000 rw-p 00000000 00:00 0          [stack:25586]
a3223000-a3226000 ---p 00000000 00:00 0 
a3226000-a3274000 rw-p 00000000 00:00 0          [stack:25519]
a3274000-a3277000 ---p 00000000 00:00 0 
a3277000-a32c5000 rw-p 00000000 00:00 0          [stack:25611]
a32c5000-a32c8000 ---p 00000000 00:00 0 
a32c8000-a3316000 rw-p 00000000 00:00 0          [stack:25592]
a3316000-a3317000 ---p 00000000 00:00 0 
a3317000-a3b17000 rw-p 00000000 00:00 0          [stack:25516]
a3b17000-a3b18000 ---p 00000000 00:00 0 
a3b18000-a4318000 rw-p 00000000 00:00 0          [stack:25515]
a4318000-a4361000 r-xp 00000000 08:07 656362     /lib/i386-linux-gnu/libdbus-1.so.3.7.6
a4361000-a4362000 r--p 00048000 08:07 656362     /lib/i386-linux-gnu/libdbus-1.so.3.7.6
a4362000-a4363000 rw-p 00049000 08:07 656362     /lib/i386-linux-gnu/libdbus-1.so.3.7.6
a4363000-a437a000 r-xp 00000000 08:07 656412     /lib/i386-linux-gnu/libnih.so.1.0.0
a437a000-a437b000 r--p 00016000 08:07 656412     /lib/i386-linux-gnu/libnih.so.1.0.0
a437b000-a437c000 rw-p 00017000 08:07 656412     /lib/i386-linux-gnu/libnih.so.1.0.0
a437c000-a4398000 r-xp 00000000 08:07 659806     /lib/i386-linux-gnu/libcgmanager.so.0.0.0
a4398000-a4399000 r--p 0001b000 08:07 659806     /lib/i386-linux-gnu/libcgmanager.so.0.0.0
a4399000-a439a000 rw-p 0001c000 08:07 659806     /lib/i386-linux-gnu/libcgmanager.so.0.0.0
a439a000-a43ab000 r-xp 00000000 08:07 655390     /lib/i386-linux-gnu/libudev.so.1.3.5
a43ab000-a43ac000 r--p 00010000 08:07 655390     /lib/i386-linux-gnu/libudev.so.1.3.5
a43ac000-a43ad000 rw-p 00011000 08:07 655390     /lib/i386-linux-gnu/libudev.so.1.3.5
a43ad000-a43b4000 r--s 00000000 08:07 1838082    /var/cache/fontconfig/d0972c3d32f097851eb916381fc38920-le32d4.cache-4
a43b4000-a43b8000 r--s 0008a000 08:07 1718336    /usr/lib/jvm/jdk1.7.0_60/jre/lib/jsse.jar
a43b8000-a43bd000 r-xp 00000000 08:07 656421     /lib/i386-linux-gnu/libnss_dns-2.19.so
a43bd000-a43be000 r--p 00004000 08:07 656421     /lib/i386-linux-gnu/libnss_dns-2.19.so
a43be000-a43bf000 rw-p 00005000 08:07 656421     /lib/i386-linux-gnu/libnss_dns-2.19.so
a43bf000-a43c1000 r-xp 00000000 08:07 656429     /lib/i386-linux-gnu/libnss_mdns4_minimal.so.2
a43c1000-a43c2000 r--p 00001000 08:07 656429     /lib/i386-linux-gnu/libnss_mdns4_minimal.so.2
a43c2000-a43c3000 rw-p 00002000 08:07 656429     /lib/i386-linux-gnu/libnss_mdns4_minimal.so.2
a43c3000-a43c7000 r--s 000f7000 08:07 1718343    /usr/lib/jvm/jdk1.7.0_60/jre/lib/ext/localedata.jar
a43c7000-a43f9000 r-xp 00000000 08:07 1449350    /usr/lib/i386-linux-gnu/gvfs/libgvfscommon.so
a43f9000-a43fb000 r--p 00032000 08:07 1449350    /usr/lib/i386-linux-gnu/gvfs/libgvfscommon.so
a43fb000-a43fc000 rw-p 00034000 08:07 1449350    /usr/lib/i386-linux-gnu/gvfs/libgvfscommon.so
a43fc000-a442c000 r-xp 00000000 08:07 1449050    /usr/lib/i386-linux-gnu/gio/modules/libgvfsdbus.so
a442c000-a442d000 r--p 0002f000 08:07 1449050    /usr/lib/i386-linux-gnu/gio/modules/libgvfsdbus.so
a442d000-a442e000 rw-p 00030000 08:07 1449050    /usr/lib/i386-linux-gnu/gio/modules/libgvfsdbus.so
a442e000-a4447000 r-xp 00000000 08:07 1449049    /usr/lib/i386-linux-gnu/gio/modules/libgioremote-volume-monitor.so
a4447000-a4448000 ---p 00019000 08:07 1449049    /usr/lib/i386-linux-gnu/gio/modules/libgioremote-volume-monitor.so
a4448000-a4449000 r--p 00019000 08:07 1449049    /usr/lib/i386-linux-gnu/gio/modules/libgioremote-volume-monitor.so
a4449000-a444a000 rw-p 0001a000 08:07 1449049    /usr/lib/i386-linux-gnu/gio/modules/libgioremote-volume-monitor.so
a444a000-a4466000 r-xp 00000000 08:07 656375     /lib/i386-linux-gnu/libgcc_s.so.1
a4466000-a4467000 rw-p 0001b000 08:07 656375     /lib/i386-linux-gnu/libgcc_s.so.1
a4467000-a4543000 r-xp 00000000 08:07 1448020    /usr/lib/i386-linux-gnu/libstdc++.so.6.0.19
a4543000-a4544000 ---p 000dc000 08:07 1448020    /usr/lib/i386-linux-gnu/libstdc++.so.6.0.19
a4544000-a4548000 r--p 000dc000 08:07 1448020    /usr/lib/i386-linux-gnu/libstdc++.so.6.0.19
a4548000-a4549000 rw-p 000e0000 08:07 1448020    /usr/lib/i386-linux-gnu/libstdc++.so.6.0.19
a4549000-a4550000 rw-p 00000000 00:00 0 
a4550000-a456e000 r-xp 00000000 08:07 1447895    /usr/lib/i386-linux-gnu/libproxy.so.1.0.0
a456e000-a456f000 ---p 0001e000 08:07 1447895    /usr/lib/i386-linux-gnu/libproxy.so.1.0.0
a456f000-a4570000 r--p 0001e000 08:07 1447895    /usr/lib/i386-linux-gnu/libproxy.so.1.0.0
a4570000-a4571000 rw-p 0001f000 08:07 1447895    /usr/lib/i386-linux-gnu/libproxy.so.1.0.0
a4571000-a4572000 r--s 00001000 08:08 1059645    /home/lquartz/.java/deployment/cache/6.0/62/119db13e-2caa7f20
a4572000-a4573000 r--s 00000000 08:07 1850247    /var/cache/fontconfig/c05880de57d1f5e948fdfacc138775d9-le32d4.cache-4
a4573000-a4574000 r--s 00000000 08:07 1850243    /var/cache/fontconfig/e7071f4a29fa870f4323321c154eba04-le32d4.cache-4
a4574000-a457c000 r-xp 00000000 08:07 656410     /lib/i386-linux-gnu/libnih-dbus.so.1.0.0
a457c000-a457d000 r--p 00007000 08:07 656410     /lib/i386-linux-gnu/libnih-dbus.so.1.0.0
a457d000-a457e000 rw-p 00008000 08:07 656410     /lib/i386-linux-gnu/libnih-dbus.so.1.0.0
a457e000-a4589000 r-xp 00000000 08:07 1449045    /usr/lib/i386-linux-gnu/gio/modules/libdconfsettings.so
a4589000-a458a000 r--p 0000a000 08:07 1449045    /usr/lib/i386-linux-gnu/gio/modules/libdconfsettings.so
a458a000-a458b000 rw-p 0000b000 08:07 1449045    /usr/lib/i386-linux-gnu/gio/modules/libdconfsettings.so
a458b000-a45cb000 r--p 00000000 08:07 2229240    /usr/share/glib-2.0/schemas/gschemas.compiled
a45cb000-a45d2000 r-xp 00000000 08:07 1447835    /usr/lib/i386-linux-gnu/libogg.so.0.8.1
a45d2000-a45d3000 r--p 00006000 08:07 1447835    /usr/lib/i386-linux-gnu/libogg.so.0.8.1
a45d3000-a45d4000 rw-p 00007000 08:07 1447835    /usr/lib/i386-linux-gnu/libogg.so.0.8.1
a45d4000-a45fd000 r-xp 00000000 08:07 1448109    /usr/lib/i386-linux-gnu/libvorbis.so.0.4.5
a45fd000-a45fe000 ---p 00029000 08:07 1448109    /usr/lib/i386-linux-gnu/libvorbis.so.0.4.5
a45fe000-a45ff000 r--p 00029000 08:07 1448109    /usr/lib/i386-linux-gnu/libvorbis.so.0.4.5
a45ff000-a4600000 rw-p 0002a000 08:07 1448109    /usr/lib/i386-linux-gnu/libvorbis.so.0.4.5
a4600000-a4667000 rw-p 00000000 00:00 0 
a4667000-a4700000 ---p 00000000 00:00 0 
a4700000-a4703000 r--s 00000000 08:07 1848607    /var/cache/fontconfig/385c0604a188198f04d133e54aba7fe7-le32d4.cache-4
a4703000-a470c000 r-xp 00000000 08:07 1447741    /usr/lib/i386-linux-gnu/libltdl.so.7.3.0
a470c000-a470d000 r--p 00008000 08:07 1447741    /usr/lib/i386-linux-gnu/libltdl.so.7.3.0
a470d000-a470e000 rw-p 00009000 08:07 1447741    /usr/lib/i386-linux-gnu/libltdl.so.7.3.0
a470e000-a4720000 r-xp 00000000 08:07 1448030    /usr/lib/i386-linux-gnu/libtdb.so.1.2.12
a4720000-a4721000 r--p 00011000 08:07 1448030    /usr/lib/i386-linux-gnu/libtdb.so.1.2.12
a4721000-a4722000 rw-p 00012000 08:07 1448030    /usr/lib/i386-linux-gnu/libtdb.so.1.2.12
a4722000-a472a000 r-xp 00000000 08:07 1448113    /usr/lib/i386-linux-gnu/libvorbisfile.so.3.3.4
a472a000-a472b000 r--p 00007000 08:07 1448113    /usr/lib/i386-linux-gnu/libvorbisfile.so.3.3.4
a472b000-a472c000 rw-p 00008000 08:07 1448113    /usr/lib/i386-linux-gnu/libvorbisfile.so.3.3.4
a472c000-a4730000 r--p 00000000 08:08 2891792    /home/lquartz/.config/dconf/user (deleted)
a4730000-a4746000 r--p 00000000 08:07 2103420    /usr/share/locale-langpack/zh_CN/LC_MESSAGES/glib20.mo
a4746000-a477b000 r-xp 00000000 08:07 1449282    /usr/lib/i386-linux-gnu/gtk-2.0/2.10.0/engines/libmurrine.so
a477b000-a477c000 r--p 00034000 08:07 1449282    /usr/lib/i386-linux-gnu/gtk-2.0/2.10.0/engines/libmurrine.so
a477c000-a477d000 rw-p 00035000 08:07 1449282    /usr/lib/i386-linux-gnu/gtk-2.0/2.10.0/engines/libmurrine.so
a477d000-a478d000 r-xp 00000000 08:07 1448077    /usr/lib/i386-linux-gnu/libunity-gtk2-parser.so.0.0.0
a478d000-a478e000 r--p 0000f000 08:07 1448077    /usr/lib/i386-linux-gnu/libunity-gtk2-parser.so.0.0.0
a478e000-a478f000 rw-p 00010000 08:07 1448077    /usr/lib/i386-linux-gnu/libunity-gtk2-parser.so.0.0.0
a478f000-a4790000 r--s 00000000 08:07 1850242    /var/cache/fontconfig/0d8c3b2ac0904cb8a57a757ad11a4a08-le32d4.cache-4
a4790000-a4791000 r--s 00000000 08:07 1848978    /var/cache/fontconfig/1ac9eb803944fde146138c791f5cc56a-le32d4.cache-4
a4791000-a47a0000 r-xp 00000000 08:07 1447255    /usr/lib/i386-linux-gnu/libcanberra.so.0.2.5
a47a0000-a47a1000 r--p 0000e000 08:07 1447255    /usr/lib/i386-linux-gnu/libcanberra.so.0.2.5
a47a1000-a47a2000 rw-p 0000f000 08:07 1447255    /usr/lib/i386-linux-gnu/libcanberra.so.0.2.5
a47a2000-a47a6000 r-xp 00000000 08:07 1449300    /usr/lib/i386-linux-gnu/gtk-2.0/modules/libcanberra-gtk-module.so
a47a6000-a47a7000 ---p 00004000 08:07 1449300    /usr/lib/i386-linux-gnu/gtk-2.0/modules/libcanberra-gtk-module.so
a47a7000-a47a8000 r--p 00004000 08:07 1449300    /usr/lib/i386-linux-gnu/gtk-2.0/modules/libcanberra-gtk-module.so
a47a8000-a47a9000 rw-p 00005000 08:07 1449300    /usr/lib/i386-linux-gnu/gtk-2.0/modules/libcanberra-gtk-module.so
a47a9000-a47ba000 r-xp 00000000 08:07 1449303    /usr/lib/i386-linux-gnu/gtk-2.0/modules/liboverlay-scrollbar.so
a47ba000-a47bb000 r--p 00010000 08:07 1449303    /usr/lib/i386-linux-gnu/gtk-2.0/modules/liboverlay-scrollbar.so
a47bb000-a47bc000 rw-p 00011000 08:07 1449303    /usr/lib/i386-linux-gnu/gtk-2.0/modules/liboverlay-scrollbar.so
a47bc000-a47e1000 r--p 00000000 08:07 2120085    /usr/share/locale-langpack/zh_CN/LC_MESSAGES/gtk20-properties.mo
a47e1000-a47e8000 r-xp 00000000 08:07 1447319    /usr/lib/i386-linux-gnu/libdatrie.so.1.3.1
a47e8000-a47e9000 r--p 00006000 08:07 1447319    /usr/lib/i386-linux-gnu/libdatrie.so.1.3.1
a47e9000-a47ea000 rw-p 00007000 08:07 1447319    /usr/lib/i386-linux-gnu/libdatrie.so.1.3.1
a47ea000-a4804000 r-xp 00000000 08:07 1447545    /usr/lib/i386-linux-gnu/libgraphite2.so.3.0.1
a4804000-a4805000 r--p 00019000 08:07 1447545    /usr/lib/i386-linux-gnu/libgraphite2.so.3.0.1
a4805000-a4806000 rw-p 0001a000 08:07 1447545    /usr/lib/i386-linux-gnu/libgraphite2.so.3.0.1
a4806000-a4842000 r-xp 00000000 08:07 656451     /lib/i386-linux-gnu/libpcre.so.3.13.1
a4842000-a4843000 r--p 0003b000 08:07 656451     /lib/i386-linux-gnu/libpcre.so.3.13.1
a4843000-a4844000 rw-p 0003c000 08:07 656451     /lib/i386-linux-gnu/libpcre.so.3.13.1
a4844000-a4849000 r-xp 00000000 08:07 1447394    /usr/lib/i386-linux-gnu/libffi.so.6.0.1
a4849000-a484a000 r--p 00005000 08:07 1447394    /usr/lib/i386-linux-gnu/libffi.so.6.0.1
a484a000-a484b000 rw-p 00006000 08:07 1447394    /usr/lib/i386-linux-gnu/libffi.so.6.0.1
a484b000-a4870000 r-xp 00000000 08:07 656370     /lib/i386-linux-gnu/libexpat.so.1.6.0
a4870000-a4871000 ---p 00025000 08:07 656370     /lib/i386-linux-gnu/libexpat.so.1.6.0
a4871000-a4873000 r--p 00025000 08:07 656370     /lib/i386-linux-gnu/libexpat.so.1.6.0
a4873000-a4874000 rw-p 00027000 08:07 656370     /lib/i386-linux-gnu/libexpat.so.1.6.0
a4874000-a487c000 r-xp 00000000 08:07 1448042    /usr/lib/i386-linux-gnu/libthai.so.0.2.0
a487c000-a487d000 r--p 00007000 08:07 1448042    /usr/lib/i386-linux-gnu/libthai.so.0.2.0
a487d000-a487e000 rw-p 00008000 08:07 1448042    /usr/lib/i386-linux-gnu/libthai.so.0.2.0
a487e000-a48d2000 r-xp 00000000 08:07 1447658    /usr/lib/i386-linux-gnu/libharfbuzz.so.0.927.0
a48d2000-a48d3000 r--p 00054000 08:07 1447658    /usr/lib/i386-linux-gnu/libharfbuzz.so.0.927.0
a48d3000-a48d4000 rw-p 00055000 08:07 1447658    /usr/lib/i386-linux-gnu/libharfbuzz.so.0.927.0
a48d4000-a48e7000 r-xp 00000000 08:07 656474     /lib/i386-linux-gnu/libresolv-2.19.so
a48e7000-a48e8000 ---p 00013000 08:07 656474     /lib/i386-linux-gnu/libresolv-2.19.so
a48e8000-a48e9000 r--p 00013000 08:07 656474     /lib/i386-linux-gnu/libresolv-2.19.so
a48e9000-a48ea000 rw-p 00014000 08:07 656474     /lib/i386-linux-gnu/libresolv-2.19.so
a48ea000-a48ec000 rw-p 00000000 00:00 0 
a48ec000-a490c000 r-xp 00000000 08:07 655365     /lib/i386-linux-gnu/libselinux.so.1
a490c000-a490d000 r--p 0001f000 08:07 655365     /lib/i386-linux-gnu/libselinux.so.1
a490d000-a490e000 rw-p 00020000 08:07 655365     /lib/i386-linux-gnu/libselinux.so.1
a490e000-a490f000 rw-p 00000000 00:00 0 
a490f000-a4927000 r-xp 00000000 08:07 656511     /lib/i386-linux-gnu/libz.so.1.2.8
a4927000-a4928000 r--p 00017000 08:07 656511     /lib/i386-linux-gnu/libz.so.1.2.8
a4928000-a4929000 rw-p 00018000 08:07 656511     /lib/i386-linux-gnu/libz.so.1.2.8
a4929000-a4931000 r-xp 00000000 08:07 1448166    /usr/lib/i386-linux-gnu/libxcb-render.so.0.0.0
a4931000-a4932000 r--p 00008000 08:07 1448166    /usr/lib/i386-linux-gnu/libxcb-render.so.0.0.0
a4932000-a4933000 rw-p 00009000 08:07 1448166    /usr/lib/i386-linux-gnu/libxcb-render.so.0.0.0
a4933000-a4935000 r-xp 00000000 08:07 1448170    /usr/lib/i386-linux-gnu/libxcb-shm.so.0.0.0
a4935000-a4936000 r--p 00001000 08:07 1448170    /usr/lib/i386-linux-gnu/libxcb-shm.so.0.0.0
a4936000-a4937000 rw-p 00002000 08:07 1448170    /usr/lib/i386-linux-gnu/libxcb-shm.so.0.0.0
a4937000-a495d000 r-xp 00000000 08:07 656463     /lib/i386-linux-gnu/libpng12.so.0.50.0
a495d000-a495e000 r--p 00025000 08:07 656463     /lib/i386-linux-gnu/libpng12.so.0.50.0
a495e000-a495f000 rw-p 00026000 08:07 656463     /lib/i386-linux-gnu/libpng12.so.0.50.0
a495f000-a4a03000 r-xp 00000000 08:07 1447874    /usr/lib/i386-linux-gnu/libpixman-1.so.0.30.2
a4a03000-a4a08000 r--p 000a4000 08:07 1447874    /usr/lib/i386-linux-gnu/libpixman-1.so.0.30.2
a4a08000-a4a09000 rw-p 000a9000 08:07 1447874    /usr/lib/i386-linux-gnu/libpixman-1.so.0.30.2
a4a09000-a4aa3000 r-xp 00000000 08:07 1442024    /usr/lib/i386-linux-gnu/libfreetype.so.6.11.1
a4aa3000-a4aa4000 ---p 0009a000 08:07 1442024    /usr/lib/i386-linux-gnu/libfreetype.so.6.11.1
a4aa4000-a4aa8000 r--p 0009a000 08:07 1442024    /usr/lib/i386-linux-gnu/libfreetype.so.6.11.1
a4aa8000-a4aa9000 rw-p 0009e000 08:07 1442024    /usr/lib/i386-linux-gnu/libfreetype.so.6.11.1
a4aa9000-a4aab000 r-xp 00000000 08:07 1447125    /usr/lib/i386-linux-gnu/libXdamage.so.1.1.0
a4aab000-a4aac000 r--p 00001000 08:07 1447125    /usr/lib/i386-linux-gnu/libXdamage.so.1.1.0
a4aac000-a4aad000 rw-p 00002000 08:07 1447125    /usr/lib/i386-linux-gnu/libXdamage.so.1.1.0
a4aad000-a4aaf000 r-xp 00000000 08:07 1447121    /usr/lib/i386-linux-gnu/libXcomposite.so.1.0.0
a4aaf000-a4ab0000 r--p 00001000 08:07 1447121    /usr/lib/i386-linux-gnu/libXcomposite.so.1.0.0
a4ab0000-a4ab1000 rw-p 00002000 08:07 1447121    /usr/lib/i386-linux-gnu/libXcomposite.so.1.0.0
a4ab1000-a4aba000 r-xp 00000000 08:07 1447149    /usr/lib/i386-linux-gnu/libXrandr.so.2.2.0
a4aba000-a4abb000 r--p 00008000 08:07 1447149    /usr/lib/i386-linux-gnu/libXrandr.so.2.2.0
a4abb000-a4abc000 rw-p 00009000 08:07 1447149    /usr/lib/i386-linux-gnu/libXrandr.so.2.2.0
a4abc000-a4abe000 r-xp 00000000 08:07 1447139    /usr/lib/i386-linux-gnu/libXinerama.so.1.0.0
a4abe000-a4abf000 r--p 00001000 08:07 1447139    /usr/lib/i386-linux-gnu/libXinerama.so.1.0.0
a4abf000-a4ac0000 rw-p 00002000 08:07 1447139    /usr/lib/i386-linux-gnu/libXinerama.so.1.0.0
a4ac0000-a4bca000 r-xp 00000000 08:07 656379     /lib/i386-linux-gnu/libglib-2.0.so.0.4000.0
a4bca000-a4bcb000 r--p 00109000 08:07 656379     /lib/i386-linux-gnu/libglib-2.0.so.0.4000.0
a4bcb000-a4bcc000 rw-p 0010a000 08:07 656379     /lib/i386-linux-gnu/libglib-2.0.so.0.4000.0
a4bcc000-a4c1c000 r-xp 00000000 08:07 1447527    /usr/lib/i386-linux-gnu/libgobject-2.0.so.0.4000.0
a4c1c000-a4c1d000 r--p 0004f000 08:07 1447527    /usr/lib/i386-linux-gnu/libgobject-2.0.so.0.4000.0
a4c1d000-a4c1e000 rw-p 00050000 08:07 1447527    /usr/lib/i386-linux-gnu/libgobject-2.0.so.0.4000.0
a4c1e000-a4c57000 r-xp 00000000 08:07 1442023    /usr/lib/i386-linux-gnu/libfontconfig.so.1.8.0
a4c57000-a4c58000 r--p 00039000 08:07 1442023    /usr/lib/i386-linux-gnu/libfontconfig.so.1.8.0
a4c58000-a4c59000 rw-p 0003a000 08:07 1442023    /usr/lib/i386-linux-gnu/libfontconfig.so.1.8.0
a4c59000-a4ca3000 r-xp 00000000 08:07 1447851    /usr/lib/i386-linux-gnu/libpango-1.0.so.0.3600.3
a4ca3000-a4ca4000 ---p 0004a000 08:07 1447851    /usr/lib/i386-linux-gnu/libpango-1.0.so.0.3600.3
a4ca4000-a4ca5000 r--p 0004a000 08:07 1447851    /usr/lib/i386-linux-gnu/libpango-1.0.so.0.3600.3
a4ca5000-a4ca6000 rw-p 0004b000 08:07 1447851    /usr/lib/i386-linux-gnu/libpango-1.0.so.0.3600.3
a4ca6000-a4cba000 r-xp 00000000 08:07 1447855    /usr/lib/i386-linux-gnu/libpangoft2-1.0.so.0.3600.3
a4cba000-a4cbb000 r--p 00013000 08:07 1447855    /usr/lib/i386-linux-gnu/libpangoft2-1.0.so.0.3600.3
a4cbb000-a4cbc000 rw-p 00014000 08:07 1447855    /usr/lib/i386-linux-gnu/libpangoft2-1.0.so.0.3600.3
a4cbc000-a4e39000 r-xp 00000000 08:07 1447497    /usr/lib/i386-linux-gnu/libgio-2.0.so.0.4000.0
a4e39000-a4e3b000 r--p 0017c000 08:07 1447497    /usr/lib/i386-linux-gnu/libgio-2.0.so.0.4000.0
a4e3b000-a4e3c000 rw-p 0017e000 08:07 1447497    /usr/lib/i386-linux-gnu/libgio-2.0.so.0.4000.0
a4e3c000-a4e3d000 rw-p 00000000 00:00 0 
a4e3d000-a4e5e000 r-xp 00000000 08:07 1447473    /usr/lib/i386-linux-gnu/libgdk_pixbuf-2.0.so.0.3000.7
a4e5e000-a4e5f000 r--p 00020000 08:07 1447473    /usr/lib/i386-linux-gnu/libgdk_pixbuf-2.0.so.0.3000.7
a4e5f000-a4e60000 rw-p 00021000 08:07 1447473    /usr/lib/i386-linux-gnu/libgdk_pixbuf-2.0.so.0.3000.7
a4e60000-a4f7f000 r-xp 00000000 08:07 1447247    /usr/lib/i386-linux-gnu/libcairo.so.2.11301.0
a4f7f000-a4f81000 r--p 0011e000 08:07 1447247    /usr/lib/i386-linux-gnu/libcairo.so.2.11301.0
a4f81000-a4f82000 rw-p 00120000 08:07 1447247    /usr/lib/i386-linux-gnu/libcairo.so.2.11301.0
a4f82000-a4f83000 rw-p 00000000 00:00 0 
a4f83000-a4fa1000 r-xp 00000000 08:07 1447208    /usr/lib/i386-linux-gnu/libatk-1.0.so.0.21009.1
a4fa1000-a4fa3000 r--p 0001d000 08:07 1447208    /usr/lib/i386-linux-gnu/libatk-1.0.so.0.21009.1
a4fa3000-a4fa4000 rw-p 0001f000 08:07 1447208    /usr/lib/i386-linux-gnu/libatk-1.0.so.0.21009.1
a4fa4000-a4faf000 r-xp 00000000 08:07 1447853    /usr/lib/i386-linux-gnu/libpangocairo-1.0.so.0.3600.3
a4faf000-a4fb0000 r--p 0000a000 08:07 1447853    /usr/lib/i386-linux-gnu/libpangocairo-1.0.so.0.3600.3
a4fb0000-a4fb1000 rw-p 0000b000 08:07 1447853    /usr/lib/i386-linux-gnu/libpangocairo-1.0.so.0.3600.3
a4fb1000-a4fb4000 r-xp 00000000 08:07 1447511    /usr/lib/i386-linux-gnu/libgmodule-2.0.so.0.4000.0
a4fb4000-a4fb5000 r--p 00002000 08:07 1447511    /usr/lib/i386-linux-gnu/libgmodule-2.0.so.0.4000.0
a4fb5000-a4fb6000 rw-p 00003000 08:07 1447511    /usr/lib/i386-linux-gnu/libgmodule-2.0.so.0.4000.0
a4fb6000-a5061000 r-xp 00000000 08:07 1447444    /usr/lib/i386-linux-gnu/libgdk-x11-2.0.so.0.2400.23
a5061000-a5062000 ---p 000ab000 08:07 1447444    /usr/lib/i386-linux-gnu/libgdk-x11-2.0.so.0.2400.23
a5062000-a5064000 r--p 000ab000 08:07 1447444    /usr/lib/i386-linux-gnu/libgdk-x11-2.0.so.0.2400.23
a5064000-a5065000 rw-p 000ad000 08:07 1447444    /usr/lib/i386-linux-gnu/libgdk-x11-2.0.so.0.2400.23
a5065000-a54cc000 r-xp 00000000 08:07 1455560    /usr/lib/i386-linux-gnu/libgtk-x11-2.0.so.0.2400.23
a54cc000-a54d0000 r--p 00466000 08:07 1455560    /usr/lib/i386-linux-gnu/libgtk-x11-2.0.so.0.2400.23
a54d0000-a54d2000 rw-p 0046a000 08:07 1455560    /usr/lib/i386-linux-gnu/libgtk-x11-2.0.so.0.2400.23
a54d2000-a54d4000 rw-p 00000000 00:00 0 
a54d4000-a54d7000 ---p 00000000 00:00 0 
a54d7000-a5525000 rw-p 00000000 00:00 0          [stack:25514]
a5525000-a552e000 r-xp 00000000 08:07 1447123    /usr/lib/i386-linux-gnu/libXcursor.so.1.0.2
a552e000-a552f000 r--p 00008000 08:07 1447123    /usr/lib/i386-linux-gnu/libXcursor.so.1.0.2
a552f000-a5530000 rw-p 00009000 08:07 1447123    /usr/lib/i386-linux-gnu/libXcursor.so.1.0.2
a5530000-a5534000 r-xp 00000000 08:07 1447251    /usr/lib/i386-linux-gnu/libcanberra-gtk.so.0.1.9
a5534000-a5535000 r--p 00003000 08:07 1447251    /usr/lib/i386-linux-gnu/libcanberra-gtk.so.0.1.9
a5535000-a5536000 rw-p 00004000 08:07 1447251    /usr/lib/i386-linux-gnu/libcanberra-gtk.so.0.1.9
a5536000-a553a000 r-xp 00000000 08:07 1449304    /usr/lib/i386-linux-gnu/gtk-2.0/modules/libunity-gtk-module.so
a553a000-a553b000 r--p 00003000 08:07 1449304    /usr/lib/i386-linux-gnu/gtk-2.0/modules/libunity-gtk-module.so
a553b000-a553c000 rw-p 00004000 08:07 1449304    /usr/lib/i386-linux-gnu/gtk-2.0/modules/libunity-gtk-module.so
a553c000-a554a000 r--p 00000000 08:07 2120151    /usr/share/locale-langpack/zh_CN/LC_MESSAGES/gtk20.mo
a554a000-a554d000 ---p 00000000 00:00 0 
a554d000-a559b000 rw-p 00000000 00:00 0          [stack:25513]
a559b000-a55a2000 r--s 00000000 08:07 1448952    /usr/lib/i386-linux-gnu/gconv/gconv-modules.cache
a55a2000-a55a7000 r-xp 00000000 08:07 1447127    /usr/lib/i386-linux-gnu/libXdmcp.so.6.0.0
a55a7000-a55a8000 r--p 00004000 08:07 1447127    /usr/lib/i386-linux-gnu/libXdmcp.so.6.0.0
a55a8000-a55a9000 rw-p 00005000 08:07 1447127    /usr/lib/i386-linux-gnu/libXdmcp.so.6.0.0
a55a9000-a55c9000 r-xp 00000000 08:07 1448180    /usr/lib/i386-linux-gnu/libxcb.so.1.1.0
a55c9000-a55ca000 r--p 0001f000 08:07 1448180    /usr/lib/i386-linux-gnu/libxcb.so.1.1.0
a55ca000-a55cb000 rw-p 00020000 08:07 1448180    /usr/lib/i386-linux-gnu/libxcb.so.1.1.0
a55cb000-a55da000 r-xp 00000000 08:07 1447137    /usr/lib/i386-linux-gnu/libXi.so.6.1.0
a55da000-a55db000 r--p 0000e000 08:07 1447137    /usr/lib/i386-linux-gnu/libXi.so.6.1.0
a55db000-a55dc000 rw-p 0000f000 08:07 1447137    /usr/lib/i386-linux-gnu/libXi.so.6.1.0
a55dc000-a570c000 r-xp 00000000 08:07 1447112    /usr/lib/i386-linux-gnu/libX11.so.6.3.0
a570c000-a570d000 r--p 00130000 08:07 1447112    /usr/lib/i386-linux-gnu/libX11.so.6.3.0
a570d000-a570f000 rw-p 00131000 08:07 1447112    /usr/lib/i386-linux-gnu/libX11.so.6.3.0
a570f000-a5710000 rw-p 00000000 00:00 0 
a5710000-a5759000 r-xp 00000000 08:07 2229157    /usr/lib/jvm/jdk1.7.0_60/jre/lib/i386/xawt/libmawt.so
a5759000-a575b000 rw-p 00049000 08:07 2229157    /usr/lib/jvm/jdk1.7.0_60/jre/lib/i386/xawt/libmawt.so
a575b000-a575c000 rw-p 00000000 00:00 0 
a575c000-a57e2000 r-xp 00000000 08:07 1850779    /usr/lib/jvm/jdk1.7.0_60/jre/lib/i386/libawt.so
a57e2000-a57e9000 rw-p 00086000 08:07 1850779    /usr/lib/jvm/jdk1.7.0_60/jre/lib/i386/libawt.so
a57e9000-a580d000 rw-p 00000000 00:00 0 
a580d000-a5810000 ---p 00000000 00:00 0 
a5810000-a585e000 rw-p 00000000 00:00 0          [stack:25512]
a585e000-a5861000 ---p 00000000 00:00 0 
a5861000-a58af000 rw-p 00000000 00:00 0          [stack:25511]
a58af000-a58b2000 ---p 00000000 00:00 0 
a58b2000-a5900000 rw-p 00000000 00:00 0          [stack:25510]
a5900000-a59fe000 rw-p 00000000 00:00 0 
a59fe000-a5a00000 ---p 00000000 00:00 0 
a5a00000-a5a01000 r--s 00000000 08:07 1848603    /var/cache/fontconfig/dc05db6664285cc2f12bf69c139ae4c3-le32d4.cache-4
a5a01000-a5a03000 r-xp 00000000 08:07 1447116    /usr/lib/i386-linux-gnu/libXau.so.6.0.0
a5a03000-a5a04000 r--p 00001000 08:07 1447116    /usr/lib/i386-linux-gnu/libXau.so.6.0.0
a5a04000-a5a05000 rw-p 00002000 08:07 1447116    /usr/lib/i386-linux-gnu/libXau.so.6.0.0
a5a05000-a5a16000 r-xp 00000000 08:07 1447129    /usr/lib/i386-linux-gnu/libXext.so.6.4.0
a5a16000-a5a17000 r--p 00010000 08:07 1447129    /usr/lib/i386-linux-gnu/libXext.so.6.4.0
a5a17000-a5a18000 rw-p 00011000 08:07 1447129    /usr/lib/i386-linux-gnu/libXext.so.6.4.0
a5a18000-a5a1c000 r-xp 00000000 08:07 1447131    /usr/lib/i386-linux-gnu/libXfixes.so.3.1.0
a5a1c000-a5a1d000 r--p 00003000 08:07 1447131    /usr/lib/i386-linux-gnu/libXfixes.so.3.1.0
a5a1d000-a5a1e000 rw-p 00004000 08:07 1447131    /usr/lib/i386-linux-gnu/libXfixes.so.3.1.0
a5a1e000-a5a32000 r--p 00000000 08:07 2120117    /usr/share/locale-langpack/zh_CN/LC_MESSAGES/libc.mo
a5a32000-a5ac1000 r--s 00de4000 08:07 1718360    /usr/lib/jvm/jdk1.7.0_60/jre/lib/jfxrt.jar
a5ac1000-a5ad4000 r--s 001a6000 08:07 1718424    /usr/lib/jvm/jdk1.7.0_60/jre/lib/plugin.jar
a5ad4000-a5ad7000 ---p 00000000 00:00 0 
a5ad7000-a5b25000 rw-p 00000000 00:00 0          [stack:25509]
a5b25000-a5b26000 ---p 00000000 00:00 0 
a5b26000-a5ba6000 rw-p 00000000 00:00 0          [stack:25507]
a5ba6000-a5ba9000 ---p 00000000 00:00 0 
a5ba9000-a5bf7000 rw-p 00000000 00:00 0          [stack:25506]
a5bf7000-a5bfa000 ---p 00000000 00:00 0 
a5bfa000-a5c78000 rw-p 00000000 00:00 0          [stack:25505]
a5c78000-a5c7b000 ---p 00000000 00:00 0 
a5c7b000-a5cf9000 rw-p 00000000 00:00 0          [stack:25504]
a5cf9000-a5cfc000 ---p 00000000 00:00 0 
a5cfc000-a5d4a000 rw-p 00000000 00:00 0          [stack:25503]
a5d4a000-a5eaf000 r--p 001c8000 08:07 1450937    /usr/lib/locale/locale-archive
a5eaf000-a60af000 r--p 00000000 08:07 1450937    /usr/lib/locale/locale-archive
a60af000-a60b2000 ---p 00000000 00:00 0 
a60b2000-a6100000 rw-p 00000000 00:00 0          [stack:25502]
a6100000-a61ff000 rw-p 00000000 00:00 0 
a61ff000-a6200000 ---p 00000000 00:00 0 
a6200000-a62ff000 rw-p 00000000 00:00 0 
a62ff000-a6300000 ---p 00000000 00:00 0 
a6300000-a63ec000 rw-p 00000000 00:00 0 
a63ec000-a6400000 ---p 00000000 00:00 0 
a6400000-a6401000 ---p 00000000 00:00 0 
a6401000-a6481000 rw-p 00000000 00:00 0          [stack:25500]
a6481000-a6640000 r--s 039e2000 08:07 1718400    /usr/lib/jvm/jdk1.7.0_60/jre/lib/rt.jar
a6640000-a6d00000 rw-p 00000000 00:00 0 
a6d00000-a6e00000 rw-p 00000000 00:00 0 
a6e00000-a6e02000 r--s 00000000 08:07 1838067    /var/cache/fontconfig/767a8244fc0220cfb567a839d0392e0b-le32d4.cache-4
a6e02000-a6e03000 r--s 00000000 08:07 1848602    /var/cache/fontconfig/4794a0821666d79190d59a36cb4f44b5-le32d4.cache-4
a6e03000-a6e0c000 r-xp 00000000 08:07 1447151    /usr/lib/i386-linux-gnu/libXrender.so.1.3.0
a6e0c000-a6e0d000 r--p 00008000 08:07 1447151    /usr/lib/i386-linux-gnu/libXrender.so.1.3.0
a6e0d000-a6e0e000 rw-p 00009000 08:07 1447151    /usr/lib/i386-linux-gnu/libXrender.so.1.3.0
a6e0e000-a6e29000 r-xp 00000000 08:07 1850749    /usr/lib/jvm/jdk1.7.0_60/jre/lib/i386/libdeploy.so
a6e29000-a6e2a000 rw-p 0001b000 08:07 1850749    /usr/lib/jvm/jdk1.7.0_60/jre/lib/i386/libdeploy.so
a6e2a000-a6e2e000 rw-p 00000000 00:00 0 
a6e2e000-a6e31000 ---p 00000000 00:00 0 
a6e31000-a6e7f000 rw-p 00000000 00:00 0          [stack:25501]
a6e7f000-a6e80000 ---p 00000000 00:00 0 
a6e80000-a6f00000 rw-p 00000000 00:00 0          [stack:25499]
a6f00000-a7000000 rw-p 00000000 00:00 0 
a7000000-a702b000 rw-p 00000000 00:00 0 
a702b000-a7100000 ---p 00000000 00:00 0 
a7100000-a7101000 r--s 00000000 08:07 1848359    /var/cache/fontconfig/56cf4f4769d0f4abc89a4895d7bd3ae1-le32d4.cache-4
a7101000-a710c000 r--s 0037c000 08:07 1718402    /usr/lib/jvm/jdk1.7.0_60/jre/lib/charsets.jar
a710c000-a711a000 r-xp 00000000 08:07 1850778    /usr/lib/jvm/jdk1.7.0_60/jre/lib/i386/libnio.so
a711a000-a711b000 rw-p 0000e000 08:07 1850778    /usr/lib/jvm/jdk1.7.0_60/jre/lib/i386/libnio.so
a711b000-a7134000 r--s 0043f000 08:07 1718361    /usr/lib/jvm/jdk1.7.0_60/jre/lib/deploy.jar
a7134000-a717f000 rw-p 00000000 00:00 0 
a717f000-a7180000 ---p 00000000 00:00 0 
a7180000-a7200000 rw-p 00000000 00:00 0          [stack:25498]
a7200000-a7247000 rw-p 00000000 00:00 0 
a7247000-a7300000 ---p 00000000 00:00 0 
a7300000-a7301000 r--s 00000000 08:07 1842396    /var/cache/fontconfig/b9d506c9ac06c20b433354fa67a72993-le32d4.cache-4
a7301000-a7316000 r-xp 00000000 08:07 1850810    /usr/lib/jvm/jdk1.7.0_60/jre/lib/i386/libnet.so
a7316000-a7317000 rw-p 00014000 08:07 1850810    /usr/lib/jvm/jdk1.7.0_60/jre/lib/i386/libnet.so
a7317000-a7372000 rw-p 00000000 00:00 0 
a7372000-a7373000 ---p 00000000 00:00 0 
a7373000-a73f3000 rw-p 00000000 00:00 0          [stack:25497]
a73f3000-a73f4000 ---p 00000000 00:00 0 
a73f4000-a7489000 rw-p 00000000 00:00 0          [stack:25496]
a7489000-a749f000 rw-p 00000000 00:00 0 
a749f000-a74a8000 rw-p 00000000 00:00 0 
a74a8000-a74bf000 rw-p 00000000 00:00 0 
a74bf000-a74d4000 rw-p 00000000 00:00 0 
a74d4000-a74e9000 rw-p 00000000 00:00 0 
a74e9000-a74f0000 rw-p 00000000 00:00 0 
a74f0000-a74ff000 ---p 00000000 00:00 0 
a74ff000-a8700000 rw-p 00000000 00:00 0 
a8700000-ab500000 rw-p 00000000 00:00 0 
ab500000-ade00000 rw-p 00000000 00:00 0 
ade00000-b0a40000 rw-p 00000000 00:00 0 
b0a40000-b16c0000 rw-p 00000000 00:00 0 
b16c0000-b3500000 ---p 00000000 00:00 0 
b3500000-b3501000 r--s 00000000 08:07 1838084    /var/cache/fontconfig/0c9eb80ebd1c36541ebe2852d3bb0c49-le32d4.cache-4
b3501000-b3506000 r-xp 00000000 08:07 1447157    /usr/lib/i386-linux-gnu/libXtst.so.6.1.0
b3506000-b3507000 r--p 00004000 08:07 1447157    /usr/lib/i386-linux-gnu/libXtst.so.6.1.0
b3507000-b3508000 rw-p 00005000 08:07 1447157    /usr/lib/i386-linux-gnu/libXtst.so.6.1.0
b3508000-b3511000 rw-p 00000000 00:00 0 
b3511000-b3528000 rw-p 00000000 00:00 0 
b3528000-b3537000 rw-p 00000000 00:00 0 
b3537000-b35e8000 rw-p 00000000 00:00 0 
b35e8000-b3970000 rwxp 00000000 00:00 0 
b3970000-b65e8000 rw-p 00000000 00:00 0 
b65e8000-b65ff000 r-xp 00000000 08:07 1850811    /usr/lib/jvm/jdk1.7.0_60/jre/lib/i386/libzip.so
b65ff000-b6600000 rw-p 00017000 08:07 1850811    /usr/lib/jvm/jdk1.7.0_60/jre/lib/i386/libzip.so
b6600000-b66f6000 rw-p 00000000 00:00 0 
b66f6000-b6700000 ---p 00000000 00:00 0 
b6700000-b6703000 r--s 00000000 08:07 1838083    /var/cache/fontconfig/7ef2298fde41cc6eeb7af42e48b7d293-le32d4.cache-4
b6703000-b670e000 r-xp 00000000 08:07 656423     /lib/i386-linux-gnu/libnss_files-2.19.so
b670e000-b670f000 r--p 0000a000 08:07 656423     /lib/i386-linux-gnu/libnss_files-2.19.so
b670f000-b6710000 rw-p 0000b000 08:07 656423     /lib/i386-linux-gnu/libnss_files-2.19.so
b6710000-b671a000 r-xp 00000000 08:07 656433     /lib/i386-linux-gnu/libnss_nis-2.19.so
b671a000-b671b000 r--p 00009000 08:07 656433     /lib/i386-linux-gnu/libnss_nis-2.19.so
b671b000-b671c000 rw-p 0000a000 08:07 656433     /lib/i386-linux-gnu/libnss_nis-2.19.so
b671c000-b6731000 r-xp 00000000 08:07 656417     /lib/i386-linux-gnu/libnsl-2.19.so
b6731000-b6732000 r--p 00015000 08:07 656417     /lib/i386-linux-gnu/libnsl-2.19.so
b6732000-b6733000 rw-p 00016000 08:07 656417     /lib/i386-linux-gnu/libnsl-2.19.so
b6733000-b6735000 rw-p 00000000 00:00 0 
b6735000-b6736000 r--s 00000000 08:07 1840204    /var/cache/fontconfig/e0aa53bcfa504e64f87823c16bc01eb6-le32d4.cache-4
b6736000-b6737000 r--s 00000000 08:08 2891704    /home/lquartz/.cache/fontconfig/7dbd25aa6fe18f96e091220791eb3dac-le32d4.cache-4
b6737000-b6738000 r--s 00000000 00:15 1143610    /run/user/1000/dconf/user (deleted)
b6738000-b6742000 r--s 000d3000 08:07 1718425    /usr/lib/jvm/jdk1.7.0_60/jre/lib/javaws.jar
b6742000-b6747000 rw-p 00000000 00:00 0 
b6747000-b674f000 rw-s 00000000 08:07 1059705    /tmp/hsperfdata_lquartz/25493
b674f000-b6772000 r-xp 00000000 08:07 1850775    /usr/lib/jvm/jdk1.7.0_60/jre/lib/i386/libjava.so
b6772000-b6773000 rw-p 00023000 08:07 1850775    /usr/lib/jvm/jdk1.7.0_60/jre/lib/i386/libjava.so
b6773000-b677a000 r-xp 00000000 08:07 656476     /lib/i386-linux-gnu/librt-2.19.so
b677a000-b677b000 r--p 00006000 08:07 656476     /lib/i386-linux-gnu/librt-2.19.so
b677b000-b677c000 rw-p 00007000 08:07 656476     /lib/i386-linux-gnu/librt-2.19.so
b677c000-b677f000 ---p 00000000 00:00 0 
b677f000-b67cd000 rw-p 00000000 00:00 0          [stack:25495]
b67cd000-b6811000 r-xp 00000000 08:07 656398     /lib/i386-linux-gnu/libm-2.19.so
b6811000-b6812000 r--p 00043000 08:07 656398     /lib/i386-linux-gnu/libm-2.19.so
b6812000-b6813000 rw-p 00044000 08:07 656398     /lib/i386-linux-gnu/libm-2.19.so
b6813000-b7095000 r-xp 00000000 08:07 1980957    /usr/lib/jvm/jdk1.7.0_60/jre/lib/i386/server/libjvm.so
b7095000-b70f9000 rw-p 00882000 08:07 1980957    /usr/lib/jvm/jdk1.7.0_60/jre/lib/i386/server/libjvm.so
b70f9000-b751d000 rw-p 00000000 00:00 0 
b751d000-b76c6000 r-xp 00000000 08:07 656348     /lib/i386-linux-gnu/libc-2.19.so
b76c6000-b76c8000 r--p 001a9000 08:07 656348     /lib/i386-linux-gnu/libc-2.19.so
b76c8000-b76c9000 rw-p 001ab000 08:07 656348     /lib/i386-linux-gnu/libc-2.19.so
b76c9000-b76cc000 rw-p 00000000 00:00 0 
b76cc000-b76cf000 r-xp 00000000 08:07 656365     /lib/i386-linux-gnu/libdl-2.19.so
b76cf000-b76d0000 r--p 00002000 08:07 656365     /lib/i386-linux-gnu/libdl-2.19.so
b76d0000-b76d1000 rw-p 00003000 08:07 656365     /lib/i386-linux-gnu/libdl-2.19.so
b76d1000-b76d2000 rw-p 00000000 00:00 0 
b76d2000-b76e5000 r-xp 00000000 08:07 2230925    /usr/lib/jvm/jdk1.7.0_60/jre/lib/i386/jli/libjli.so
b76e5000-b76e6000 rw-p 00012000 08:07 2230925    /usr/lib/jvm/jdk1.7.0_60/jre/lib/i386/jli/libjli.so
b76e6000-b76fe000 r-xp 00000000 08:07 656468     /lib/i386-linux-gnu/libpthread-2.19.so
b76fe000-b76ff000 r--p 00017000 08:07 656468     /lib/i386-linux-gnu/libpthread-2.19.so
b76ff000-b7700000 rw-p 00018000 08:07 656468     /lib/i386-linux-gnu/libpthread-2.19.so
b7700000-b7702000 rw-p 00000000 00:00 0 
b7702000-b7703000 r-xp 00000000 08:07 1447634    /usr/lib/i386-linux-gnu/libgthread-2.0.so.0.4000.0
b7703000-b7704000 r--p 00000000 08:07 1447634    /usr/lib/i386-linux-gnu/libgthread-2.0.so.0.4000.0
b7704000-b7705000 rw-p 00001000 08:07 1447634    /usr/lib/i386-linux-gnu/libgthread-2.0.so.0.4000.0
b7705000-b770c000 r-xp 00000000 08:07 656419     /lib/i386-linux-gnu/libnss_compat-2.19.so
b770c000-b770d000 r--p 00006000 08:07 656419     /lib/i386-linux-gnu/libnss_compat-2.19.so
b770d000-b770e000 rw-p 00007000 08:07 656419     /lib/i386-linux-gnu/libnss_compat-2.19.so
b770e000-b770f000 rw-p 00000000 00:00 0 
b770f000-b7710000 r--p 00000000 00:00 0 
b7710000-b771b000 r-xp 00000000 08:07 1850804    /usr/lib/jvm/jdk1.7.0_60/jre/lib/i386/libverify.so
b771b000-b771c000 rw-p 0000b000 08:07 1850804    /usr/lib/jvm/jdk1.7.0_60/jre/lib/i386/libverify.so
b771c000-b771e000 rw-p 00000000 00:00 0 
b771e000-b771f000 r-xp 00000000 00:00 0          [vdso]
b771f000-b773f000 r-xp 00000000 08:07 656324     /lib/i386-linux-gnu/ld-2.19.so
b773f000-b7740000 r--p 0001f000 08:07 656324     /lib/i386-linux-gnu/ld-2.19.so
b7740000-b7741000 rw-p 00020000 08:07 656324     /lib/i386-linux-gnu/ld-2.19.so
bfdc4000-bfdc5000 rwxp 00000000 00:00 0 
bfdf6000-bfe18000 rw-p 00000000 00:00 0          [stack]

VM Arguments:
jvm_args: -Djava.security.policy=file:/usr/lib/jvm/jdk1.7.0_60/jre/lib/security/javaws.policy -DtrustProxy=true -Xverify:remote -Djnlpx.home=/usr/lib/jvm/jdk1.7.0_60/jre/bin -Djnlpx.origFilenameArg=ContestAppletProd.jnlp -Djnlpx.remove=true -Dsun.awt.warmup=true -Xbootclasspath/a:/usr/lib/jvm/jdk1.7.0_60/jre/lib/javaws.jar:/usr/lib/jvm/jdk1.7.0_60/jre/lib/deploy.jar:/usr/lib/jvm/jdk1.7.0_60/jre/lib/plugin.jar -Xmx128m -Djnlpx.heapsize=NULL,128m -Djnlpx.splashport=36658 -Djnlpx.jvm=/usr/lib/jvm/jdk1.7.0_60/jre/bin/java 
java_command: com.sun.javaws.Main /tmp/javawdaBqfu
Launcher Type: SUN_STANDARD

Environment Variables:
JAVA_HOME=/usr/lib/jvm/jdk1.7.0_60
JRE_HOME=/usr/lib/jvm/jdk1.7.0_60/jre
CLASSPATH=.:/usr/lib/jvm/jdk1.7.0_60/lib:/usr/lib/jvm/jdk1.7.0_60/jre/lib
PATH=/usr/lib/jvm/jdk1.7.0_60/bin:/usr/lib/jvm/jdk1.7.0_60/bin:/usr/local/sbin:/usr/local/bin:/usr/sbin:/usr/bin:/sbin:/bin:/usr/games:/usr/local/games
SHELL=/bin/bash
DISPLAY=:0

Signal Handlers:
SIGSEGV: [libjvm.so+0x7e7300], sa_mask[0]=0x7ffbfeff, sa_flags=0x10000004
SIGBUS: [libjvm.so+0x7e7300], sa_mask[0]=0x7ffbfeff, sa_flags=0x10000004
SIGFPE: [libjvm.so+0x6816f0], sa_mask[0]=0x7ffbfeff, sa_flags=0x10000004
SIGPIPE: SIG_IGN, sa_mask[0]=0x00001000, sa_flags=0x10000000
SIGXFSZ: [libjvm.so+0x6816f0], sa_mask[0]=0x7ffbfeff, sa_flags=0x10000004
SIGILL: [libjvm.so+0x6816f0], sa_mask[0]=0x7ffbfeff, sa_flags=0x10000004
SIGUSR1: SIG_DFL, sa_mask[0]=0x00000000, sa_flags=0x00000000
SIGUSR2: [libjvm.so+0x682ef0], sa_mask[0]=0x00000000, sa_flags=0x10000004
SIGHUP: [libjvm.so+0x6841f0], sa_mask[0]=0x7ffbfeff, sa_flags=0x10000004
SIGINT: [libjvm.so+0x6841f0], sa_mask[0]=0x7ffbfeff, sa_flags=0x10000004
SIGTERM: [libjvm.so+0x6841f0], sa_mask[0]=0x7ffbfeff, sa_flags=0x10000004
SIGQUIT: [libjvm.so+0x6841f0], sa_mask[0]=0x7ffbfeff, sa_flags=0x10000004


---------------  S Y S T E M  ---------------

OS:jessie/sid

uname:Linux 3.13.0-29-generic #53-Ubuntu SMP Wed Jun 4 21:02:19 UTC 2014 i686
libc:glibc 2.19 NPTL 2.19 
rlimit: STACK 8192k, CORE 0k, NPROC 31315, NOFILE 4096, AS infinity
load average:2.20 1.52 1.31

/proc/meminfo:
MemTotal:        4027540 kB
MemFree:         1957484 kB
Buffers:           44936 kB
Cached:          1223416 kB
SwapCached:           20 kB
Active:          1042996 kB
Inactive:         842604 kB
Active(anon):     519360 kB
Inactive(anon):   265940 kB
Active(file):     523636 kB
Inactive(file):   576664 kB
Unevictable:          48 kB
Mlocked:              48 kB
HighTotal:       3177944 kB
HighFree:        1544256 kB
LowTotal:         849596 kB
LowFree:          413228 kB
SwapTotal:       1950716 kB
SwapFree:        1950488 kB
Dirty:              2028 kB
Writeback:             0 kB
AnonPages:        617416 kB
Mapped:           181628 kB
Shmem:            167512 kB
Slab:             129596 kB
SReclaimable:     101052 kB
SUnreclaim:        28544 kB
KernelStack:        4680 kB
PageTables:         9940 kB
NFS_Unstable:          0 kB
Bounce:              120 kB
WritebackTmp:          0 kB
CommitLimit:     3964484 kB
Committed_AS:    3691232 kB
VmallocTotal:     122880 kB
VmallocUsed:       24320 kB
VmallocChunk:      93116 kB
HardwareCorrupted:     0 kB
AnonHugePages:    399360 kB
HugePages_Total:       0
HugePages_Free:        0
HugePages_Rsvd:        0
HugePages_Surp:        0
Hugepagesize:       2048 kB
DirectMap4k:       45048 kB
DirectMap2M:      866304 kB


CPU:total 4 (2 cores per cpu, 2 threads per core) family 6 model 42 stepping 7, cmov, cx8, fxsr, mmx, sse, sse2, sse3, ssse3, sse4.1, sse4.2, popcnt, avx, ht, tsc, tscinvbit

/proc/cpuinfo:
processor	: 0
vendor_id	: GenuineIntel
cpu family	: 6
model		: 42
model name	: Intel(R) Core(TM) i3-2120 CPU @ 3.30GHz
stepping	: 7
microcode	: 0x25
cpu MHz		: 3300.000
cache size	: 3072 KB
physical id	: 0
siblings	: 4
core id		: 0
cpu cores	: 2
apicid		: 0
initial apicid	: 0
fdiv_bug	: no
f00f_bug	: no
coma_bug	: no
fpu		: yes
fpu_exception	: yes
cpuid level	: 13
wp		: yes
flags		: fpu vme de pse tsc msr pae mce cx8 apic sep mtrr pge mca cmov pat pse36 clflush dts acpi mmx fxsr sse sse2 ss ht tm pbe nx rdtscp lm constant_tsc arch_perfmon pebs bts xtopology nonstop_tsc aperfmperf eagerfpu pni pclmulqdq dtes64 monitor ds_cpl vmx est tm2 ssse3 cx16 xtpr pdcm pcid sse4_1 sse4_2 popcnt tsc_deadline_timer xsave avx lahf_lm arat epb xsaveopt pln pts dtherm tpr_shadow vnmi flexpriority ept vpid
bogomips	: 6584.78
clflush size	: 64
cache_alignment	: 64
address sizes	: 36 bits physical, 48 bits virtual
power management:

processor	: 1
vendor_id	: GenuineIntel
cpu family	: 6
model		: 42
model name	: Intel(R) Core(TM) i3-2120 CPU @ 3.30GHz
stepping	: 7
microcode	: 0x25
cpu MHz		: 1600.000
cache size	: 3072 KB
physical id	: 0
siblings	: 4
core id		: 1
cpu cores	: 2
apicid		: 2
initial apicid	: 2
fdiv_bug	: no
f00f_bug	: no
coma_bug	: no
fpu		: yes
fpu_exception	: yes
cpuid level	: 13
wp		: yes
flags		: fpu vme de pse tsc msr pae mce cx8 apic sep mtrr pge mca cmov pat pse36 clflush dts acpi mmx fxsr sse sse2 ss ht tm pbe nx rdtscp lm constant_tsc arch_perfmon pebs bts xtopology nonstop_tsc aperfmperf eagerfpu pni pclmulqdq dtes64 monitor ds_cpl vmx est tm2 ssse3 cx16 xtpr pdcm pcid sse4_1 sse4_2 popcnt tsc_deadline_timer xsave avx lahf_lm arat epb xsaveopt pln pts dtherm tpr_shadow vnmi flexpriority ept vpid
bogomips	: 6584.78
clflush size	: 64
cache_alignment	: 64
address sizes	: 36 bits physical, 48 bits virtual
power management:

processor	: 2
vendor_id	: GenuineIntel
cpu family	: 6
model		: 42
model name	: Intel(R) Core(TM) i3-2120 CPU @ 3.30GHz
stepping	: 7
microcode	: 0x25
cpu MHz		: 3300.000
cache size	: 3072 KB
physical id	: 0
siblings	: 4
core id		: 0
cpu cores	: 2
apicid		: 1
initial apicid	: 1
fdiv_bug	: no
f00f_bug	: no
coma_bug	: no
fpu		: yes
fpu_exception	: yes
cpuid level	: 13
wp		: yes
flags		: fpu vme de pse tsc msr pae mce cx8 apic sep mtrr pge mca cmov pat pse36 clflush dts acpi mmx fxsr sse sse2 ss ht tm pbe nx rdtscp lm constant_tsc arch_perfmon pebs bts xtopology nonstop_tsc aperfmperf eagerfpu pni pclmulqdq dtes64 monitor ds_cpl vmx est tm2 ssse3 cx16 xtpr pdcm pcid sse4_1 sse4_2 popcnt tsc_deadline_timer xsave avx lahf_lm arat epb xsaveopt pln pts dtherm tpr_shadow vnmi flexpriority ept vpid
bogomips	: 6584.78
clflush size	: 64
cache_alignment	: 64
address sizes	: 36 bits physical, 48 bits virtual
power management:

processor	: 3
vendor_id	: GenuineIntel
cpu family	: 6
model		: 42
model name	: Intel(R) Core(TM) i3-2120 CPU @ 3.30GHz
stepping	: 7
microcode	: 0x25
cpu MHz		: 3300.000
cache size	: 3072 KB
physical id	: 0
siblings	: 4
core id		: 1
cpu cores	: 2
apicid		: 3
initial apicid	: 3
fdiv_bug	: no
f00f_bug	: no
coma_bug	: no
fpu		: yes
fpu_exception	: yes
cpuid level	: 13
wp		: yes
flags		: fpu vme de pse tsc msr pae mce cx8 apic sep mtrr pge mca cmov pat pse36 clflush dts acpi mmx fxsr sse sse2 ss ht tm pbe nx rdtscp lm constant_tsc arch_perfmon pebs bts xtopology nonstop_tsc aperfmperf eagerfpu pni pclmulqdq dtes64 monitor ds_cpl vmx est tm2 ssse3 cx16 xtpr pdcm pcid sse4_1 sse4_2 popcnt tsc_deadline_timer xsave avx lahf_lm arat epb xsaveopt pln pts dtherm tpr_shadow vnmi flexpriority ept vpid
bogomips	: 6584.78
clflush size	: 64
cache_alignment	: 64
address sizes	: 36 bits physical, 48 bits virtual
power management:



Memory: 4k page, physical 4027540k(1957484k free), swap 1950716k(1950488k free)

vm_info: Java HotSpot(TM) Server VM (24.60-b09) for linux-x86 JRE (1.7.0_60-b19), built on May  7 2014 13:42:18 by "java_re" with gcc 4.3.0 20080428 (Red Hat 4.3.0-8)

time: Sat Jul  5 21:57:37 2014
elapsed time: 3114 seconds

